<?xml version="1.0" encoding="UTF-8"?>
<coverage generated="1777729832831" clover="3.2.0">
  <project timestamp="1777729832831" name="All files">
    <metrics statements="1733" coveredstatements="1249" conditionals="1006" coveredconditionals="544" methods="645" coveredmethods="539" elements="3384" coveredelements="2332" complexity="0" loc="1733" ncloc="1733" packages="11" files="55" classes="55"/>
    <package name="lib">
      <metrics statements="397" coveredstatements="270" conditionals="180" coveredconditionals="108" methods="120" coveredmethods="89"/>
      <file name="analysis.svelte.ts" path="/Users/jonathangadeaharder/Documents/projects/games/Chess/web/src/lib/analysis.svelte.ts">
        <metrics statements="100" coveredstatements="96" conditionals="54" coveredconditionals="41" methods="29" coveredmethods="29"/>
        <line num="37" count="16" type="stmt"/>
        <line num="41" count="8" type="stmt"/>
        <line num="45" count="25" type="stmt"/>
        <line num="46" count="25" type="cond" truecount="2" falsecount="0"/>
        <line num="48" count="25" type="stmt"/>
        <line num="49" count="25" type="stmt"/>
        <line num="50" count="25" type="stmt"/>
        <line num="51" count="25" type="stmt"/>
        <line num="53" count="25" type="stmt"/>
        <line num="54" count="2" type="cond" truecount="2" falsecount="0"/>
        <line num="55" count="1" type="stmt"/>
        <line num="62" count="25" type="stmt"/>
        <line num="63" count="2" type="cond" truecount="2" falsecount="0"/>
        <line num="64" count="1" type="stmt"/>
        <line num="65" count="1" type="stmt"/>
        <line num="68" count="25" type="stmt"/>
        <line num="69" count="2" type="cond" truecount="2" falsecount="0"/>
        <line num="70" count="1" type="stmt"/>
        <line num="71" count="1" type="stmt"/>
        <line num="74" count="25" type="stmt"/>
        <line num="75" count="2" type="cond" truecount="2" falsecount="0"/>
        <line num="76" count="1" type="stmt"/>
        <line num="80" count="25" type="stmt"/>
        <line num="81" count="2" type="cond" truecount="2" falsecount="0"/>
        <line num="82" count="1" type="stmt"/>
        <line num="89" count="1" type="cond" truecount="2" falsecount="2"/>
        <line num="95" count="25" type="stmt"/>
        <line num="96" count="5" type="stmt"/>
        <line num="97" count="5" type="cond" truecount="2" falsecount="0"/>
        <line num="98" count="5" type="cond" truecount="2" falsecount="0"/>
        <line num="99" count="3" type="stmt"/>
        <line num="101" count="5" type="stmt"/>
        <line num="105" count="9" type="cond" truecount="4" falsecount="0"/>
        <line num="106" count="7" type="stmt"/>
        <line num="111" count="2" type="cond" truecount="2" falsecount="0"/>
        <line num="112" count="1" type="stmt"/>
        <line num="117" count="2" type="cond" truecount="2" falsecount="0"/>
        <line num="118" count="1" type="stmt"/>
        <line num="123" count="0" type="cond" truecount="1" falsecount="1"/>
        <line num="124" count="10" type="stmt"/>
        <line num="125" count="10" type="stmt"/>
        <line num="126" count="10" type="stmt"/>
        <line num="127" count="10" type="stmt"/>
        <line num="129" count="10" type="cond" truecount="2" falsecount="0"/>
        <line num="130" count="1" type="stmt"/>
        <line num="131" count="1" type="stmt"/>
        <line num="135" count="9" type="stmt"/>
        <line num="137" count="9" type="stmt"/>
        <line num="138" count="9" type="stmt"/>
        <line num="139" count="9" type="cond" truecount="1" falsecount="1"/>
        <line num="140" count="9" type="stmt"/>
        <line num="142" count="0" type="stmt"/>
        <line num="145" count="9" type="stmt"/>
        <line num="148" count="9" type="stmt"/>
        <line num="149" count="9" type="stmt"/>
        <line num="150" count="9" type="stmt"/>
        <line num="152" count="9" type="stmt"/>
        <line num="153" count="30" type="stmt"/>
        <line num="154" count="30" type="stmt"/>
        <line num="155" count="30" type="stmt"/>
        <line num="156" count="30" type="stmt"/>
        <line num="158" count="30" type="stmt"/>
        <line num="160" count="30" type="cond" truecount="1" falsecount="1"/>
        <line num="161" count="0" type="cond" truecount="0" falsecount="2"/>
        <line num="163" count="30" type="stmt"/>
        <line num="165" count="30" type="cond" truecount="2" falsecount="0"/>
        <line num="166" count="30" type="stmt"/>
        <line num="167" count="30" type="stmt"/>
        <line num="168" count="30" type="stmt"/>
        <line num="170" count="30" type="stmt"/>
        <line num="181" count="30" type="stmt"/>
        <line num="182" count="30" type="stmt"/>
        <line num="185" count="9" type="stmt"/>
        <line num="186" count="9" type="cond" truecount="1" falsecount="1"/>
        <line num="187" count="10" type="stmt"/>
        <line num="188" count="10" type="stmt"/>
        <line num="193" count="4" type="stmt"/>
        <line num="196" count="4" type="stmt"/>
        <line num="199" count="6" type="stmt"/>
        <line num="202" count="7" type="stmt"/>
        <line num="205" count="5" type="stmt"/>
        <line num="208" count="5" type="stmt"/>
        <line num="211" count="5" type="stmt"/>
        <line num="214" count="5" type="stmt"/>
        <line num="217" count="10" type="stmt"/>
        <line num="220" count="1" type="stmt"/>
        <line num="223" count="8" type="stmt"/>
        <line num="241" count="5" type="stmt"/>
        <line num="246" count="5" type="stmt"/>
        <line num="247" count="20" type="stmt"/>
        <line num="248" count="20" type="stmt"/>
        <line num="249" count="20" type="cond" truecount="2" falsecount="0"/>
        <line num="251" count="20" type="stmt"/>
        <line num="252" count="20" type="stmt"/>
        <line num="253" count="20" type="cond" truecount="2" falsecount="2"/>
        <line num="254" count="20" type="cond" truecount="1" falsecount="1"/>
        <line num="255" count="0" type="stmt"/>
        <line num="258" count="5" type="stmt"/>
        <line num="262" count="30" type="stmt"/>
        <line num="272" count="30" type="stmt"/>
      </file>
      <file name="board.svelte.ts" path="/Users/jonathangadeaharder/Documents/projects/games/Chess/web/src/lib/board.svelte.ts">
        <metrics statements="43" coveredstatements="43" conditionals="13" coveredconditionals="13" methods="21" coveredmethods="21"/>
        <line num="26" count="5" type="stmt"/>
        <line num="37" count="5" type="stmt"/>
        <line num="49" count="96" type="stmt"/>
        <line num="50" count="96" type="stmt"/>
        <line num="51" count="96" type="stmt"/>
        <line num="53" count="96" type="stmt"/>
        <line num="54" count="768" type="stmt"/>
        <line num="55" count="768" type="stmt"/>
        <line num="56" count="3335" type="cond" truecount="2" falsecount="0"/>
        <line num="57" count="2836" type="stmt"/>
        <line num="58" count="2836" type="stmt"/>
        <line num="59" count="2836" type="stmt"/>
        <line num="60" count="2836" type="stmt"/>
        <line num="62" count="499" type="stmt"/>
        <line num="67" count="96" type="stmt"/>
        <line num="79" count="11" type="stmt"/>
        <line num="80" count="11" type="stmt"/>
        <line num="82" count="11" type="cond" truecount="2" falsecount="0"/>
        <line num="83" count="2" type="stmt"/>
        <line num="84" count="2" type="stmt"/>
        <line num="85" count="2" type="stmt"/>
        <line num="87" count="9" type="stmt"/>
        <line num="88" count="9" type="stmt"/>
        <line num="89" count="9" type="stmt"/>
        <line num="101" count="21" type="stmt"/>
        <line num="102" count="21" type="stmt"/>
        <line num="104" count="21" type="cond" truecount="2" falsecount="0"/>
        <line num="106" count="2" type="stmt"/>
        <line num="111" count="19" type="stmt"/>
        <line num="121" count="14" type="stmt"/>
        <line num="135" count="14" type="cond" truecount="2" falsecount="0"/>
        <line num="147" count="12" type="stmt"/>
        <line num="158" count="12" type="stmt"/>
        <line num="165" count="3" type="stmt"/>
        <line num="172" count="1" type="stmt"/>
        <line num="179" count="2" type="stmt"/>
        <line num="186" count="2" type="stmt"/>
        <line num="193" count="1" type="stmt"/>
        <line num="200" count="2" type="stmt"/>
        <line num="207" count="2" type="stmt"/>
        <line num="217" count="7" type="stmt"/>
        <line num="224" count="1" type="stmt"/>
        <line num="231" count="1" type="stmt"/>
      </file>
      <file name="brand.ts" path="/Users/jonathangadeaharder/Documents/projects/games/Chess/web/src/lib/brand.ts">
        <metrics statements="1" coveredstatements="1" conditionals="0" coveredconditionals="0" methods="0" coveredmethods="0"/>
        <line num="1" count="22" type="stmt"/>
      </file>
      <file name="game.svelte.ts" path="/Users/jonathangadeaharder/Documents/projects/games/Chess/web/src/lib/game.svelte.ts">
        <metrics statements="107" coveredstatements="100" conditionals="31" coveredconditionals="28" methods="38" coveredmethods="34"/>
        <line num="36" count="4" type="stmt"/>
        <line num="39" count="110" type="stmt"/>
        <line num="40" count="110" type="stmt"/>
        <line num="41" count="110" type="stmt"/>
        <line num="42" count="110" type="stmt"/>
        <line num="43" count="110" type="stmt"/>
        <line num="44" count="110" type="stmt"/>
        <line num="46" count="110" type="stmt"/>
        <line num="47" count="72" type="stmt"/>
        <line num="48" count="72" type="stmt"/>
        <line num="51" count="110" type="stmt"/>
        <line num="52" count="41" type="stmt"/>
        <line num="53" count="41" type="stmt"/>
        <line num="56" count="110" type="stmt"/>
        <line num="57" count="3" type="stmt"/>
        <line num="58" count="3" type="stmt"/>
        <line num="61" count="110" type="stmt"/>
        <line num="62" count="72" type="stmt"/>
        <line num="63" count="72" type="stmt"/>
        <line num="73" count="110" type="stmt"/>
        <line num="74" count="30" type="stmt"/>
        <line num="75" count="30" type="stmt"/>
        <line num="78" count="110" type="stmt"/>
        <line num="79" count="65" type="stmt"/>
        <line num="80" count="65" type="stmt"/>
        <line num="83" count="110" type="stmt"/>
        <line num="84" count="2" type="stmt"/>
        <line num="85" count="2" type="stmt"/>
        <line num="88" count="110" type="stmt"/>
        <line num="89" count="2" type="stmt"/>
        <line num="90" count="2" type="stmt"/>
        <line num="93" count="110" type="stmt"/>
        <line num="94" count="4" type="stmt"/>
        <line num="95" count="4" type="cond" truecount="2" falsecount="0"/>
        <line num="96" count="2" type="cond" truecount="2" falsecount="0"/>
        <line num="97" count="1" type="cond" truecount="1" falsecount="1"/>
        <line num="99" count="1" type="stmt"/>
        <line num="103" count="20" type="stmt"/>
        <line num="104" count="20" type="stmt"/>
        <line num="105" count="0" type="cond" truecount="1" falsecount="1"/>
        <line num="106" count="18" type="stmt"/>
        <line num="107" count="18" type="stmt"/>
        <line num="108" count="18" type="stmt"/>
        <line num="109" count="18" type="stmt"/>
        <line num="110" count="18" type="stmt"/>
        <line num="112" count="2" type="stmt"/>
        <line num="117" count="20" type="cond" truecount="2" falsecount="0"/>
        <line num="118" count="16" type="stmt"/>
        <line num="119" count="16" type="cond" truecount="4" falsecount="0"/>
        <line num="120" count="14" type="stmt"/>
        <line num="121" count="32" type="stmt"/>
        <line num="123" count="4" type="cond" truecount="2" falsecount="0"/>
        <line num="124" count="1" type="stmt"/>
        <line num="125" count="1" type="stmt"/>
        <line num="126" count="3" type="cond" truecount="2" falsecount="0"/>
        <line num="127" count="2" type="stmt"/>
        <line num="129" count="1" type="stmt"/>
        <line num="130" count="1" type="cond" truecount="3" falsecount="1"/>
        <line num="131" count="1" type="stmt"/>
        <line num="132" count="2" type="stmt"/>
        <line num="134" count="0" type="stmt"/>
        <line num="135" count="0" type="stmt"/>
        <line num="141" count="2" type="stmt"/>
        <line num="142" count="2" type="stmt"/>
        <line num="143" count="2" type="stmt"/>
        <line num="144" count="2" type="stmt"/>
        <line num="145" count="2" type="stmt"/>
        <line num="149" count="3" type="stmt"/>
        <line num="150" count="3" type="stmt"/>
        <line num="151" count="3" type="stmt"/>
        <line num="152" count="3" type="stmt"/>
        <line num="153" count="3" type="stmt"/>
        <line num="157" count="4" type="stmt"/>
        <line num="158" count="4" type="cond" truecount="2" falsecount="0"/>
        <line num="159" count="3" type="stmt"/>
        <line num="160" count="3" type="stmt"/>
        <line num="165" count="4" type="cond" truecount="2" falsecount="0"/>
        <line num="166" count="3" type="stmt"/>
        <line num="168" count="1" type="stmt"/>
        <line num="172" count="5" type="stmt"/>
        <line num="176" count="3" type="stmt"/>
        <line num="177" count="3" type="stmt"/>
        <line num="178" count="3" type="stmt"/>
        <line num="179" count="3" type="stmt"/>
        <line num="180" count="24" type="stmt"/>
        <line num="181" count="192" type="stmt"/>
        <line num="182" count="192" type="stmt"/>
        <line num="183" count="192" type="cond" truecount="2" falsecount="0"/>
        <line num="184" count="96" type="cond" truecount="2" falsecount="0"/>
        <line num="188" count="3" type="stmt"/>
        <line num="193" count="74" type="stmt"/>
        <line num="196" count="84" type="stmt"/>
        <line num="199" count="3" type="stmt"/>
        <line num="202" count="168" type="stmt"/>
        <line num="205" count="74" type="stmt"/>
        <line num="208" count="0" type="stmt"/>
        <line num="211" count="73" type="stmt"/>
        <line num="214" count="0" type="stmt"/>
        <line num="217" count="3" type="stmt"/>
        <line num="220" count="0" type="stmt"/>
        <line num="223" count="6" type="stmt"/>
        <line num="226" count="0" type="stmt"/>
        <line num="229" count="143" type="stmt"/>
        <line num="232" count="63" type="stmt"/>
        <line num="235" count="2" type="stmt"/>
        <line num="238" count="2" type="stmt"/>
        <line num="241" count="4" type="stmt"/>
      </file>
      <file name="positions.ts" path="/Users/jonathangadeaharder/Documents/projects/games/Chess/web/src/lib/positions.ts">
        <metrics statements="2" coveredstatements="2" conditionals="0" coveredconditionals="0" methods="0" coveredmethods="0"/>
        <line num="6" count="1" type="stmt"/>
        <line num="39" count="1" type="stmt"/>
      </file>
      <file name="stockfish.svelte.ts" path="/Users/jonathangadeaharder/Documents/projects/games/Chess/web/src/lib/stockfish.svelte.ts">
        <metrics statements="144" coveredstatements="28" conditionals="82" coveredconditionals="26" methods="32" coveredmethods="5"/>
        <line num="81" count="2" type="stmt"/>
        <line num="82" count="2" type="stmt"/>
        <line num="83" count="2" type="stmt"/>
        <line num="84" count="2" type="cond" truecount="4" falsecount="0"/>
        <line num="86" count="2" type="stmt"/>
        <line num="90" count="4" type="cond" truecount="2" falsecount="0"/>
        <line num="92" count="2" type="stmt"/>
        <line num="93" count="2" type="stmt"/>
        <line num="94" count="2" type="stmt"/>
        <line num="95" count="2" type="stmt"/>
        <line num="97" count="0" type="cond" truecount="1" falsecount="1"/>
        <line num="99" count="2" type="stmt"/>
        <line num="100" count="2" type="cond" truecount="2" falsecount="0"/>
        <line num="101" count="4" type="cond" truecount="2" falsecount="0"/>
        <line num="102" count="4" type="cond" truecount="1" falsecount="1"/>
        <line num="104" count="4" type="stmt"/>
        <line num="110" count="17" type="cond" truecount="2" falsecount="0"/>
        <line num="111" count="15" type="cond" truecount="2" falsecount="0"/>
        <line num="112" count="13" type="cond" truecount="2" falsecount="0"/>
        <line num="113" count="10" type="cond" truecount="2" falsecount="0"/>
        <line num="114" count="8" type="cond" truecount="2" falsecount="0"/>
        <line num="115" count="5" type="cond" truecount="2" falsecount="0"/>
        <line num="116" count="3" type="stmt"/>
        <line num="120" count="10" type="cond" truecount="2" falsecount="0"/>
        <line num="121" count="8" type="stmt"/>
        <line num="122" count="8" type="stmt"/>
        <line num="123" count="8" type="stmt"/>
        <line num="127" count="8" type="stmt"/>
        <line num="135" count="8" type="stmt"/>
        <line num="139" count="0" type="stmt"/>
        <line num="143" count="0" type="stmt"/>
        <line num="153" count="0" type="stmt"/>
        <line num="157" count="0" type="stmt"/>
        <line num="158" count="0" type="stmt"/>
        <line num="159" count="0" type="stmt"/>
        <line num="160" count="0" type="stmt"/>
        <line num="161" count="0" type="stmt"/>
        <line num="162" count="0" type="stmt"/>
        <line num="164" count="0" type="stmt"/>
        <line num="165" count="0" type="stmt"/>
        <line num="166" count="0" type="stmt"/>
        <line num="167" count="0" type="stmt"/>
        <line num="168" count="0" type="stmt"/>
        <line num="171" count="0" type="stmt"/>
        <line num="174" count="0" type="stmt"/>
        <line num="176" count="0" type="stmt"/>
        <line num="177" count="0" type="stmt"/>
        <line num="179" count="0" type="cond" truecount="0" falsecount="4"/>
        <line num="181" count="0" type="stmt"/>
        <line num="182" count="0" type="cond" truecount="0" falsecount="2"/>
        <line num="183" count="0" type="stmt"/>
        <line num="184" count="0" type="stmt"/>
        <line num="189" count="0" type="stmt"/>
        <line num="190" count="0" type="stmt"/>
        <line num="191" count="0" type="stmt"/>
        <line num="200" count="0" type="stmt"/>
        <line num="201" count="0" type="cond" truecount="0" falsecount="2"/>
        <line num="202" count="0" type="stmt"/>
        <line num="203" count="0" type="stmt"/>
        <line num="205" count="0" type="cond" truecount="0" falsecount="2"/>
        <line num="206" count="0" type="stmt"/>
        <line num="207" count="0" type="stmt"/>
        <line num="209" count="0" type="cond" truecount="0" falsecount="2"/>
        <line num="210" count="0" type="stmt"/>
        <line num="217" count="0" type="stmt"/>
        <line num="223" count="0" type="stmt"/>
        <line num="224" count="0" type="cond" truecount="0" falsecount="2"/>
        <line num="225" count="0" type="stmt"/>
        <line num="226" count="0" type="cond" truecount="0" falsecount="2"/>
        <line num="227" count="0" type="cond" truecount="0" falsecount="2"/>
        <line num="228" count="0" type="cond" truecount="0" falsecount="2"/>
        <line num="234" count="0" type="stmt"/>
        <line num="239" count="0" type="stmt"/>
        <line num="240" count="0" type="stmt"/>
        <line num="245" count="0" type="cond" truecount="0" falsecount="2"/>
        <line num="246" count="0" type="stmt"/>
        <line num="250" count="0" type="cond" truecount="0" falsecount="2"/>
        <line num="251" count="0" type="stmt"/>
        <line num="252" count="0" type="stmt"/>
        <line num="257" count="0" type="stmt"/>
        <line num="258" count="0" type="stmt"/>
        <line num="259" count="0" type="stmt"/>
        <line num="260" count="0" type="stmt"/>
        <line num="261" count="0" type="stmt"/>
        <line num="262" count="0" type="stmt"/>
        <line num="264" count="0" type="stmt"/>
        <line num="265" count="0" type="stmt"/>
        <line num="266" count="0" type="stmt"/>
        <line num="267" count="0" type="stmt"/>
        <line num="276" count="0" type="stmt"/>
        <line num="277" count="0" type="stmt"/>
        <line num="278" count="0" type="stmt"/>
        <line num="279" count="0" type="stmt"/>
        <line num="280" count="0" type="stmt"/>
        <line num="281" count="0" type="stmt"/>
        <line num="282" count="0" type="stmt"/>
        <line num="284" count="0" type="stmt"/>
        <line num="285" count="0" type="stmt"/>
        <line num="286" count="0" type="stmt"/>
        <line num="288" count="0" type="stmt"/>
        <line num="289" count="0" type="stmt"/>
        <line num="299" count="0" type="stmt"/>
        <line num="300" count="0" type="stmt"/>
        <line num="301" count="0" type="stmt"/>
        <line num="302" count="0" type="stmt"/>
        <line num="303" count="0" type="stmt"/>
        <line num="305" count="0" type="stmt"/>
        <line num="310" count="0" type="stmt"/>
        <line num="311" count="0" type="stmt"/>
        <line num="312" count="0" type="stmt"/>
        <line num="313" count="0" type="stmt"/>
        <line num="315" count="0" type="stmt"/>
        <line num="316" count="0" type="cond" truecount="0" falsecount="2"/>
        <line num="322" count="0" type="cond" truecount="0" falsecount="2"/>
        <line num="323" count="0" type="stmt"/>
        <line num="324" count="0" type="stmt"/>
        <line num="325" count="0" type="stmt"/>
        <line num="327" count="0" type="cond" truecount="0" falsecount="2"/>
        <line num="328" count="0" type="stmt"/>
        <line num="329" count="0" type="stmt"/>
        <line num="330" count="0" type="cond" truecount="0" falsecount="4"/>
        <line num="331" count="0" type="cond" truecount="0" falsecount="2"/>
        <line num="332" count="0" type="stmt"/>
        <line num="334" count="0" type="stmt"/>
        <line num="345" count="0" type="stmt"/>
        <line num="366" count="0" type="cond" truecount="0" falsecount="2"/>
        <line num="367" count="0" type="stmt"/>
        <line num="368" count="0" type="stmt"/>
        <line num="373" count="0" type="cond" truecount="0" falsecount="2"/>
        <line num="374" count="0" type="stmt"/>
        <line num="375" count="0" type="stmt"/>
        <line num="376" count="0" type="stmt"/>
        <line num="377" count="0" type="stmt"/>
        <line num="382" count="0" type="stmt"/>
        <line num="386" count="0" type="stmt"/>
        <line num="387" count="0" type="stmt"/>
        <line num="388" count="0" type="stmt"/>
        <line num="391" count="0" type="stmt"/>
        <line num="395" count="0" type="stmt"/>
        <line num="398" count="0" type="stmt"/>
        <line num="401" count="0" type="stmt"/>
        <line num="404" count="0" type="stmt"/>
        <line num="407" count="0" type="stmt"/>
        <line num="410" count="0" type="stmt"/>
      </file>
    </package>
    <package name="lib.components">
      <metrics statements="374" coveredstatements="262" conditionals="327" coveredconditionals="178" methods="162" coveredmethods="146"/>
      <file name="Arrow.svelte" path="/Users/jonathangadeaharder/Documents/projects/games/Chess/web/src/lib/components/Arrow.svelte">
        <metrics statements="13" coveredstatements="13" conditionals="2" coveredconditionals="1" methods="10" coveredmethods="10"/>
        <line num="10" count="12" type="stmt"/>
        <line num="11" count="12" type="stmt"/>
        <line num="22" count="12" type="stmt"/>
        <line num="23" count="12" type="stmt"/>
        <line num="24" count="12" type="stmt"/>
        <line num="25" count="12" type="stmt"/>
        <line num="26" count="12" type="stmt"/>
        <line num="27" count="12" type="stmt"/>
        <line num="28" count="12" type="stmt"/>
        <line num="29" count="12" type="stmt"/>
        <line num="32" count="12" type="stmt"/>
        <line num="33" count="12" type="stmt"/>
        <line num="42" count="12" type="cond" truecount="1" falsecount="1"/>
      </file>
      <file name="Button.svelte" path="/Users/jonathangadeaharder/Documents/projects/games/Chess/web/src/lib/components/Button.svelte">
        <metrics statements="9" coveredstatements="9" conditionals="2" coveredconditionals="2" methods="4" coveredmethods="4"/>
        <line num="6" count="183" type="stmt"/>
        <line num="9" count="183" type="stmt"/>
        <line num="11" count="183" type="stmt"/>
        <line num="21" count="183" type="stmt"/>
        <line num="49" count="183" type="stmt"/>
        <line num="52" count="3" type="stmt"/>
        <line num="56" count="1" type="stmt"/>
        <line num="60" count="1" type="stmt"/>
        <line num="64" count="183" type="stmt"/>
      </file>
      <file name="Card.svelte" path="/Users/jonathangadeaharder/Documents/projects/games/Chess/web/src/lib/components/Card.svelte">
        <metrics statements="4" coveredstatements="4" conditionals="2" coveredconditionals="2" methods="3" coveredmethods="3"/>
        <line num="8" count="156" type="stmt"/>
        <line num="15" count="156" type="stmt"/>
        <line num="22" count="295" type="stmt"/>
        <line num="27" count="156" type="stmt"/>
      </file>
      <file name="Chessboard.svelte" path="/Users/jonathangadeaharder/Documents/projects/games/Chess/web/src/lib/components/Chessboard.svelte">
        <metrics statements="236" coveredstatements="124" conditionals="236" coveredconditionals="95" methods="78" coveredmethods="62"/>
        <line num="9" count="60" type="stmt"/>
        <line num="10" count="60" type="stmt"/>
        <line num="11" count="60" type="stmt"/>
        <line num="12" count="60" type="stmt"/>
        <line num="13" count="55" type="stmt"/>
        <line num="14" count="57" type="stmt"/>
        <line num="26" count="60" type="stmt"/>
        <line num="27" count="60" type="stmt"/>
        <line num="28" count="60" type="cond" truecount="2" falsecount="0"/>
        <line num="30" count="60" type="cond" truecount="2" falsecount="0"/>
        <line num="31" count="60" type="stmt"/>
        <line num="32" count="60" type="stmt"/>
        <line num="34" count="61" type="stmt"/>
        <line num="35" count="62" type="cond" truecount="2" falsecount="0"/>
        <line num="37" count="60" type="stmt"/>
        <line num="38" count="480" type="stmt"/>
        <line num="39" count="3840" type="stmt"/>
        <line num="48" count="60" type="stmt"/>
        <line num="50" count="63" type="stmt"/>
        <line num="51" count="64" type="stmt"/>
        <line num="53" count="60" type="stmt"/>
        <line num="54" count="60" type="cond" truecount="2" falsecount="0"/>
        <line num="55" count="2" type="stmt"/>
        <line num="56" count="2" type="stmt"/>
        <line num="57" count="2" type="cond" truecount="5" falsecount="1"/>
        <line num="58" count="2" type="stmt"/>
        <line num="61" count="0" type="stmt"/>
        <line num="64" count="60" type="stmt"/>
        <line num="65" count="0" type="cond" truecount="0" falsecount="2"/>
        <line num="66" count="0" type="stmt"/>
        <line num="68" count="0" type="cond" truecount="0" falsecount="2"/>
        <line num="69" count="0" type="stmt"/>
        <line num="75" count="60" type="stmt"/>
        <line num="76" count="60" type="stmt"/>
        <line num="77" count="60" type="stmt"/>
        <line num="78" count="60" type="stmt"/>
        <line num="81" count="60" type="stmt"/>
        <line num="82" count="60" type="stmt"/>
        <line num="85" count="4" type="stmt"/>
        <line num="86" count="4" type="cond" truecount="1" falsecount="1"/>
        <line num="87" count="4" type="stmt"/>
        <line num="89" count="4" type="cond" truecount="1" falsecount="1"/>
        <line num="90" count="0" type="cond" truecount="0" falsecount="4"/>
        <line num="91" count="0" type="stmt"/>
        <line num="92" count="0" type="stmt"/>
        <line num="93" count="0" type="stmt"/>
        <line num="95" count="0" type="stmt"/>
        <line num="96" count="0" type="stmt"/>
        <line num="99" count="4" type="stmt"/>
        <line num="100" count="4" type="stmt"/>
        <line num="102" count="4" type="stmt"/>
        <line num="103" count="4" type="stmt"/>
        <line num="104" count="4" type="cond" truecount="5" falsecount="1"/>
        <line num="105" count="4" type="stmt"/>
        <line num="109" count="2" type="stmt"/>
        <line num="110" count="2" type="cond" truecount="3" falsecount="2"/>
        <line num="111" count="2" type="stmt"/>
        <line num="112" count="2" type="cond" truecount="2" falsecount="2"/>
        <line num="116" count="4" type="stmt"/>
        <line num="118" count="4" type="cond" truecount="2" falsecount="0"/>
        <line num="119" count="2" type="cond" truecount="1" falsecount="1"/>
        <line num="120" count="2" type="cond" truecount="1" falsecount="1"/>
        <line num="121" count="2" type="stmt"/>
        <line num="122" count="2" type="stmt"/>
        <line num="125" count="0" type="stmt"/>
        <line num="126" count="0" type="cond" truecount="0" falsecount="4"/>
        <line num="129" count="0" type="cond" truecount="0" falsecount="2"/>
        <line num="130" count="0" type="cond" truecount="0" falsecount="2"/>
        <line num="131" count="0" type="cond" truecount="0" falsecount="2"/>
        <line num="132" count="0" type="stmt"/>
        <line num="136" count="0" type="stmt"/>
        <line num="140" count="2" type="cond" truecount="1" falsecount="1"/>
        <line num="141" count="2" type="cond" truecount="1" falsecount="1"/>
        <line num="142" count="2" type="cond" truecount="1" falsecount="1"/>
        <line num="143" count="2" type="stmt"/>
        <line num="149" count="4" type="cond" truecount="1" falsecount="1"/>
        <line num="150" count="4" type="stmt"/>
        <line num="151" count="4" type="cond" truecount="1" falsecount="1"/>
        <line num="155" count="0" type="stmt"/>
        <line num="156" count="0" type="cond" truecount="0" falsecount="2"/>
        <line num="157" count="0" type="stmt"/>
        <line num="158" count="0" type="cond" truecount="0" falsecount="2"/>
        <line num="159" count="0" type="cond" truecount="0" falsecount="2"/>
        <line num="160" count="0" type="cond" truecount="0" falsecount="2"/>
        <line num="162" count="0" type="stmt"/>
        <line num="163" count="0" type="cond" truecount="0" falsecount="2"/>
        <line num="165" count="0" type="stmt"/>
        <line num="167" count="0" type="stmt"/>
        <line num="168" count="0" type="stmt"/>
        <line num="169" count="0" type="stmt"/>
        <line num="170" count="0" type="stmt"/>
        <line num="171" count="0" type="stmt"/>
        <line num="172" count="0" type="stmt"/>
        <line num="176" count="0" type="cond" truecount="0" falsecount="2"/>
        <line num="177" count="0" type="stmt"/>
        <line num="178" count="0" type="cond" truecount="0" falsecount="2"/>
        <line num="179" count="0" type="stmt"/>
        <line num="180" count="0" type="stmt"/>
        <line num="181" count="0" type="stmt"/>
        <line num="182" count="0" type="stmt"/>
        <line num="183" count="0" type="stmt"/>
        <line num="184" count="0" type="cond" truecount="0" falsecount="5"/>
        <line num="185" count="0" type="stmt"/>
        <line num="187" count="0" type="cond" truecount="0" falsecount="2"/>
        <line num="188" count="0" type="stmt"/>
        <line num="189" count="0" type="stmt"/>
        <line num="194" count="0" type="cond" truecount="0" falsecount="2"/>
        <line num="195" count="0" type="cond" truecount="0" falsecount="2"/>
        <line num="196" count="0" type="stmt"/>
        <line num="197" count="0" type="cond" truecount="0" falsecount="4"/>
        <line num="198" count="0" type="cond" truecount="0" falsecount="2"/>
        <line num="199" count="0" type="stmt"/>
        <line num="200" count="0" type="stmt"/>
        <line num="202" count="0" type="stmt"/>
        <line num="203" count="0" type="cond" truecount="0" falsecount="4"/>
        <line num="207" count="0" type="stmt"/>
        <line num="208" count="0" type="stmt"/>
        <line num="212" count="0" type="stmt"/>
        <line num="213" count="0" type="cond" truecount="0" falsecount="2"/>
        <line num="214" count="0" type="stmt"/>
        <line num="215" count="0" type="cond" truecount="0" falsecount="2"/>
        <line num="216" count="0" type="cond" truecount="0" falsecount="2"/>
        <line num="217" count="0" type="cond" truecount="0" falsecount="2"/>
        <line num="219" count="0" type="stmt"/>
        <line num="220" count="0" type="cond" truecount="0" falsecount="2"/>
        <line num="222" count="0" type="stmt"/>
        <line num="224" count="0" type="stmt"/>
        <line num="225" count="0" type="stmt"/>
        <line num="226" count="0" type="stmt"/>
        <line num="227" count="0" type="stmt"/>
        <line num="228" count="0" type="stmt"/>
        <line num="229" count="0" type="stmt"/>
        <line num="233" count="0" type="cond" truecount="0" falsecount="2"/>
        <line num="234" count="0" type="stmt"/>
        <line num="235" count="0" type="stmt"/>
        <line num="236" count="0" type="cond" truecount="0" falsecount="2"/>
        <line num="237" count="0" type="stmt"/>
        <line num="238" count="0" type="stmt"/>
        <line num="239" count="0" type="stmt"/>
        <line num="240" count="0" type="stmt"/>
        <line num="241" count="0" type="stmt"/>
        <line num="242" count="0" type="cond" truecount="0" falsecount="5"/>
        <line num="243" count="0" type="stmt"/>
        <line num="245" count="0" type="cond" truecount="0" falsecount="2"/>
        <line num="246" count="0" type="stmt"/>
        <line num="247" count="0" type="stmt"/>
        <line num="252" count="0" type="cond" truecount="0" falsecount="2"/>
        <line num="253" count="0" type="cond" truecount="0" falsecount="2"/>
        <line num="254" count="0" type="stmt"/>
        <line num="255" count="0" type="cond" truecount="0" falsecount="4"/>
        <line num="256" count="0" type="cond" truecount="0" falsecount="2"/>
        <line num="257" count="0" type="stmt"/>
        <line num="258" count="0" type="stmt"/>
        <line num="260" count="0" type="stmt"/>
        <line num="261" count="0" type="cond" truecount="0" falsecount="4"/>
        <line num="265" count="0" type="stmt"/>
        <line num="266" count="0" type="stmt"/>
        <line num="270" count="0" type="cond" truecount="0" falsecount="4"/>
        <line num="271" count="0" type="stmt"/>
        <line num="272" count="0" type="cond" truecount="0" falsecount="4"/>
        <line num="273" count="0" type="stmt"/>
        <line num="274" count="0" type="stmt"/>
        <line num="278" count="0" type="stmt"/>
        <line num="279" count="0" type="stmt"/>
        <line num="283" count="1804" type="cond" truecount="2" falsecount="0"/>
        <line num="284" count="1804" type="stmt"/>
        <line num="285" count="1804" type="stmt"/>
        <line num="289" count="14" type="stmt"/>
        <line num="293" count="60" type="stmt"/>
        <line num="306" count="60" type="stmt"/>
        <line num="322" count="7680" type="stmt"/>
        <line num="323" count="3840" type="stmt"/>
        <line num="324" count="3904" type="cond" truecount="3" falsecount="0"/>
        <line num="325" count="3968" type="stmt"/>
        <line num="326" count="4096" type="stmt"/>
        <line num="327" count="3840" type="stmt"/>
        <line num="328" count="3840" type="stmt"/>
        <line num="330" count="3840" type="cond" truecount="2" falsecount="0"/>
        <line num="338" count="3904" type="cond" truecount="2" falsecount="0"/>
        <line num="339" count="4" type="stmt"/>
        <line num="349" count="3842" type="cond" truecount="2" falsecount="0"/>
        <line num="350" count="4" type="stmt"/>
        <line num="360" count="3840" type="cond" truecount="2" falsecount="0"/>
        <line num="361" count="3" type="cond" truecount="4" falsecount="0"/>
        <line num="371" count="3840" type="cond" truecount="2" falsecount="0"/>
        <line num="372" count="2" type="stmt"/>
        <line num="382" count="3844" type="cond" truecount="2" falsecount="0"/>
        <line num="383" count="6" type="cond" truecount="1" falsecount="1"/>
        <line num="385" count="0" type="stmt"/>
        <line num="395" count="6" type="stmt"/>
        <line num="404" count="3840" type="cond" truecount="4" falsecount="0"/>
        <line num="405" count="472" type="cond" truecount="2" falsecount="0"/>
        <line num="412" count="472" type="stmt"/>
        <line num="414" count="3840" type="cond" truecount="4" falsecount="0"/>
        <line num="415" count="472" type="cond" truecount="2" falsecount="0"/>
        <line num="422" count="472" type="stmt"/>
        <line num="426" count="60" type="stmt"/>
        <line num="427" count="6" type="stmt"/>
        <line num="428" count="6" type="stmt"/>
        <line num="429" count="6" type="stmt"/>
        <line num="430" count="6" type="stmt"/>
        <line num="431" count="6" type="stmt"/>
        <line num="432" count="6" type="stmt"/>
        <line num="433" count="6" type="stmt"/>
        <line num="434" count="24" type="stmt"/>
        <line num="435" count="18" type="stmt"/>
        <line num="436" count="12" type="stmt"/>
        <line num="441" count="7680" type="stmt"/>
        <line num="442" count="3904" type="stmt"/>
        <line num="443" count="3840" type="cond" truecount="1" falsecount="1"/>
        <line num="444" count="3842" type="cond" truecount="4" falsecount="0"/>
        <line num="445" count="1804" type="stmt"/>
        <line num="446" count="1804" type="stmt"/>
        <line num="457" count="5412" type="stmt"/>
        <line num="462" count="60" type="cond" truecount="2" falsecount="2"/>
        <line num="463" count="0" type="stmt"/>
        <line num="464" count="0" type="cond" truecount="0" falsecount="2"/>
        <line num="465" count="0" type="stmt"/>
        <line num="466" count="0" type="stmt"/>
        <line num="479" count="0" type="stmt"/>
        <line num="484" count="62" type="cond" truecount="2" falsecount="0"/>
        <line num="485" count="2" type="cond" truecount="1" falsecount="1"/>
        <line num="486" count="2" type="stmt"/>
        <line num="487" count="2" type="stmt"/>
        <line num="488" count="2" type="stmt"/>
        <line num="489" count="2" type="cond" truecount="1" falsecount="1"/>
        <line num="490" count="2" type="cond" truecount="1" falsecount="1"/>
        <line num="491" count="2" type="cond" truecount="1" falsecount="1"/>
        <line num="492" count="2" type="stmt"/>
        <line num="503" count="0" type="cond" truecount="0" falsecount="2"/>
        <line num="505" count="2" type="stmt"/>
        <line num="511" count="2" type="cond" truecount="1" falsecount="1"/>
        <line num="514" count="16" type="stmt"/>
        <line num="515" count="8" type="stmt"/>
        <line num="526" count="0" type="stmt"/>
        <line num="528" count="24" type="stmt"/>
      </file>
      <file name="Header.svelte" path="/Users/jonathangadeaharder/Documents/projects/games/Chess/web/src/lib/components/Header.svelte">
        <metrics statements="6" coveredstatements="6" conditionals="2" coveredconditionals="2" methods="2" coveredmethods="2"/>
        <line num="10" count="73" type="stmt"/>
        <line num="20" count="73" type="stmt"/>
        <line num="21" count="73" type="stmt"/>
        <line num="23" count="14" type="stmt"/>
        <line num="36" count="73" type="stmt"/>
        <line num="48" count="50" type="stmt"/>
      </file>
      <file name="Mascot.svelte" path="/Users/jonathangadeaharder/Documents/projects/games/Chess/web/src/lib/components/Mascot.svelte">
        <metrics statements="16" coveredstatements="16" conditionals="2" coveredconditionals="2" methods="4" coveredmethods="4"/>
        <line num="5" count="98" type="stmt"/>
        <line num="6" count="98" type="stmt"/>
        <line num="14" count="98" type="cond" truecount="2" falsecount="0"/>
        <line num="16" count="98" type="stmt"/>
        <line num="25" count="98" type="stmt"/>
        <line num="35" count="98" type="stmt"/>
        <line num="36" count="98" type="stmt"/>
        <line num="37" count="98" type="stmt"/>
        <line num="38" count="98" type="stmt"/>
        <line num="39" count="98" type="stmt"/>
        <line num="40" count="98" type="stmt"/>
        <line num="41" count="98" type="stmt"/>
        <line num="42" count="114" type="stmt"/>
        <line num="43" count="114" type="stmt"/>
        <line num="44" count="98" type="stmt"/>
        <line num="45" count="98" type="stmt"/>
      </file>
      <file name="MiniBoard.svelte" path="/Users/jonathangadeaharder/Documents/projects/games/Chess/web/src/lib/components/MiniBoard.svelte">
        <metrics statements="54" coveredstatements="54" conditionals="43" coveredconditionals="39" methods="39" coveredmethods="39"/>
        <line num="7" count="51" type="stmt"/>
        <line num="8" count="21" type="stmt"/>
        <line num="9" count="36" type="stmt"/>
        <line num="10" count="51" type="stmt"/>
        <line num="11" count="51" type="stmt"/>
        <line num="12" count="51" type="stmt"/>
        <line num="13" count="51" type="stmt"/>
        <line num="14" count="46" type="stmt"/>
        <line num="26" count="51" type="stmt"/>
        <line num="27" count="51" type="stmt"/>
        <line num="28" count="51" type="cond" truecount="2" falsecount="0"/>
        <line num="30" count="51" type="cond" truecount="2" falsecount="0"/>
        <line num="31" count="51" type="cond" truecount="2" falsecount="0"/>
        <line num="32" count="51" type="cond" truecount="2" falsecount="0"/>
        <line num="34" count="51" type="stmt"/>
        <line num="35" count="408" type="stmt"/>
        <line num="36" count="3264" type="stmt"/>
        <line num="45" count="64" type="stmt"/>
        <line num="47" count="51" type="stmt"/>
        <line num="48" count="64" type="stmt"/>
        <line num="49" count="4096" type="stmt"/>
        <line num="51" count="1229" type="stmt"/>
        <line num="61" count="51" type="stmt"/>
        <line num="69" count="51" type="stmt"/>
        <line num="70" count="6528" type="stmt"/>
        <line num="71" count="4096" type="stmt"/>
        <line num="72" count="3264" type="cond" truecount="3" falsecount="0"/>
        <line num="73" count="3264" type="cond" truecount="2" falsecount="0"/>
        <line num="80" count="3264" type="cond" truecount="2" falsecount="0"/>
        <line num="81" count="32" type="stmt"/>
        <line num="90" count="3299" type="cond" truecount="2" falsecount="0"/>
        <line num="91" count="24" type="cond" truecount="4" falsecount="0"/>
        <line num="100" count="3264" type="cond" truecount="4" falsecount="0"/>
        <line num="101" count="16" type="cond" truecount="2" falsecount="0"/>
        <line num="108" count="16" type="stmt"/>
        <line num="110" count="3264" type="cond" truecount="4" falsecount="0"/>
        <line num="111" count="16" type="cond" truecount="2" falsecount="0"/>
        <line num="118" count="16" type="stmt"/>
        <line num="121" count="51" type="stmt"/>
        <line num="122" count="6" type="stmt"/>
        <line num="123" count="6" type="stmt"/>
        <line num="124" count="6" type="stmt"/>
        <line num="125" count="6" type="stmt"/>
        <line num="126" count="6" type="stmt"/>
        <line num="127" count="6" type="stmt"/>
        <line num="128" count="6" type="stmt"/>
        <line num="129" count="6" type="stmt"/>
        <line num="130" count="6" type="stmt"/>
        <line num="131" count="24" type="stmt"/>
        <line num="132" count="18" type="stmt"/>
        <line num="133" count="12" type="stmt"/>
        <line num="137" count="2862" type="stmt"/>
        <line num="138" count="1229" type="stmt"/>
        <line num="149" count="3349" type="stmt"/>
      </file>
      <file name="Overlay.svelte" path="/Users/jonathangadeaharder/Documents/projects/games/Chess/web/src/lib/components/Overlay.svelte">
        <metrics statements="11" coveredstatements="11" conditionals="12" coveredconditionals="12" methods="5" coveredmethods="5"/>
        <line num="5" count="12" type="stmt"/>
        <line num="7" count="12" type="stmt"/>
        <line num="8" count="12" type="stmt"/>
        <line num="19" count="2" type="cond" truecount="4" falsecount="0"/>
        <line num="25" count="3" type="cond" truecount="4" falsecount="0"/>
        <line num="31" count="12" type="stmt"/>
        <line num="33" count="12" type="cond" truecount="2" falsecount="0"/>
        <line num="35" count="11" type="stmt"/>
        <line num="47" count="11" type="stmt"/>
        <line num="48" count="11" type="cond" truecount="2" falsecount="0"/>
        <line num="49" count="10" type="stmt"/>
      </file>
      <file name="PaperBg.svelte" path="/Users/jonathangadeaharder/Documents/projects/games/Chess/web/src/lib/components/PaperBg.svelte">
        <metrics statements="1" coveredstatements="1" conditionals="0" coveredconditionals="0" methods="2" coveredmethods="2"/>
        <line num="8" count="66" type="stmt"/>
      </file>
      <file name="Piece.svelte" path="/Users/jonathangadeaharder/Documents/projects/games/Chess/web/src/lib/components/Piece.svelte">
        <metrics statements="8" coveredstatements="8" conditionals="6" coveredconditionals="6" methods="3" coveredmethods="3"/>
        <line num="6" count="2703" type="stmt"/>
        <line num="7" count="2703" type="stmt"/>
        <line num="16" count="3041" type="cond" truecount="4" falsecount="0"/>
        <line num="17" count="3041" type="cond" truecount="2" falsecount="0"/>
        <line num="18" count="2703" type="stmt"/>
        <line num="20" count="2703" type="stmt"/>
        <line num="30" count="3041" type="stmt"/>
        <line num="31" count="3041" type="stmt"/>
      </file>
      <file name="Pill.svelte" path="/Users/jonathangadeaharder/Documents/projects/games/Chess/web/src/lib/components/Pill.svelte">
        <metrics statements="2" coveredstatements="2" conditionals="4" coveredconditionals="4" methods="2" coveredmethods="2"/>
        <line num="9" count="82" type="stmt"/>
        <line num="18" count="82" type="stmt"/>
      </file>
      <file name="TabBar.svelte" path="/Users/jonathangadeaharder/Documents/projects/games/Chess/web/src/lib/components/TabBar.svelte">
        <metrics statements="11" coveredstatements="11" conditionals="12" coveredconditionals="10" methods="7" coveredmethods="7"/>
        <line num="6" count="15" type="stmt"/>
        <line num="13" count="15" type="stmt"/>
        <line num="22" count="15" type="stmt"/>
        <line num="32" count="15" type="stmt"/>
        <line num="42" count="150" type="stmt"/>
        <line num="43" count="75" type="stmt"/>
        <line num="44" count="75" type="stmt"/>
        <line num="45" count="3" type="stmt"/>
        <line num="59" count="75" type="cond" truecount="2" falsecount="0"/>
        <line num="60" count="75" type="stmt"/>
        <line num="67" count="75" type="stmt"/>
      </file>
      <file name="Wordmark.svelte" path="/Users/jonathangadeaharder/Documents/projects/games/Chess/web/src/lib/components/Wordmark.svelte">
        <metrics statements="3" coveredstatements="3" conditionals="4" coveredconditionals="3" methods="3" coveredmethods="3"/>
        <line num="5" count="11" type="stmt"/>
        <line num="12" count="11" type="cond" truecount="2" falsecount="0"/>
        <line num="15" count="11" type="stmt"/>
      </file>
    </package>
    <package name="lib.components.icons">
      <metrics statements="29" coveredstatements="29" conditionals="0" coveredconditionals="0" methods="18" coveredmethods="18"/>
      <file name="FlameIcon.svelte" path="/Users/jonathangadeaharder/Documents/projects/games/Chess/web/src/lib/components/icons/FlameIcon.svelte">
        <metrics statements="3" coveredstatements="3" conditionals="0" coveredconditionals="0" methods="2" coveredmethods="2"/>
        <line num="4" count="34" type="stmt"/>
        <line num="7" count="34" type="stmt"/>
        <line num="8" count="34" type="stmt"/>
      </file>
      <file name="HeartIcon.svelte" path="/Users/jonathangadeaharder/Documents/projects/games/Chess/web/src/lib/components/icons/HeartIcon.svelte">
        <metrics statements="3" coveredstatements="3" conditionals="0" coveredconditionals="0" methods="2" coveredmethods="2"/>
        <line num="4" count="4" type="stmt"/>
        <line num="7" count="4" type="stmt"/>
        <line num="8" count="4" type="stmt"/>
      </file>
      <file name="HomeIcon.svelte" path="/Users/jonathangadeaharder/Documents/projects/games/Chess/web/src/lib/components/icons/HomeIcon.svelte">
        <metrics statements="3" coveredstatements="3" conditionals="0" coveredconditionals="0" methods="2" coveredmethods="2"/>
        <line num="4" count="20" type="stmt"/>
        <line num="7" count="20" type="stmt"/>
        <line num="8" count="20" type="stmt"/>
      </file>
      <file name="LearnIcon.svelte" path="/Users/jonathangadeaharder/Documents/projects/games/Chess/web/src/lib/components/icons/LearnIcon.svelte">
        <metrics statements="3" coveredstatements="3" conditionals="0" coveredconditionals="0" methods="2" coveredmethods="2"/>
        <line num="4" count="20" type="stmt"/>
        <line num="7" count="20" type="stmt"/>
        <line num="8" count="20" type="stmt"/>
      </file>
      <file name="PlayIcon.svelte" path="/Users/jonathangadeaharder/Documents/projects/games/Chess/web/src/lib/components/icons/PlayIcon.svelte">
        <metrics statements="3" coveredstatements="3" conditionals="0" coveredconditionals="0" methods="2" coveredmethods="2"/>
        <line num="4" count="34" type="stmt"/>
        <line num="7" count="34" type="stmt"/>
        <line num="8" count="34" type="stmt"/>
      </file>
      <file name="SparkIcon.svelte" path="/Users/jonathangadeaharder/Documents/projects/games/Chess/web/src/lib/components/icons/SparkIcon.svelte">
        <metrics statements="3" coveredstatements="3" conditionals="0" coveredconditionals="0" methods="2" coveredmethods="2"/>
        <line num="4" count="4" type="stmt"/>
        <line num="7" count="4" type="stmt"/>
        <line num="8" count="4" type="stmt"/>
      </file>
      <file name="StarIcon.svelte" path="/Users/jonathangadeaharder/Documents/projects/games/Chess/web/src/lib/components/icons/StarIcon.svelte">
        <metrics statements="3" coveredstatements="3" conditionals="0" coveredconditionals="0" methods="2" coveredmethods="2"/>
        <line num="4" count="19" type="stmt"/>
        <line num="7" count="19" type="stmt"/>
        <line num="8" count="19" type="stmt"/>
      </file>
      <file name="TrainIcon.svelte" path="/Users/jonathangadeaharder/Documents/projects/games/Chess/web/src/lib/components/icons/TrainIcon.svelte">
        <metrics statements="4" coveredstatements="4" conditionals="0" coveredconditionals="0" methods="2" coveredmethods="2"/>
        <line num="4" count="20" type="stmt"/>
        <line num="7" count="20" type="stmt"/>
        <line num="8" count="20" type="stmt"/>
        <line num="18" count="20" type="stmt"/>
      </file>
      <file name="YouIcon.svelte" path="/Users/jonathangadeaharder/Documents/projects/games/Chess/web/src/lib/components/icons/YouIcon.svelte">
        <metrics statements="4" coveredstatements="4" conditionals="0" coveredconditionals="0" methods="2" coveredmethods="2"/>
        <line num="4" count="20" type="stmt"/>
        <line num="7" count="20" type="stmt"/>
        <line num="8" count="20" type="stmt"/>
        <line num="18" count="20" type="stmt"/>
      </file>
      <file name="index.ts" path="/Users/jonathangadeaharder/Documents/projects/games/Chess/web/src/lib/components/icons/index.ts">
        <metrics statements="0" coveredstatements="0" conditionals="0" coveredconditionals="0" methods="0" coveredmethods="0"/>
      </file>
    </package>
    <package name="lib.components.screens">
      <metrics statements="623" coveredstatements="511" conditionals="321" coveredconditionals="181" methods="229" coveredmethods="206"/>
      <file name="GameScreen.svelte" path="/Users/jonathangadeaharder/Documents/projects/games/Chess/web/src/lib/components/screens/GameScreen.svelte">
        <metrics statements="156" coveredstatements="92" conditionals="125" coveredconditionals="41" methods="38" coveredmethods="26"/>
        <line num="14" count="26" type="stmt"/>
        <line num="15" count="26" type="stmt"/>
        <line num="22" count="26" type="stmt"/>
        <line num="24" count="26" type="stmt"/>
        <line num="25" count="26" type="stmt"/>
        <line num="27" count="26" type="stmt"/>
        <line num="28" count="26" type="stmt"/>
        <line num="29" count="26" type="stmt"/>
        <line num="30" count="26" type="stmt"/>
        <line num="31" count="26" type="stmt"/>
        <line num="32" count="26" type="stmt"/>
        <line num="33" count="26" type="stmt"/>
        <line num="34" count="26" type="stmt"/>
        <line num="35" count="26" type="stmt"/>
        <line num="37" count="26" type="stmt"/>
        <line num="38" count="26" type="cond" truecount="1" falsecount="1"/>
        <line num="39" count="26" type="stmt"/>
        <line num="42" count="26" type="stmt"/>
        <line num="43" count="26" type="stmt"/>
        <line num="45" count="26" type="stmt"/>
        <line num="47" count="26" type="stmt"/>
        <line num="48" count="8" type="cond" truecount="1" falsecount="1"/>
        <line num="49" count="8" type="cond" truecount="2" falsecount="0"/>
        <line num="50" count="1" type="cond" truecount="1" falsecount="1"/>
        <line num="51" count="0" type="cond" truecount="0" falsecount="2"/>
        <line num="52" count="0" type="cond" truecount="0" falsecount="2"/>
        <line num="53" count="0" type="cond" truecount="0" falsecount="2"/>
        <line num="54" count="0" type="cond" truecount="0" falsecount="2"/>
        <line num="55" count="0" type="stmt"/>
        <line num="57" count="0" type="stmt"/>
        <line num="60" count="26" type="stmt"/>
        <line num="61" count="8" type="cond" truecount="1" falsecount="1"/>
        <line num="62" count="8" type="cond" truecount="2" falsecount="0"/>
        <line num="63" count="1" type="cond" truecount="1" falsecount="1"/>
        <line num="64" count="0" type="cond" truecount="0" falsecount="2"/>
        <line num="65" count="0" type="cond" truecount="0" falsecount="2"/>
        <line num="66" count="0" type="cond" truecount="0" falsecount="2"/>
        <line num="67" count="0" type="cond" truecount="0" falsecount="2"/>
        <line num="68" count="0" type="stmt"/>
        <line num="72" count="54" type="stmt"/>
        <line num="73" count="54" type="cond" truecount="1" falsecount="1"/>
        <line num="74" count="54" type="stmt"/>
        <line num="78" count="52" type="stmt"/>
        <line num="79" count="52" type="stmt"/>
        <line num="80" count="52" type="stmt"/>
        <line num="84" count="0" type="cond" truecount="0" falsecount="2"/>
        <line num="86" count="0" type="cond" truecount="0" falsecount="2"/>
        <line num="87" count="0" type="cond" truecount="0" falsecount="2"/>
        <line num="90" count="0" type="cond" truecount="0" falsecount="2"/>
        <line num="91" count="0" type="stmt"/>
        <line num="92" count="0" type="cond" truecount="0" falsecount="2"/>
        <line num="93" count="0" type="stmt"/>
        <line num="96" count="0" type="stmt"/>
        <line num="97" count="0" type="cond" truecount="0" falsecount="2"/>
        <line num="98" count="0" type="stmt"/>
        <line num="105" count="0" type="cond" truecount="0" falsecount="2"/>
        <line num="106" count="0" type="stmt"/>
        <line num="107" count="0" type="stmt"/>
        <line num="111" count="0" type="cond" truecount="0" falsecount="4"/>
        <line num="113" count="0" type="stmt"/>
        <line num="115" count="0" type="stmt"/>
        <line num="116" count="0" type="cond" truecount="0" falsecount="2"/>
        <line num="117" count="0" type="stmt"/>
        <line num="118" count="0" type="stmt"/>
        <line num="119" count="0" type="stmt"/>
        <line num="120" count="0" type="cond" truecount="0" falsecount="4"/>
        <line num="121" count="0" type="stmt"/>
        <line num="124" count="0" type="stmt"/>
        <line num="126" count="0" type="stmt"/>
        <line num="127" count="0" type="cond" truecount="0" falsecount="2"/>
        <line num="128" count="0" type="stmt"/>
        <line num="129" count="0" type="stmt"/>
        <line num="136" count="7" type="cond" truecount="3" falsecount="1"/>
        <line num="137" count="7" type="stmt"/>
        <line num="138" count="7" type="stmt"/>
        <line num="139" count="7" type="cond" truecount="1" falsecount="1"/>
        <line num="143" count="1" type="cond" truecount="3" falsecount="1"/>
        <line num="144" count="1" type="stmt"/>
        <line num="145" count="1" type="stmt"/>
        <line num="146" count="1" type="cond" truecount="1" falsecount="1"/>
        <line num="150" count="0" type="cond" truecount="0" falsecount="2"/>
        <line num="151" count="0" type="stmt"/>
        <line num="152" count="0" type="stmt"/>
        <line num="156" count="0" type="cond" truecount="0" falsecount="2"/>
        <line num="157" count="0" type="stmt"/>
        <line num="158" count="0" type="stmt"/>
        <line num="159" count="0" type="stmt"/>
        <line num="160" count="0" type="stmt"/>
        <line num="161" count="0" type="stmt"/>
        <line num="162" count="0" type="stmt"/>
        <line num="166" count="1" type="stmt"/>
        <line num="167" count="1" type="stmt"/>
        <line num="168" count="1" type="stmt"/>
        <line num="169" count="1" type="stmt"/>
        <line num="170" count="1" type="stmt"/>
        <line num="171" count="1" type="stmt"/>
        <line num="172" count="1" type="stmt"/>
        <line num="173" count="1" type="cond" truecount="1" falsecount="1"/>
        <line num="177" count="2" type="cond" truecount="1" falsecount="1"/>
        <line num="178" count="2" type="stmt"/>
        <line num="182" count="26" type="stmt"/>
        <line num="183" count="27" type="cond" truecount="3" falsecount="1"/>
        <line num="184" count="0" type="stmt"/>
        <line num="188" count="26" type="stmt"/>
        <line num="189" count="26" type="stmt"/>
        <line num="190" count="26" type="cond" truecount="1" falsecount="1"/>
        <line num="191" count="26" type="stmt"/>
        <line num="196" count="26" type="stmt"/>
        <line num="202" count="26" type="stmt"/>
        <line num="203" count="26" type="stmt"/>
        <line num="210" count="26" type="stmt"/>
        <line num="211" count="26" type="stmt"/>
        <line num="213" count="26" type="stmt"/>
        <line num="214" count="35" type="cond" truecount="1" falsecount="1"/>
        <line num="216" count="35" type="stmt"/>
        <line num="218" count="35" type="cond" truecount="2" falsecount="0"/>
        <line num="220" count="35" type="stmt"/>
        <line num="226" count="26" type="stmt"/>
        <line num="227" count="26" type="stmt"/>
        <line num="228" count="52" type="stmt"/>
        <line num="229" count="156" type="stmt"/>
        <line num="232" count="26" type="cond" truecount="1" falsecount="1"/>
        <line num="233" count="0" type="stmt"/>
        <line num="242" count="52" type="stmt"/>
        <line num="243" count="27" type="cond" truecount="1" falsecount="1"/>
        <line num="244" count="26" type="stmt"/>
        <line num="246" count="0" type="stmt"/>
        <line num="247" count="0" type="cond" truecount="0" falsecount="2"/>
        <line num="248" count="0" type="stmt"/>
        <line num="249" count="0" type="stmt"/>
        <line num="250" count="0" type="stmt"/>
        <line num="251" count="0" type="cond" truecount="0" falsecount="2"/>
        <line num="252" count="0" type="stmt"/>
        <line num="261" count="26" type="stmt"/>
        <line num="262" count="35" type="stmt"/>
        <line num="270" count="35" type="stmt"/>
        <line num="278" count="35" type="stmt"/>
        <line num="289" count="35" type="cond" truecount="4" falsecount="0"/>
        <line num="290" count="8" type="stmt"/>
        <line num="291" count="8" type="stmt"/>
        <line num="292" count="8" type="stmt"/>
        <line num="293" count="8" type="stmt"/>
        <line num="294" count="8" type="stmt"/>
        <line num="296" count="8" type="cond" truecount="2" falsecount="2"/>
        <line num="297" count="0" type="stmt"/>
        <line num="298" count="0" type="stmt"/>
        <line num="300" count="0" type="cond" truecount="0" falsecount="4"/>
        <line num="302" count="0" type="stmt"/>
        <line num="304" count="0" type="cond" truecount="0" falsecount="4"/>
        <line num="306" count="0" type="stmt"/>
        <line num="308" count="0" type="cond" truecount="0" falsecount="4"/>
        <line num="313" count="8" type="stmt"/>
        <line num="314" count="16" type="stmt"/>
        <line num="315" count="8" type="cond" truecount="1" falsecount="1"/>
        <line num="317" count="8" type="stmt"/>
        <line num="320" count="8" type="stmt"/>
      </file>
      <file name="HomeScreen.svelte" path="/Users/jonathangadeaharder/Documents/projects/games/Chess/web/src/lib/components/screens/HomeScreen.svelte">
        <metrics statements="74" coveredstatements="73" conditionals="14" coveredconditionals="9" methods="24" coveredmethods="24"/>
        <line num="14" count="15" type="stmt"/>
        <line num="20" count="15" type="stmt"/>
        <line num="21" count="15" type="stmt"/>
        <line num="22" count="15" type="stmt"/>
        <line num="23" count="15" type="stmt"/>
        <line num="24" count="15" type="stmt"/>
        <line num="26" count="15" type="stmt"/>
        <line num="27" count="15" type="stmt"/>
        <line num="28" count="15" type="cond" truecount="1" falsecount="1"/>
        <line num="29" count="15" type="cond" truecount="1" falsecount="1"/>
        <line num="30" count="0" type="stmt"/>
        <line num="33" count="15" type="stmt"/>
        <line num="35" count="15" type="stmt"/>
        <line num="74" count="105" type="stmt"/>
        <line num="77" count="15" type="stmt"/>
        <line num="78" count="15" type="stmt"/>
        <line num="80" count="15" type="stmt"/>
        <line num="81" count="15" type="stmt"/>
        <line num="82" count="15" type="stmt"/>
        <line num="86" count="15" type="cond" truecount="2" falsecount="2"/>
        <line num="88" count="15" type="stmt"/>
        <line num="92" count="15" type="cond" truecount="1" falsecount="1"/>
        <line num="95" count="15" type="stmt"/>
        <line num="100" count="30" type="stmt"/>
        <line num="101" count="15" type="stmt"/>
        <line num="109" count="15" type="stmt"/>
        <line num="110" count="15" type="stmt"/>
        <line num="114" count="1" type="stmt"/>
        <line num="116" count="15" type="stmt"/>
        <line num="117" count="15" type="stmt"/>
        <line num="118" count="1410" type="stmt"/>
        <line num="120" count="15" type="stmt"/>
        <line num="123" count="15" type="stmt"/>
        <line num="129" count="15" type="stmt"/>
        <line num="135" count="15" type="stmt"/>
        <line num="147" count="15" type="stmt"/>
        <line num="148" count="15" type="stmt"/>
        <line num="149" count="15" type="stmt"/>
        <line num="150" count="30" type="stmt"/>
        <line num="151" count="15" type="stmt"/>
        <line num="156" count="15" type="stmt"/>
        <line num="160" count="15" type="stmt"/>
        <line num="162" count="15" type="stmt"/>
        <line num="163" count="15" type="stmt"/>
        <line num="164" count="105" type="stmt"/>
        <line num="171" count="15" type="stmt"/>
        <line num="172" count="15" type="stmt"/>
        <line num="173" count="30" type="stmt"/>
        <line num="174" count="15" type="stmt"/>
        <line num="179" count="15" type="stmt"/>
        <line num="183" count="15" type="stmt"/>
        <line num="185" count="15" type="stmt"/>
        <line num="189" count="15" type="stmt"/>
        <line num="199" count="15" type="stmt"/>
        <line num="208" count="15" type="stmt"/>
        <line num="209" count="15" type="stmt"/>
        <line num="210" count="60" type="stmt"/>
        <line num="216" count="4" type="stmt"/>
        <line num="218" count="60" type="stmt"/>
        <line num="219" count="60" type="stmt"/>
        <line num="220" count="60" type="stmt"/>
        <line num="223" count="60" type="stmt"/>
        <line num="224" count="60" type="stmt"/>
        <line num="227" count="60" type="stmt"/>
        <line num="235" count="15" type="stmt"/>
        <line num="236" count="15" type="stmt"/>
        <line num="237" count="15" type="stmt"/>
        <line num="238" count="15" type="stmt"/>
        <line num="239" count="15" type="stmt"/>
        <line num="240" count="15" type="stmt"/>
        <line num="244" count="15" type="stmt"/>
        <line num="248" count="15" type="stmt"/>
        <line num="251" count="15" type="stmt"/>
        <line num="254" count="1" type="stmt"/>
      </file>
      <file name="LearnScreen.svelte" path="/Users/jonathangadeaharder/Documents/projects/games/Chess/web/src/lib/components/screens/LearnScreen.svelte">
        <metrics statements="37" coveredstatements="37" conditionals="30" coveredconditionals="27" methods="16" coveredmethods="16"/>
        <line num="14" count="19" type="stmt"/>
        <line num="22" count="95" type="stmt"/>
        <line num="23" count="19" type="stmt"/>
        <line num="26" count="19" type="stmt"/>
        <line num="27" count="19" type="stmt"/>
        <line num="28" count="19" type="stmt"/>
        <line num="31" count="19" type="stmt"/>
        <line num="32" count="19" type="stmt"/>
        <line num="33" count="19" type="stmt"/>
        <line num="34" count="19" type="stmt"/>
        <line num="35" count="19" type="stmt"/>
        <line num="36" count="19" type="stmt"/>
        <line num="42" count="19" type="stmt"/>
        <line num="46" count="19" type="cond" truecount="2" falsecount="2"/>
        <line num="48" count="19" type="stmt"/>
        <line num="52" count="19" type="stmt"/>
        <line num="64" count="19" type="stmt"/>
        <line num="65" count="19" type="stmt"/>
        <line num="71" count="19" type="stmt"/>
        <line num="72" count="190" type="stmt"/>
        <line num="73" count="95" type="stmt"/>
        <line num="75" count="95" type="stmt"/>
        <line num="76" count="95" type="stmt"/>
        <line num="87" count="95" type="cond" truecount="2" falsecount="0"/>
        <line num="88" count="76" type="stmt"/>
        <line num="97" count="95" type="stmt"/>
        <line num="109" count="3" type="cond" truecount="2" falsecount="0"/>
        <line num="112" count="95" type="stmt"/>
        <line num="113" count="95" type="stmt"/>
        <line num="114" count="95" type="stmt"/>
        <line num="118" count="95" type="stmt"/>
        <line num="120" count="95" type="stmt"/>
        <line num="124" count="95" type="stmt"/>
        <line num="127" count="95" type="cond" truecount="2" falsecount="0"/>
        <line num="128" count="38" type="stmt"/>
        <line num="130" count="95" type="cond" truecount="2" falsecount="0"/>
        <line num="131" count="38" type="stmt"/>
      </file>
      <file name="LessonViewer.svelte" path="/Users/jonathangadeaharder/Documents/projects/games/Chess/web/src/lib/components/screens/LessonViewer.svelte">
        <metrics statements="29" coveredstatements="29" conditionals="12" coveredconditionals="9" methods="14" coveredmethods="14"/>
        <line num="12" count="12" type="stmt"/>
        <line num="18" count="36" type="cond" truecount="1" falsecount="1"/>
        <line num="20" count="12" type="stmt"/>
        <line num="22" count="12" type="stmt"/>
        <line num="25" count="21" type="stmt"/>
        <line num="27" count="25" type="stmt"/>
        <line num="28" count="25" type="stmt"/>
        <line num="31" count="1" type="cond" truecount="1" falsecount="1"/>
        <line num="35" count="13" type="cond" truecount="2" falsecount="0"/>
        <line num="36" count="12" type="stmt"/>
        <line num="43" count="12" type="stmt"/>
        <line num="44" count="12" type="stmt"/>
        <line num="46" count="12" type="stmt"/>
        <line num="47" count="25" type="stmt"/>
        <line num="53" count="12" type="stmt"/>
        <line num="54" count="12" type="stmt"/>
        <line num="55" count="12" type="stmt"/>
        <line num="56" count="25" type="stmt"/>
        <line num="62" count="25" type="stmt"/>
        <line num="69" count="12" type="stmt"/>
        <line num="70" count="2400" type="stmt"/>
        <line num="73" count="12" type="stmt"/>
        <line num="74" count="19" type="cond" truecount="2" falsecount="0"/>
        <line num="75" count="13" type="stmt"/>
        <line num="77" count="6" type="stmt"/>
        <line num="81" count="25" type="stmt"/>
        <line num="87" count="25" type="cond" truecount="1" falsecount="1"/>
        <line num="89" count="12" type="stmt"/>
        <line num="90" count="15" type="cond" truecount="2" falsecount="0"/>
      </file>
      <file name="OnboardingScreen.svelte" path="/Users/jonathangadeaharder/Documents/projects/games/Chess/web/src/lib/components/screens/OnboardingScreen.svelte">
        <metrics statements="21" coveredstatements="21" conditionals="12" coveredconditionals="11" methods="10" coveredmethods="10"/>
        <line num="8" count="15" type="stmt"/>
        <line num="10" count="15" type="stmt"/>
        <line num="39" count="16" type="cond" truecount="2" falsecount="0"/>
        <line num="40" count="15" type="stmt"/>
        <line num="47" count="1" type="cond" truecount="1" falsecount="1"/>
        <line num="48" count="1" type="stmt"/>
        <line num="53" count="31" type="stmt"/>
        <line num="60" count="15" type="stmt"/>
        <line num="68" count="77" type="stmt"/>
        <line num="69" count="31" type="stmt"/>
        <line num="78" count="31" type="stmt"/>
        <line num="80" count="31" type="stmt"/>
        <line num="88" count="31" type="stmt"/>
        <line num="93" count="15" type="stmt"/>
        <line num="99" count="15" type="stmt"/>
        <line num="100" count="155" type="stmt"/>
        <line num="112" count="15" type="stmt"/>
        <line num="117" count="31" type="cond" truecount="2" falsecount="0"/>
        <line num="118" count="6" type="stmt"/>
        <line num="120" count="15" type="stmt"/>
        <line num="121" count="31" type="cond" truecount="2" falsecount="0"/>
      </file>
      <file name="PlayScreen.svelte" path="/Users/jonathangadeaharder/Documents/projects/games/Chess/web/src/lib/components/screens/PlayScreen.svelte">
        <metrics statements="34" coveredstatements="34" conditionals="10" coveredconditionals="10" methods="19" coveredmethods="19"/>
        <line num="10" count="14" type="stmt"/>
        <line num="11" count="14" type="stmt"/>
        <line num="13" count="14" type="stmt"/>
        <line num="19" count="14" type="stmt"/>
        <line num="26" count="14" type="stmt"/>
        <line num="27" count="14" type="stmt"/>
        <line num="28" count="14" type="stmt"/>
        <line num="30" count="14" type="stmt"/>
        <line num="31" count="14" type="stmt"/>
        <line num="32" count="14" type="stmt"/>
        <line num="43" count="14" type="stmt"/>
        <line num="44" count="84" type="stmt"/>
        <line num="45" count="45" type="stmt"/>
        <line num="46" count="1" type="stmt"/>
        <line num="56" count="45" type="stmt"/>
        <line num="61" count="45" type="stmt"/>
        <line num="63" count="45" type="stmt"/>
        <line num="69" count="45" type="stmt"/>
        <line num="76" count="14" type="stmt"/>
        <line num="77" count="14" type="stmt"/>
        <line num="88" count="14" type="stmt"/>
        <line num="89" count="84" type="stmt"/>
        <line num="90" count="45" type="stmt"/>
        <line num="91" count="1" type="stmt"/>
        <line num="104" count="45" type="stmt"/>
        <line num="110" count="42" type="stmt"/>
        <line num="111" count="45" type="stmt"/>
        <line num="117" count="45" type="stmt"/>
        <line num="119" count="45" type="stmt"/>
        <line num="125" count="45" type="stmt"/>
        <line num="128" count="45" type="cond" truecount="2" falsecount="0"/>
        <line num="129" count="15" type="stmt"/>
        <line num="136" count="14" type="stmt"/>
        <line num="137" count="28" type="stmt"/>
      </file>
      <file name="PuzzleScreen.svelte" path="/Users/jonathangadeaharder/Documents/projects/games/Chess/web/src/lib/components/screens/PuzzleScreen.svelte">
        <metrics statements="84" coveredstatements="58" conditionals="46" coveredconditionals="25" methods="28" coveredmethods="21"/>
        <line num="15" count="16" type="stmt"/>
        <line num="42" count="16" type="stmt"/>
        <line num="49" count="20" type="cond" truecount="1" falsecount="1"/>
        <line num="50" count="0" type="stmt"/>
        <line num="52" count="16" type="stmt"/>
        <line num="53" count="16" type="stmt"/>
        <line num="54" count="16" type="stmt"/>
        <line num="55" count="16" type="stmt"/>
        <line num="56" count="16" type="stmt"/>
        <line num="58" count="16" type="stmt"/>
        <line num="60" count="16" type="stmt"/>
        <line num="61" count="0" type="cond" truecount="0" falsecount="2"/>
        <line num="62" count="0" type="stmt"/>
        <line num="65" count="16" type="stmt"/>
        <line num="66" count="17" type="cond" truecount="1" falsecount="1"/>
        <line num="69" count="16" type="stmt"/>
        <line num="70" count="22" type="cond" truecount="1" falsecount="1"/>
        <line num="71" count="22" type="cond" truecount="3" falsecount="1"/>
        <line num="72" count="17" type="stmt"/>
        <line num="75" count="0" type="stmt"/>
        <line num="77" count="16" type="stmt"/>
        <line num="78" count="0" type="cond" truecount="0" falsecount="4"/>
        <line num="79" count="0" type="stmt"/>
        <line num="86" count="0" type="cond" truecount="0" falsecount="4"/>
        <line num="88" count="0" type="stmt"/>
        <line num="89" count="0" type="stmt"/>
        <line num="91" count="0" type="cond" truecount="0" falsecount="2"/>
        <line num="92" count="0" type="stmt"/>
        <line num="93" count="0" type="stmt"/>
        <line num="94" count="0" type="stmt"/>
        <line num="96" count="0" type="stmt"/>
        <line num="97" count="0" type="stmt"/>
        <line num="98" count="0" type="cond" truecount="0" falsecount="2"/>
        <line num="99" count="0" type="stmt"/>
        <line num="100" count="0" type="stmt"/>
        <line num="106" count="1" type="stmt"/>
        <line num="107" count="1" type="stmt"/>
        <line num="108" count="1" type="stmt"/>
        <line num="109" count="1" type="stmt"/>
        <line num="110" count="1" type="stmt"/>
        <line num="114" count="5" type="cond" truecount="1" falsecount="1"/>
        <line num="115" count="5" type="stmt"/>
        <line num="116" count="5" type="stmt"/>
        <line num="118" count="5" type="stmt"/>
        <line num="119" count="5" type="stmt"/>
        <line num="120" count="5" type="stmt"/>
        <line num="124" count="1" type="stmt"/>
        <line num="125" count="1" type="stmt"/>
        <line num="126" count="1" type="stmt"/>
        <line num="127" count="1" type="stmt"/>
        <line num="130" count="16" type="stmt"/>
        <line num="131" count="22" type="cond" truecount="3" falsecount="1"/>
        <line num="132" count="0" type="stmt"/>
        <line num="133" count="0" type="stmt"/>
        <line num="135" count="0" type="stmt"/>
        <line num="140" count="16" type="stmt"/>
        <line num="146" count="16" type="stmt"/>
        <line num="147" count="16" type="stmt"/>
        <line num="154" count="22" type="stmt"/>
        <line num="155" count="22" type="cond" truecount="2" falsecount="0"/>
        <line num="166" count="16" type="stmt"/>
        <line num="167" count="16" type="stmt"/>
        <line num="168" count="0" type="stmt"/>
        <line num="169" count="0" type="stmt"/>
        <line num="170" count="0" type="stmt"/>
        <line num="171" count="0" type="stmt"/>
        <line num="177" count="16" type="stmt"/>
        <line num="178" count="22" type="cond" truecount="3" falsecount="1"/>
        <line num="179" count="0" type="stmt"/>
        <line num="180" count="17" type="stmt"/>
        <line num="181" count="5" type="stmt"/>
        <line num="183" count="17" type="stmt"/>
        <line num="188" count="22" type="cond" truecount="2" falsecount="0"/>
        <line num="189" count="5" type="stmt"/>
        <line num="190" count="5" type="stmt"/>
        <line num="195" count="22" type="cond" truecount="4" falsecount="0"/>
        <line num="196" count="17" type="stmt"/>
        <line num="197" count="17" type="stmt"/>
        <line num="198" count="51" type="stmt"/>
        <line num="204" count="16" type="stmt"/>
        <line num="205" count="22" type="cond" truecount="4" falsecount="0"/>
        <line num="206" count="5" type="stmt"/>
        <line num="209" count="5" type="stmt"/>
        <line num="213" count="17" type="stmt"/>
      </file>
      <file name="ScanScreen.svelte" path="/Users/jonathangadeaharder/Documents/projects/games/Chess/web/src/lib/components/screens/ScanScreen.svelte">
        <metrics statements="131" coveredstatements="110" conditionals="60" coveredconditionals="37" methods="51" coveredmethods="47"/>
        <line num="21" count="36" type="stmt"/>
        <line num="27" count="36" type="stmt"/>
        <line num="28" count="36" type="stmt"/>
        <line num="30" count="36" type="stmt"/>
        <line num="31" count="36" type="stmt"/>
        <line num="32" count="36" type="stmt"/>
        <line num="39" count="36" type="stmt"/>
        <line num="40" count="36" type="stmt"/>
        <line num="41" count="36" type="stmt"/>
        <line num="42" count="36" type="stmt"/>
        <line num="43" count="36" type="stmt"/>
        <line num="44" count="36" type="stmt"/>
        <line num="45" count="36" type="stmt"/>
        <line num="47" count="36" type="stmt"/>
        <line num="48" count="340" type="cond" truecount="1" falsecount="1"/>
        <line num="51" count="0" type="stmt"/>
        <line num="52" count="5" type="stmt"/>
        <line num="54" count="36" type="stmt"/>
        <line num="55" count="5" type="cond" truecount="1" falsecount="1"/>
        <line num="56" count="5" type="stmt"/>
        <line num="59" count="36" type="stmt"/>
        <line num="61" count="36" type="stmt"/>
        <line num="62" count="72" type="stmt"/>
        <line num="65" count="36" type="stmt"/>
        <line num="66" count="0" type="stmt"/>
        <line num="67" count="0" type="stmt"/>
[...]
        <line num="60" count="45" type="cond" truecount="5" falsecount="0"/>
        <line num="62" count="20" type="stmt"/>
        <line num="64" count="20" type="stmt"/>
        <line num="66" count="1" type="stmt"/>
        <line num="68" count="2" type="cond" truecount="2" falsecount="0"/>
        <line num="70" count="2" type="cond" truecount="2" falsecount="0"/>
        <line num="80" count="19" type="stmt"/>
        <line num="81" count="19" type="stmt"/>
        <line num="82" count="19" type="stmt"/>
        <line num="84" count="19" type="stmt"/>
        <line num="85" count="38" type="stmt"/>
        <line num="86" count="38" type="stmt"/>
        <line num="87" count="38" type="stmt"/>
        <line num="88" count="38" type="stmt"/>
        <line num="89" count="12" type="cond" truecount="2" falsecount="0"/>
        <line num="90" count="8" type="stmt"/>
        <line num="92" count="4" type="stmt"/>
        <line num="97" count="19" type="cond" truecount="2" falsecount="0"/>
        <line num="98" count="18" type="stmt"/>
        <line num="99" count="18" type="cond" truecount="2" falsecount="0"/>
        <line num="100" count="4" type="cond" truecount="2" falsecount="0"/>
        <line num="101" count="2" type="cond" truecount="2" falsecount="0"/>
        <line num="102" count="1" type="stmt"/>
        <line num="105" count="2" type="stmt"/>
      </file>
    </package>
    <package name="lib.repositories">
      <metrics statements="146" coveredstatements="50" conditionals="88" coveredconditionals="7" methods="60" coveredmethods="35"/>
      <file name="achievement.svelte.ts" path="/Users/jonathangadeaharder/Documents/projects/games/Chess/web/src/lib/repositories/achievement.svelte.ts">
        <metrics statements="21" coveredstatements="8" conditionals="8" coveredconditionals="0" methods="9" coveredmethods="6"/>
        <line num="11" count="5" type="stmt"/>
        <line num="12" count="5" type="stmt"/>
        <line num="13" count="5" type="stmt"/>
        <line num="16" count="0" type="stmt"/>
        <line num="17" count="0" type="stmt"/>
        <line num="18" count="0" type="stmt"/>
        <line num="19" count="0" type="stmt"/>
        <line num="20" count="0" type="cond" truecount="0" falsecount="2"/>
        <line num="21" count="0" type="cond" truecount="0" falsecount="2"/>
        <line num="23" count="0" type="cond" truecount="0" falsecount="2"/>
        <line num="25" count="0" type="stmt"/>
        <line num="30" count="0" type="stmt"/>
        <line num="36" count="0" type="stmt"/>
        <line num="37" count="0" type="cond" truecount="0" falsecount="2"/>
        <line num="38" count="0" type="stmt"/>
        <line num="42" count="1" type="stmt"/>
        <line num="48" count="1" type="stmt"/>
        <line num="52" count="2" type="stmt"/>
        <line num="57" count="1" type="stmt"/>
        <line num="60" count="1" type="stmt"/>
        <line num="63" count="0" type="stmt"/>
      </file>
      <file name="base.svelte.ts" path="/Users/jonathangadeaharder/Documents/projects/games/Chess/web/src/lib/repositories/base.svelte.ts">
        <metrics statements="24" coveredstatements="7" conditionals="16" coveredconditionals="2" methods="12" coveredmethods="5"/>
        <line num="8" count="5" type="stmt"/>
        <line num="9" count="5" type="stmt"/>
        <line num="10" count="5" type="stmt"/>
        <line num="13" count="0" type="stmt"/>
        <line num="14" count="0" type="stmt"/>
        <line num="15" count="0" type="stmt"/>
        <line num="16" count="0" type="stmt"/>
        <line num="17" count="0" type="cond" truecount="0" falsecount="2"/>
        <line num="18" count="0" type="cond" truecount="0" falsecount="2"/>
        <line num="20" count="0" type="cond" truecount="0" falsecount="2"/>
        <line num="22" count="0" type="stmt"/>
        <line num="27" count="1" type="cond" truecount="2" falsecount="0"/>
        <line num="31" count="0" type="stmt"/>
        <line num="32" count="0" type="cond" truecount="0" falsecount="2"/>
        <line num="33" count="0" type="stmt"/>
        <line num="37" count="0" type="stmt"/>
        <line num="41" count="0" type="cond" truecount="0" falsecount="2"/>
        <line num="42" count="0" type="cond" truecount="0" falsecount="2"/>
        <line num="46" count="0" type="stmt"/>
        <line num="47" count="0" type="cond" truecount="0" falsecount="2"/>
        <line num="48" count="0" type="stmt"/>
        <line num="53" count="2" type="stmt"/>
        <line num="56" count="1" type="stmt"/>
        <line num="59" count="1" type="stmt"/>
      </file>
      <file name="game.svelte.ts" path="/Users/jonathangadeaharder/Documents/projects/games/Chess/web/src/lib/repositories/game.svelte.ts">
        <metrics statements="26" coveredstatements="13" conditionals="12" coveredconditionals="3" methods="8" coveredmethods="5"/>
        <line num="22" count="6" type="stmt"/>
        <line num="23" count="6" type="stmt"/>
        <line num="24" count="6" type="stmt"/>
        <line num="27" count="0" type="stmt"/>
        <line num="28" count="0" type="stmt"/>
        <line num="29" count="0" type="stmt"/>
        <line num="30" count="0" type="stmt"/>
        <line num="34" count="0" type="cond" truecount="0" falsecount="2"/>
        <line num="35" count="0" type="cond" truecount="0" falsecount="2"/>
        <line num="37" count="0" type="cond" truecount="0" falsecount="2"/>
        <line num="39" count="0" type="stmt"/>
        <line num="44" count="0" type="stmt"/>
        <line num="45" count="0" type="cond" truecount="0" falsecount="2"/>
        <line num="46" count="0" type="stmt"/>
        <line num="50" count="2" type="stmt"/>
        <line num="54" count="2" type="stmt"/>
        <line num="55" count="2" type="stmt"/>
        <line num="56" count="2" type="stmt"/>
        <line num="57" count="2" type="stmt"/>
        <line num="58" count="2" type="cond" truecount="3" falsecount="1"/>
        <line num="59" count="1" type="stmt"/>
        <line num="60" count="0" type="stmt"/>
        <line num="62" count="2" type="stmt"/>
        <line num="67" count="1" type="stmt"/>
        <line num="70" count="1" type="stmt"/>
        <line num="73" count="0" type="stmt"/>
      </file>
      <file name="lesson.svelte.ts" path="/Users/jonathangadeaharder/Documents/projects/games/Chess/web/src/lib/repositories/lesson.svelte.ts">
        <metrics statements="28" coveredstatements="8" conditionals="20" coveredconditionals="2" methods="13" coveredmethods="8"/>
        <line num="12" count="7" type="stmt"/>
        <line num="13" count="7" type="stmt"/>
        <line num="14" count="7" type="stmt"/>
        <line num="17" count="0" type="stmt"/>
        <line num="18" count="0" type="stmt"/>
        <line num="19" count="0" type="stmt"/>
        <line num="20" count="0" type="stmt"/>
        <line num="21" count="0" type="cond" truecount="0" falsecount="2"/>
        <line num="22" count="0" type="cond" truecount="0" falsecount="2"/>
        <line num="24" count="0" type="cond" truecount="0" falsecount="2"/>
        <line num="26" count="0" type="stmt"/>
        <line num="31" count="0" type="stmt"/>
        <line num="32" count="0" type="cond" truecount="0" falsecount="4"/>
        <line num="34" count="0" type="cond" truecount="0" falsecount="2"/>
        <line num="35" count="0" type="stmt"/>
        <line num="39" count="0" type="stmt"/>
        <line num="43" count="0" type="cond" truecount="0" falsecount="2"/>
        <line num="44" count="0" type="cond" truecount="0" falsecount="2"/>
        <line num="46" count="0" type="stmt"/>
        <line num="53" count="0" type="stmt"/>
        <line num="54" count="0" type="cond" truecount="0" falsecount="2"/>
        <line num="55" count="0" type="stmt"/>
        <line num="60" count="1" type="stmt"/>
        <line num="64" count="2" type="stmt"/>
        <line num="68" count="2" type="cond" truecount="2" falsecount="0"/>
        <line num="73" count="1" type="stmt"/>
        <line num="76" count="1" type="stmt"/>
        <line num="79" count="0" type="stmt"/>
      </file>
      <file name="puzzle.svelte.ts" path="/Users/jonathangadeaharder/Documents/projects/games/Chess/web/src/lib/repositories/puzzle.svelte.ts">
        <metrics statements="26" coveredstatements="7" conditionals="22" coveredconditionals="0" methods="11" coveredmethods="6"/>
        <line num="13" count="6" type="stmt"/>
        <line num="14" count="6" type="stmt"/>
        <line num="15" count="6" type="stmt"/>
        <line num="18" count="0" type="stmt"/>
        <line num="19" count="0" type="stmt"/>
        <line num="20" count="0" type="stmt"/>
        <line num="21" count="0" type="stmt"/>
        <line num="22" count="0" type="cond" truecount="0" falsecount="2"/>
        <line num="23" count="0" type="cond" truecount="0" falsecount="2"/>
        <line num="25" count="0" type="cond" truecount="0" falsecount="2"/>
        <line num="27" count="0" type="stmt"/>
        <line num="32" count="0" type="stmt"/>
        <line num="33" count="0" type="cond" truecount="0" falsecount="2"/>
        <line num="34" count="0" type="stmt"/>
        <line num="39" count="0" type="stmt"/>
        <line num="43" count="0" type="cond" truecount="0" falsecount="2"/>
        <line num="44" count="0" type="cond" truecount="0" falsecount="2"/>
        <line num="46" count="0" type="stmt"/>
        <line num="54" count="0" type="stmt"/>
        <line num="55" count="0" type="cond" truecount="0" falsecount="2"/>
        <line num="56" count="0" type="stmt"/>
        <line num="61" count="2" type="stmt"/>
        <line num="65" count="2" type="stmt"/>
        <line num="70" count="1" type="stmt"/>
        <line num="73" count="1" type="stmt"/>
        <line num="76" count="0" type="stmt"/>
      </file>
      <file name="user.svelte.ts" path="/Users/jonathangadeaharder/Documents/projects/games/Chess/web/src/lib/repositories/user.svelte.ts">
        <metrics statements="21" coveredstatements="7" conditionals="10" coveredconditionals="0" methods="7" coveredmethods="5"/>
        <line num="15" count="4" type="stmt"/>
        <line num="16" count="4" type="stmt"/>
        <line num="17" count="4" type="stmt"/>
        <line num="20" count="0" type="stmt"/>
        <line num="21" count="0" type="stmt"/>
        <line num="22" count="0" type="stmt"/>
        <line num="24" count="0" type="stmt"/>
        <line num="26" count="0" type="cond" truecount="0" falsecount="2"/>
        <line num="28" count="0" type="stmt"/>
        <line num="34" count="0" type="cond" truecount="0" falsecount="2"/>
        <line num="35" count="0" type="stmt"/>
        <line num="37" count="0" type="cond" truecount="0" falsecount="2"/>
        <line num="39" count="0" type="stmt"/>
        <line num="44" count="0" type="cond" truecount="0" falsecount="2"/>
        <line num="45" count="0" type="stmt"/>
        <line num="46" count="0" type="cond" truecount="0" falsecount="2"/>
        <line num="47" count="0" type="stmt"/>
        <line num="51" count="1" type="stmt"/>
        <line num="56" count="4" type="stmt"/>
        <line num="59" count="1" type="stmt"/>
        <line num="62" count="1" type="stmt"/>
      </file>
    </package>
    <package name="lib.stores">
      <metrics statements="35" coveredstatements="32" conditionals="13" coveredconditionals="11" methods="19" coveredmethods="18"/>
      <file name="auth.svelte.ts" path="/Users/jonathangadeaharder/Documents/projects/games/Chess/web/src/lib/stores/auth.svelte.ts">
        <metrics statements="23" coveredstatements="20" conditionals="12" coveredconditionals="10" methods="10" coveredmethods="9"/>
        <line num="5" count="2" type="stmt"/>
        <line num="6" count="2" type="stmt"/>
        <line num="7" count="2" type="stmt"/>
        <line num="9" count="2" type="stmt"/>
        <line num="10" count="2" type="stmt"/>
        <line num="11" count="2" type="cond" truecount="2" falsecount="0"/>
        <line num="12" count="2" type="stmt"/>
        <line num="15" count="2" type="stmt"/>
        <line num="16" count="0" type="stmt"/>
        <line num="17" count="0" type="cond" truecount="0" falsecount="2"/>
        <line num="18" count="0" type="stmt"/>
        <line num="23" count="1" type="stmt"/>
        <line num="26" count="1" type="stmt"/>
        <line num="29" count="1" type="stmt"/>
        <line num="32" count="2" type="stmt"/>
        <line num="33" count="2" type="cond" truecount="2" falsecount="0"/>
        <line num="36" count="2" type="stmt"/>
        <line num="41" count="2" type="cond" truecount="2" falsecount="0"/>
        <line num="44" count="2" type="stmt"/>
        <line num="45" count="2" type="cond" truecount="2" falsecount="0"/>
        <line num="48" count="2" type="stmt"/>
        <line num="49" count="2" type="cond" truecount="2" falsecount="0"/>
        <line num="54" count="2" type="stmt"/>
      </file>
      <file name="overlay.svelte.ts" path="/Users/jonathangadeaharder/Documents/projects/games/Chess/web/src/lib/stores/overlay.svelte.ts">
        <metrics statements="12" coveredstatements="12" conditionals="1" coveredconditionals="1" methods="9" coveredmethods="9"/>
        <line num="4" count="2" type="stmt"/>
        <line num="5" count="2" type="stmt"/>
        <line num="9" count="8" type="stmt"/>
        <line num="12" count="3" type="stmt"/>
        <line num="15" count="2" type="stmt"/>
        <line num="18" count="1" type="stmt"/>
        <line num="21" count="1" type="stmt"/>
        <line num="24" count="1" type="stmt"/>
        <line num="27" count="2" type="stmt"/>
        <line num="28" count="2" type="stmt"/>
        <line num="31" count="1" type="stmt"/>
        <line num="36" count="2" type="stmt"/>
      </file>
    </package>
    <package name="routes.auth">
      <metrics statements="66" coveredstatements="37" conditionals="26" coveredconditionals="12" methods="18" coveredmethods="12"/>
      <file name="+page.svelte" path="/Users/jonathangadeaharder/Documents/projects/games/Chess/web/src/routes/auth/+page.svelte">
        <metrics statements="66" coveredstatements="37" conditionals="26" coveredconditionals="12" methods="18" coveredmethods="12"/>
        <line num="9" count="11" type="stmt"/>
        <line num="10" count="11" type="stmt"/>
        <line num="11" count="11" type="stmt"/>
        <line num="12" count="11" type="stmt"/>
        <line num="13" count="11" type="stmt"/>
        <line num="14" count="11" type="stmt"/>
        <line num="15" count="11" type="stmt"/>
        <line num="18" count="0" type="stmt"/>
        <line num="19" count="0" type="stmt"/>
        <line num="20" count="0" type="stmt"/>
        <line num="22" count="0" type="stmt"/>
        <line num="23" count="0" type="cond" truecount="0" falsecount="2"/>
        <line num="24" count="0" type="stmt"/>
        <line num="25" count="0" type="cond" truecount="0" falsecount="2"/>
        <line num="26" count="0" type="stmt"/>
        <line num="28" count="0" type="stmt"/>
        <line num="31" count="0" type="stmt"/>
        <line num="32" count="0" type="cond" truecount="0" falsecount="2"/>
        <line num="33" count="0" type="stmt"/>
        <line num="35" count="0" type="stmt"/>
        <line num="39" count="0" type="stmt"/>
        <line num="44" count="0" type="stmt"/>
        <line num="45" count="0" type="stmt"/>
        <line num="47" count="0" type="stmt"/>
        <line num="48" count="0" type="stmt"/>
        <line num="49" count="0" type="cond" truecount="0" falsecount="2"/>
        <line num="50" count="0" type="stmt"/>
        <line num="52" count="0" type="stmt"/>
        <line num="55" count="0" type="stmt"/>
        <line num="60" count="11" type="stmt"/>
        <line num="61" count="11" type="cond" truecount="1" falsecount="1"/>
        <line num="64" count="11" type="stmt"/>
        <line num="65" count="11" type="stmt"/>
        <line num="66" count="11" type="stmt"/>
        <line num="67" count="11" type="cond" truecount="1" falsecount="1"/>
        <line num="68" count="11" type="stmt"/>
        <line num="69" count="11" type="stmt"/>
        <line num="70" count="11" type="stmt"/>
        <line num="74" count="11" type="cond" truecount="1" falsecount="1"/>
        <line num="75" count="0" type="stmt"/>
        <line num="76" count="0" type="stmt"/>
        <line num="79" count="0" type="stmt"/>
        <line num="84" count="11" type="stmt"/>
        <line num="85" count="15" type="cond" truecount="2" falsecount="0"/>
        <line num="86" count="3" type="stmt"/>
        <line num="87" count="3" type="stmt"/>
        <line num="88" count="3" type="stmt"/>
        <line num="91" count="0" type="stmt"/>
        <line num="99" count="11" type="stmt"/>
        <line num="100" count="11" type="stmt"/>
        <line num="101" count="11" type="stmt"/>
        <line num="104" count="0" type="stmt"/>
        <line num="111" count="11" type="stmt"/>
        <line num="112" count="11" type="stmt"/>
        <line num="113" count="11" type="stmt"/>
        <line num="116" count="0" type="stmt"/>
        <line num="124" count="11" type="cond" truecount="1" falsecount="1"/>
        <line num="125" count="0" type="stmt"/>
        <line num="128" count="15" type="cond" truecount="3" falsecount="1"/>
        <line num="130" count="11" type="cond" truecount="1" falsecount="1"/>
        <line num="141" count="11" type="stmt"/>
        <line num="142" count="15" type="cond" truecount="2" falsecount="0"/>
        <line num="143" count="12" type="stmt"/>
        <line num="145" count="12" type="stmt"/>
        <line num="150" count="3" type="stmt"/>
        <line num="152" count="3" type="stmt"/>
      </file>
    </package>
    <package name="routes.learn">
      <metrics statements="4" coveredstatements="3" conditionals="2" coveredconditionals="1" methods="4" coveredmethods="3"/>
      <file name="+page.svelte" path="/Users/jonathangadeaharder/Documents/projects/games/Chess/web/src/routes/learn/+page.svelte">
        <metrics statements="4" coveredstatements="3" conditionals="2" coveredconditionals="1" methods="4" coveredmethods="3"/>
        <line num="6" count="0" type="stmt"/>
        <line num="10" count="4" type="stmt"/>
        <line num="11" count="4" type="cond" truecount="1" falsecount="1"/>
        <line num="14" count="4" type="stmt"/>
      </file>
    </package>
    <package name="routes.train">
      <metrics statements="5" coveredstatements="3" conditionals="2" coveredconditionals="1" methods="5" coveredmethods="3"/>
      <file name="+page.svelte" path="/Users/jonathangadeaharder/Documents/projects/games/Chess/web/src/routes/train/+page.svelte">
        <metrics statements="5" coveredstatements="3" conditionals="2" coveredconditionals="1" methods="5" coveredmethods="3"/>
        <line num="7" count="0" type="stmt"/>
        <line num="11" count="0" type="stmt"/>
        <line num="15" count="4" type="stmt"/>
        <line num="16" count="4" type="cond" truecount="1" falsecount="1"/>
        <line num="19" count="4" type="stmt"/>
      </file>
    </package>
    <package name="routes.you">
      <metrics statements="6" coveredstatements="5" conditionals="2" coveredconditionals="1" methods="4" coveredmethods="3"/>
      <file name="+page.svelte" path="/Users/jonathangadeaharder/Documents/projects/games/Chess/web/src/routes/you/+page.svelte">
        <metrics statements="6" coveredstatements="5" conditionals="2" coveredconditionals="1" methods="4" coveredmethods="3"/>
        <line num="6" count="4" type="stmt"/>
        <line num="7" count="4" type="stmt"/>
        <line num="10" count="0" type="stmt"/>
        <line num="14" count="4" type="stmt"/>
        <line num="15" count="4" type="cond" truecount="1" falsecount="1"/>
        <line num="18" count="4" type="stmt"/>
      </file>
    </package>
  </project>
</coverage>
