{"/Users/jonathangadeaharder/Documents/projects/games/Chess/web/src/lib/analysis.svelte.ts": {"path":"/Users/jonathangadeaharder/Documents/projects/games/Chess/web/src/lib/analysis.svelte.ts","statementMap":{"0":{"start":{"line":37,"column":8},"end":{"line":37,"column":null}},"1":{"start":{"line":41,"column":8},"end":{"line":41,"column":null}},"2":{"start":{"line":45,"column":21},"end":{"line":45,"column":null}},"3":{"start":{"line":46,"column":13},"end":{"line":46,"column":null}},"4":{"start":{"line":48,"column":5},"end":{"line":48,"column":null}},"5":{"start":{"line":49,"column":5},"end":{"line":49,"column":null}},"6":{"start":{"line":50,"column":5},"end":{"line":50,"column":null}},"7":{"start":{"line":51,"column":5},"end":{"line":51,"column":null}},"8":{"start":{"line":53,"column":7},"end":{"line":60,"column":null}},"9":{"start":{"line":54,"column":6},"end":{"line":54,"column":null}},"10":{"start":{"line":54,"column":30},"end":{"line":54,"column":null}},"11":{"start":{"line":55,"column":16},"end":{"line":55,"column":null}},"12":{"start":{"line":62,"column":7},"end":{"line":66,"column":null}},"13":{"start":{"line":63,"column":6},"end":{"line":63,"column":null}},"14":{"start":{"line":63,"column":30},"end":{"line":63,"column":null}},"15":{"start":{"line":64,"column":16},"end":{"line":64,"column":null}},"16":{"start":{"line":65,"column":11},"end":{"line":65,"column":null}},"17":{"start":{"line":68,"column":7},"end":{"line":72,"column":null}},"18":{"start":{"line":69,"column":6},"end":{"line":69,"column":null}},"19":{"start":{"line":69,"column":30},"end":{"line":69,"column":null}},"20":{"start":{"line":70,"column":16},"end":{"line":70,"column":null}},"21":{"start":{"line":71,"column":11},"end":{"line":71,"column":null}},"22":{"start":{"line":74,"column":7},"end":{"line":78,"column":null}},"23":{"start":{"line":75,"column":6},"end":{"line":75,"column":null}},"24":{"start":{"line":75,"column":30},"end":{"line":75,"column":null}},"25":{"start":{"line":76,"column":16},"end":{"line":76,"column":null}},"26":{"start":{"line":80,"column":7},"end":{"line":87,"column":null}},"27":{"start":{"line":81,"column":6},"end":{"line":81,"column":null}},"28":{"start":{"line":81,"column":30},"end":{"line":81,"column":null}},"29":{"start":{"line":82,"column":16},"end":{"line":82,"column":null}},"30":{"start":{"line":89,"column":7},"end":{"line":92,"column":null}},"31":{"start":{"line":95,"column":7},"end":{"line":102,"column":null}},"32":{"start":{"line":96,"column":8},"end":{"line":96,"column":null}},"33":{"start":{"line":97,"column":8},"end":{"line":97,"column":null}},"34":{"start":{"line":98,"column":11},"end":{"line":100,"column":null}},"35":{"start":{"line":98,"column":15},"end":{"line":98,"column":18}},"36":{"start":{"line":99,"column":3},"end":{"line":99,"column":null}},"37":{"start":{"line":101,"column":9},"end":{"line":101,"column":null}},"38":{"start":{"line":105,"column":6},"end":{"line":107,"column":null}},"39":{"start":{"line":106,"column":3},"end":{"line":106,"column":null}},"40":{"start":{"line":111,"column":6},"end":{"line":113,"column":null}},"41":{"start":{"line":112,"column":3},"end":{"line":112,"column":null}},"42":{"start":{"line":117,"column":6},"end":{"line":119,"column":null}},"43":{"start":{"line":118,"column":3},"end":{"line":118,"column":null}},"44":{"start":{"line":123,"column":6},"end":{"line":123,"column":null}},"45":{"start":{"line":124,"column":2},"end":{"line":124,"column":null}},"46":{"start":{"line":125,"column":2},"end":{"line":125,"column":null}},"47":{"start":{"line":126,"column":2},"end":{"line":126,"column":null}},"48":{"start":{"line":127,"column":2},"end":{"line":127,"column":null}},"49":{"start":{"line":129,"column":6},"end":{"line":133,"column":null}},"50":{"start":{"line":130,"column":3},"end":{"line":130,"column":null}},"51":{"start":{"line":131,"column":3},"end":{"line":131,"column":null}},"52":{"start":{"line":135,"column":8},"end":{"line":135,"column":null}},"53":{"start":{"line":137,"column":12},"end":{"line":146,"column":null}},"54":{"start":{"line":138,"column":9},"end":{"line":144,"column":null}},"55":{"start":{"line":139,"column":8},"end":{"line":143,"column":null}},"56":{"start":{"line":140,"column":5},"end":{"line":140,"column":null}},"57":{"start":{"line":142,"column":5},"end":{"line":142,"column":null}},"58":{"start":{"line":145,"column":3},"end":{"line":145,"column":null}},"59":{"start":{"line":148,"column":8},"end":{"line":148,"column":null}},"60":{"start":{"line":149,"column":21},"end":{"line":149,"column":null}},"61":{"start":{"line":150,"column":8},"end":{"line":150,"column":null}},"62":{"start":{"line":152,"column":11},"end":{"line":183,"column":null}},"63":{"start":{"line":152,"column":15},"end":{"line":152,"column":18}},"64":{"start":{"line":153,"column":16},"end":{"line":153,"column":null}},"65":{"start":{"line":154,"column":9},"end":{"line":154,"column":null}},"66":{"start":{"line":155,"column":3},"end":{"line":155,"column":null}},"67":{"start":{"line":156,"column":20},"end":{"line":156,"column":null}},"68":{"start":{"line":158,"column":9},"end":{"line":158,"column":null}},"69":{"start":{"line":160,"column":7},"end":{"line":164,"column":null}},"70":{"start":{"line":161,"column":4},"end":{"line":161,"column":null}},"71":{"start":{"line":163,"column":4},"end":{"line":163,"column":null}},"72":{"start":{"line":165,"column":26},"end":{"line":165,"column":null}},"73":{"start":{"line":166,"column":16},"end":{"line":166,"column":null}},"74":{"start":{"line":167,"column":9},"end":{"line":167,"column":null}},"75":{"start":{"line":168,"column":19},"end":{"line":168,"column":null}},"76":{"start":{"line":170,"column":3},"end":{"line":178,"column":null}},"77":{"start":{"line":181,"column":3},"end":{"line":181,"column":null}},"78":{"start":{"line":182,"column":3},"end":{"line":182,"column":null}},"79":{"start":{"line":185,"column":2},"end":{"line":185,"column":null}},"80":{"start":{"line":186,"column":2},"end":{"line":186,"column":null}},"81":{"start":{"line":187,"column":2},"end":{"line":187,"column":null}},"82":{"start":{"line":188,"column":2},"end":{"line":188,"column":null}},"83":{"start":{"line":193,"column":10},"end":{"line":193,"column":null}},"84":{"start":{"line":196,"column":10},"end":{"line":196,"column":null}},"85":{"start":{"line":199,"column":10},"end":{"line":199,"column":null}},"86":{"start":{"line":202,"column":10},"end":{"line":202,"column":null}},"87":{"start":{"line":205,"column":10},"end":{"line":205,"column":null}},"88":{"start":{"line":208,"column":10},"end":{"line":208,"column":null}},"89":{"start":{"line":211,"column":10},"end":{"line":211,"column":null}},"90":{"start":{"line":214,"column":10},"end":{"line":214,"column":null}},"91":{"start":{"line":217,"column":10},"end":{"line":217,"column":null}},"92":{"start":{"line":220,"column":10},"end":{"line":220,"column":null}},"93":{"start":{"line":223,"column":10},"end":{"line":223,"column":null}},"94":{"start":{"line":241,"column":7},"end":{"line":243,"column":null}},"95":{"start":{"line":246,"column":10},"end":{"line":256,"column":null}},"96":{"start":{"line":246,"column":14},"end":{"line":246,"column":17}},"97":{"start":{"line":247,"column":19},"end":{"line":247,"column":null}},"98":{"start":{"line":248,"column":8},"end":{"line":248,"column":null}},"99":{"start":{"line":249,"column":17},"end":{"line":249,"column":null}},"100":{"start":{"line":251,"column":2},"end":{"line":251,"column":null}},"101":{"start":{"line":252,"column":2},"end":{"line":252,"column":null}},"102":{"start":{"line":253,"column":6},"end":{"line":255,"column":null}},"103":{"start":{"line":253,"column":45},"end":{"line":253,"column":null}},"104":{"start":{"line":253,"column":52},"end":{"line":255,"column":null}},"105":{"start":{"line":254,"column":50},"end":{"line":254,"column":null}},"106":{"start":{"line":254,"column":57},"end":{"line":255,"column":null}},"107":{"start":{"line":255,"column":53},"end":{"line":255,"column":null}},"108":{"start":{"line":258,"column":8},"end":{"line":258,"column":null}},"109":{"start":{"line":262,"column":7},"end":{"line":270,"column":null}},"110":{"start":{"line":272,"column":8},"end":{"line":272,"column":null}}},"fnMap":{"0":{"name":"classifyMove","decl":{"start":{"line":34,"column":16},"end":{"line":34,"column":null}},"loc":{"start":{"line":36,"column":82},"end":{"line":38,"column":null}},"line":36},"1":{"name":"calculateAccuracy","decl":{"start":{"line":40,"column":16},"end":{"line":40,"column":34}},"loc":{"start":{"line":40,"column":80},"end":{"line":42,"column":null}},"line":40},"2":{"name":"createAnalysis","decl":{"start":{"line":44,"column":16},"end":{"line":44,"column":31}},"loc":{"start":{"line":44,"column":82},"end":{"line":230,"column":null}},"line":44},"3":{"name":"(anonymous_3)","decl":{"start":{"line":53,"column":36},"end":{"line":53,"column":null}},"loc":{"start":{"line":53,"column":36},"end":{"line":60,"column":2}},"line":53},"4":{"name":"(anonymous_4)","decl":{"start":{"line":62,"column":36},"end":{"line":62,"column":null}},"loc":{"start":{"line":62,"column":36},"end":{"line":66,"column":2}},"line":62},"5":{"name":"(anonymous_5)","decl":{"start":{"line":68,"column":36},"end":{"line":68,"column":null}},"loc":{"start":{"line":68,"column":36},"end":{"line":72,"column":2}},"line":68},"6":{"name":"(anonymous_6)","decl":{"start":{"line":74,"column":40},"end":{"line":74,"column":null}},"loc":{"start":{"line":74,"column":40},"end":{"line":78,"column":2}},"line":74},"7":{"name":"(anonymous_7)","decl":{"start":{"line":80,"column":48},"end":{"line":80,"column":null}},"loc":{"start":{"line":80,"column":48},"end":{"line":87,"column":2}},"line":80},"8":{"name":"(anonymous_8)","decl":{"start":{"line":89,"column":7},"end":{"line":89,"column":null}},"loc":{"start":{"line":89,"column":7},"end":{"line":92,"column":null}},"line":89},"9":{"name":"(anonymous_9)","decl":{"start":{"line":95,"column":43},"end":{"line":95,"column":null}},"loc":{"start":{"line":95,"column":43},"end":{"line":102,"column":2}},"line":95},"10":{"name":"goToMove","decl":{"start":{"line":104,"column":10},"end":{"line":104,"column":19}},"loc":{"start":{"line":104,"column":34},"end":{"line":108,"column":null}},"line":104},"11":{"name":"nextMove","decl":{"start":{"line":110,"column":10},"end":{"line":110,"column":21}},"loc":{"start":{"line":110,"column":21},"end":{"line":114,"column":null}},"line":110},"12":{"name":"prevMove","decl":{"start":{"line":116,"column":10},"end":{"line":116,"column":21}},"loc":{"start":{"line":116,"column":21},"end":{"line":120,"column":null}},"line":116},"13":{"name":"analyze","decl":{"start":{"line":122,"column":16},"end":{"line":122,"column":26}},"loc":{"start":{"line":122,"column":26},"end":{"line":189,"column":null}},"line":122},"14":{"name":"(anonymous_14)","decl":{"start":{"line":137,"column":12},"end":{"line":137,"column":27}},"loc":{"start":{"line":137,"column":39},"end":{"line":146,"column":3}},"line":137},"15":{"name":"(anonymous_15)","decl":{"start":{"line":138,"column":9},"end":{"line":138,"column":23}},"loc":{"start":{"line":138,"column":23},"end":{"line":144,"column":null}},"line":138},"16":{"name":"(anonymous_16)","decl":{"start":{"line":192,"column":6},"end":{"line":192,"column":20}},"loc":{"start":{"line":192,"column":20},"end":{"line":194,"column":null}},"line":192},"17":{"name":"(anonymous_17)","decl":{"start":{"line":195,"column":6},"end":{"line":195,"column":17}},"loc":{"start":{"line":195,"column":17},"end":{"line":197,"column":null}},"line":195},"18":{"name":"(anonymous_18)","decl":{"start":{"line":198,"column":6},"end":{"line":198,"column":14}},"loc":{"start":{"line":198,"column":14},"end":{"line":200,"column":null}},"line":198},"19":{"name":"(anonymous_19)","decl":{"start":{"line":201,"column":6},"end":{"line":201,"column":17}},"loc":{"start":{"line":201,"column":17},"end":{"line":203,"column":null}},"line":201},"20":{"name":"(anonymous_20)","decl":{"start":{"line":204,"column":6},"end":{"line":204,"column":17}},"loc":{"start":{"line":204,"column":17},"end":{"line":206,"column":null}},"line":204},"21":{"name":"(anonymous_21)","decl":{"start":{"line":207,"column":6},"end":{"line":207,"column":17}},"loc":{"start":{"line":207,"column":17},"end":{"line":209,"column":null}},"line":207},"22":{"name":"(anonymous_22)","decl":{"start":{"line":210,"column":6},"end":{"line":210,"column":21}},"loc":{"start":{"line":210,"column":21},"end":{"line":212,"column":null}},"line":210},"23":{"name":"(anonymous_23)","decl":{"start":{"line":213,"column":6},"end":{"line":213,"column":29}},"loc":{"start":{"line":213,"column":29},"end":{"line":215,"column":null}},"line":213},"24":{"name":"(anonymous_24)","decl":{"start":{"line":216,"column":6},"end":{"line":216,"column":25}},"loc":{"start":{"line":216,"column":25},"end":{"line":218,"column":null}},"line":216},"25":{"name":"(anonymous_25)","decl":{"start":{"line":219,"column":6},"end":{"line":219,"column":26}},"loc":{"start":{"line":219,"column":26},"end":{"line":221,"column":null}},"line":219},"26":{"name":"(anonymous_26)","decl":{"start":{"line":222,"column":6},"end":{"line":222,"column":24}},"loc":{"start":{"line":222,"column":24},"end":{"line":224,"column":null}},"line":222},"27":{"name":"computeStats","decl":{"start":{"line":240,"column":9},"end":{"line":240,"column":22}},"loc":{"start":{"line":240,"column":52},"end":{"line":259,"column":null}},"line":240},"28":{"name":"getMoveComment","decl":{"start":{"line":261,"column":9},"end":{"line":261,"column":24}},"loc":{"start":{"line":261,"column":94},"end":{"line":273,"column":null}},"line":261}},"branchMap":{"0":{"loc":{"start":{"line":46,"column":13},"end":{"line":46,"column":null}},"type":"binary-expr","locations":[{"start":{"line":46,"column":13},"end":{"line":46,"column":25}},{"start":{"line":46,"column":25},"end":{"line":46,"column":null}}],"line":46},"1":{"loc":{"start":{"line":54,"column":6},"end":{"line":54,"column":null}},"type":"if","locations":[{"start":{"line":54,"column":6},"end":{"line":54,"column":null}},{"start":{},"end":{}}],"line":54},"2":{"loc":{"start":{"line":63,"column":6},"end":{"line":63,"column":null}},"type":"if","locations":[{"start":{"line":63,"column":6},"end":{"line":63,"column":null}},{"start":{},"end":{}}],"line":63},"3":{"loc":{"start":{"line":69,"column":6},"end":{"line":69,"column":null}},"type":"if","locations":[{"start":{"line":69,"column":6},"end":{"line":69,"column":null}},{"start":{},"end":{}}],"line":69},"4":{"loc":{"start":{"line":75,"column":6},"end":{"line":75,"column":null}},"type":"if","locations":[{"start":{"line":75,"column":6},"end":{"line":75,"column":null}},{"start":{},"end":{}}],"line":75},"5":{"loc":{"start":{"line":81,"column":6},"end":{"line":81,"column":null}},"type":"if","locations":[{"start":{"line":81,"column":6},"end":{"line":81,"column":null}},{"start":{},"end":{}}],"line":81},"6":{"loc":{"start":{"line":84,"column":10},"end":{"line":84,"column":null}},"type":"cond-expr","locations":[{"start":{"line":84,"column":34},"end":{"line":84,"column":78}},{"start":{"line":84,"column":78},"end":{"line":84,"column":null}}],"line":84},"7":{"loc":{"start":{"line":85,"column":10},"end":{"line":85,"column":null}},"type":"cond-expr","locations":[{"start":{"line":85,"column":34},"end":{"line":85,"column":78}},{"start":{"line":85,"column":78},"end":{"line":85,"column":null}}],"line":85},"8":{"loc":{"start":{"line":89,"column":7},"end":{"line":92,"column":null}},"type":"cond-expr","locations":[{"start":{"line":90,"column":59},"end":{"line":91,"column":null}},{"start":{"line":92,"column":5},"end":{"line":92,"column":null}}],"line":89},"9":{"loc":{"start":{"line":89,"column":7},"end":{"line":90,"column":null}},"type":"binary-expr","locations":[{"start":{"line":89,"column":7},"end":{"line":90,"column":27}},{"start":{"line":90,"column":22},"end":{"line":90,"column":null}}],"line":89},"10":{"loc":{"start":{"line":97,"column":8},"end":{"line":97,"column":null}},"type":"cond-expr","locations":[{"start":{"line":97,"column":39},"end":{"line":97,"column":66}},{"start":{"line":97,"column":66},"end":{"line":97,"column":null}}],"line":97},"11":{"loc":{"start":{"line":98,"column":18},"end":{"line":98,"column":52}},"type":"binary-expr","locations":[{"start":{"line":98,"column":18},"end":{"line":98,"column":34}},{"start":{"line":98,"column":34},"end":{"line":98,"column":52}}],"line":98},"12":{"loc":{"start":{"line":105,"column":6},"end":{"line":107,"column":null}},"type":"if","locations":[{"start":{"line":105,"column":6},"end":{"line":107,"column":null}},{"start":{},"end":{}}],"line":105},"13":{"loc":{"start":{"line":105,"column":6},"end":{"line":105,"column":43}},"type":"binary-expr","locations":[{"start":{"line":105,"column":6},"end":{"line":105,"column":21}},{"start":{"line":105,"column":21},"end":{"line":105,"column":43}}],"line":105},"14":{"loc":{"start":{"line":111,"column":6},"end":{"line":113,"column":null}},"type":"if","locations":[{"start":{"line":111,"column":6},"end":{"line":113,"column":null}},{"start":{},"end":{}}],"line":111},"15":{"loc":{"start":{"line":117,"column":6},"end":{"line":119,"column":null}},"type":"if","locations":[{"start":{"line":117,"column":6},"end":{"line":119,"column":null}},{"start":{},"end":{}}],"line":117},"16":{"loc":{"start":{"line":123,"column":6},"end":{"line":123,"column":null}},"type":"if","locations":[{"start":{"line":123,"column":6},"end":{"line":123,"column":null}},{"start":{},"end":{}}],"line":123},"17":{"loc":{"start":{"line":129,"column":6},"end":{"line":133,"column":null}},"type":"if","locations":[{"start":{"line":129,"column":6},"end":{"line":133,"column":null}},{"start":{},"end":{}}],"line":129},"18":{"loc":{"start":{"line":139,"column":8},"end":{"line":143,"column":null}},"type":"if","locations":[{"start":{"line":139,"column":8},"end":{"line":143,"column":null}},{"start":{"line":141,"column":11},"end":{"line":143,"column":null}}],"line":139},"19":{"loc":{"start":{"line":160,"column":7},"end":{"line":164,"column":null}},"type":"if","locations":[{"start":{"line":160,"column":7},"end":{"line":164,"column":null}},{"start":{"line":162,"column":10},"end":{"line":164,"column":null}}],"line":160},"20":{"loc":{"start":{"line":161,"column":14},"end":{"line":161,"column":null}},"type":"cond-expr","locations":[{"start":{"line":161,"column":37},"end":{"line":161,"column":45}},{"start":{"line":161,"column":37},"end":{"line":161,"column":null}}],"line":161},"21":{"loc":{"start":{"line":165,"column":26},"end":{"line":165,"column":null}},"type":"cond-expr","locations":[{"start":{"line":165,"column":36},"end":{"line":165,"column":47}},{"start":{"line":165,"column":36},"end":{"line":165,"column":null}}],"line":165},"22":{"loc":{"start":{"line":186,"column":21},"end":{"line":186,"column":null}},"type":"cond-expr","locations":[{"start":{"line":186,"column":40},"end":{"line":186,"column":44}},{"start":{"line":186,"column":40},"end":{"line":186,"column":null}}],"line":186},"23":{"loc":{"start":{"line":249,"column":17},"end":{"line":249,"column":null}},"type":"cond-expr","locations":[{"start":{"line":249,"column":27},"end":{"line":249,"column":41}},{"start":{"line":249,"column":41},"end":{"line":249,"column":null}}],"line":249},"24":{"loc":{"start":{"line":253,"column":6},"end":{"line":255,"column":null}},"type":"if","locations":[{"start":{"line":253,"column":6},"end":{"line":255,"column":null}},{"start":{"line":253,"column":52},"end":{"line":255,"column":null}}],"line":253},"25":{"loc":{"start":{"line":253,"column":52},"end":{"line":255,"column":null}},"type":"if","locations":[{"start":{"line":253,"column":52},"end":{"line":255,"column":null}},{"start":{"line":254,"column":57},"end":{"line":255,"column":null}}],"line":253},"26":{"loc":{"start":{"line":254,"column":57},"end":{"line":255,"column":null}},"type":"if","locations":[{"start":{"line":254,"column":57},"end":{"line":255,"column":null}},{"start":{},"end":{}}],"line":254}},"s":{"0":16,"1":8,"2":25,"3":25,"4":25,"5":25,"6":25,"7":25,"8":25,"9":2,"10":1,"11":1,"12":25,"13":2,"14":1,"15":1,"16":1,"17":25,"18":2,"19":1,"20":1,"21":1,"22":25,"23":2,"24":1,"25":1,"26":25,"27":2,"28":1,"29":1,"30":1,"31":25,"32":5,"33":5,"34":5,"35":5,"36":3,"37":5,"38":9,"39":7,"40":2,"41":1,"42":2,"43":1,"44":0,"45":10,"46":10,"47":10,"48":10,"49":10,"50":1,"51":1,"52":9,"53":9,"54":9,"55":9,"56":9,"57":0,"58":9,"59":9,"60":9,"61":9,"62":9,"63":9,"64":30,"65":30,"66":30,"67":30,"68":30,"69":30,"70":0,"71":30,"72":30,"73":30,"74":30,"75":30,"76":30,"77":30,"78":30,"79":9,"80":9,"81":10,"82":10,"83":4,"84":4,"85":6,"86":7,"87":5,"88":5,"89":5,"90":5,"91":10,"92":1,"93":8,"94":5,"95":5,"96":5,"97":20,"98":20,"99":20,"100":20,"101":20,"102":20,"103":0,"104":20,"105":0,"106":20,"107":0,"108":5,"109":30,"110":30},"f":{"0":16,"1":8,"2":25,"3":2,"4":2,"5":2,"6":2,"7":2,"8":1,"9":5,"10":9,"11":2,"12":2,"13":10,"14":9,"15":9,"16":4,"17":4,"18":6,"19":7,"20":5,"21":5,"22":5,"23":5,"24":10,"25":1,"26":8,"27":5,"28":30},"b":{"0":[25,24],"1":[1,1],"2":[1,1],"3":[1,1],"4":[1,1],"5":[1,1],"6":[1,0],"7":[1,0],"8":[0,1],"9":[1,0],"10":[2,3],"11":[5,3],"12":[7,2],"13":[9,8],"14":[1,1],"15":[1,1],"16":[0,10],"17":[1,9],"18":[9,0],"19":[0,30],"20":[0,0],"21":[16,14],"22":[9,0],"23":[10,10],"24":[0,20],"25":[0,20],"26":[0,20]},"meta":{"lastBranch":27,"lastFunction":29,"lastStatement":111,"seen":{"f:34:16:34:Infinity":0,"s:37:8:37:Infinity":0,"f:40:16:40:34":1,"s:41:8:41:Infinity":1,"f:44:16:44:31":2,"s:45:21:45:Infinity":2,"s:46:13:46:Infinity":3,"b:46:13:46:25:46:25:46:Infinity":0,"s:48:5:48:Infinity":4,"s:49:5:49:Infinity":5,"s:50:5:50:Infinity":6,"s:51:5:51:Infinity":7,"s:53:7:60:Infinity":8,"f:53:36:53:Infinity":3,"b:54:6:54:Infinity:undefined:undefined:undefined:undefined":1,"s:54:6:54:Infinity":9,"s:54:30:54:Infinity":10,"s:55:16:55:Infinity":11,"s:62:7:66:Infinity":12,"f:62:36:62:Infinity":4,"b:63:6:63:Infinity:undefined:undefined:undefined:undefined":2,"s:63:6:63:Infinity":13,"s:63:30:63:Infinity":14,"s:64:16:64:Infinity":15,"s:65:11:65:Infinity":16,"s:68:7:72:Infinity":17,"f:68:36:68:Infinity":5,"b:69:6:69:Infinity:undefined:undefined:undefined:undefined":3,"s:69:6:69:Infinity":18,"s:69:30:69:Infinity":19,"s:70:16:70:Infinity":20,"s:71:11:71:Infinity":21,"s:74:7:78:Infinity":22,"f:74:40:74:Infinity":6,"b:75:6:75:Infinity:undefined:undefined:undefined:undefined":4,"s:75:6:75:Infinity":23,"s:75:30:75:Infinity":24,"s:76:16:76:Infinity":25,"s:80:7:87:Infinity":26,"f:80:48:80:Infinity":7,"b:81:6:81:Infinity:undefined:undefined:undefined:undefined":5,"s:81:6:81:Infinity":27,"s:81:30:81:Infinity":28,"s:82:16:82:Infinity":29,"b:84:34:84:78:84:78:84:Infinity":6,"b:85:34:85:78:85:78:85:Infinity":7,"s:89:7:92:Infinity":30,"f:89:7:89:Infinity":8,"b:90:59:91:Infinity:92:5:92:Infinity":8,"b:89:7:90:27:90:22:90:Infinity":9,"s:95:7:102:Infinity":31,"f:95:43:95:Infinity":9,"s:96:8:96:Infinity":32,"s:97:8:97:Infinity":33,"b:97:39:97:66:97:66:97:Infinity":10,"s:98:11:100:Infinity":34,"s:98:15:98:18":35,"b:98:18:98:34:98:34:98:52":11,"s:99:3:99:Infinity":36,"s:101:9:101:Infinity":37,"f:104:10:104:19":10,"b:105:6:107:Infinity:undefined:undefined:undefined:undefined":12,"s:105:6:107:Infinity":38,"b:105:6:105:21:105:21:105:43":13,"s:106:3:106:Infinity":39,"f:110:10:110:21":11,"b:111:6:113:Infinity:undefined:undefined:undefined:undefined":14,"s:111:6:113:Infinity":40,"s:112:3:112:Infinity":41,"f:116:10:116:21":12,"b:117:6:119:Infinity:undefined:undefined:undefined:undefined":15,"s:117:6:119:Infinity":42,"s:118:3:118:Infinity":43,"f:122:16:122:26":13,"b:123:6:123:Infinity:undefined:undefined:undefined:undefined":16,"s:123:6:123:Infinity":44,"s:124:2:124:Infinity":45,"s:125:2:125:Infinity":46,"s:126:2:126:Infinity":47,"s:127:2:127:Infinity":48,"b:129:6:133:Infinity:undefined:undefined:undefined:undefined":17,"s:129:6:133:Infinity":49,"s:130:3:130:Infinity":50,"s:131:3:131:Infinity":51,"s:135:8:135:Infinity":52,"s:137:12:146:Infinity":53,"f:137:12:137:27":14,"s:138:9:144:Infinity":54,"f:138:9:138:23":15,"b:139:8:143:Infinity:141:11:143:Infinity":18,"s:139:8:143:Infinity":55,"s:140:5:140:Infinity":56,"s:142:5:142:Infinity":57,"s:145:3:145:Infinity":58,"s:148:8:148:Infinity":59,"s:149:21:149:Infinity":60,"s:150:8:150:Infinity":61,"s:152:11:183:Infinity":62,"s:152:15:152:18":63,"s:153:16:153:Infinity":64,"s:154:9:154:Infinity":65,"s:155:3:155:Infinity":66,"s:156:20:156:Infinity":67,"s:158:9:158:Infinity":68,"b:160:7:164:Infinity:162:10:164:Infinity":19,"s:160:7:164:Infinity":69,"s:161:4:161:Infinity":70,"b:161:37:161:45:161:37:161:Infinity":20,"s:163:4:163:Infinity":71,"s:165:26:165:Infinity":72,"b:165:36:165:47:165:36:165:Infinity":21,"s:166:16:166:Infinity":73,"s:167:9:167:Infinity":74,"s:168:19:168:Infinity":75,"s:170:3:178:Infinity":76,"s:181:3:181:Infinity":77,"s:182:3:182:Infinity":78,"s:185:2:185:Infinity":79,"s:186:2:186:Infinity":80,"b:186:40:186:44:186:40:186:Infinity":22,"s:187:2:187:Infinity":81,"s:188:2:188:Infinity":82,"f:192:6:192:20":16,"s:193:10:193:Infinity":83,"f:195:6:195:17":17,"s:196:10:196:Infinity":84,"f:198:6:198:14":18,"s:199:10:199:Infinity":85,"f:201:6:201:17":19,"s:202:10:202:Infinity":86,"f:204:6:204:17":20,"s:205:10:205:Infinity":87,"f:207:6:207:17":21,"s:208:10:208:Infinity":88,"f:210:6:210:21":22,"s:211:10:211:Infinity":89,"f:213:6:213:29":23,"s:214:10:214:Infinity":90,"f:216:6:216:25":24,"s:217:10:217:Infinity":91,"f:219:6:219:26":25,"s:220:10:220:Infinity":92,"f:222:6:222:24":26,"s:223:10:223:Infinity":93,"f:240:9:240:22":27,"s:241:7:243:Infinity":94,"s:246:10:256:Infinity":95,"s:246:14:246:17":96,"s:247:19:247:Infinity":97,"s:248:8:248:Infinity":98,"s:249:17:249:Infinity":99,"b:249:27:249:41:249:41:249:Infinity":23,"s:251:2:251:Infinity":100,"s:252:2:252:Infinity":101,"b:253:6:255:Infinity:253:52:255:Infinity":24,"s:253:6:255:Infinity":102,"s:253:45:253:Infinity":103,"b:253:52:255:Infinity:254:57:255:Infinity":25,"s:253:52:255:Infinity":104,"s:254:50:254:Infinity":105,"b:254:57:255:Infinity:undefined:undefined:undefined:undefined":26,"s:254:57:255:Infinity":106,"s:255:53:255:Infinity":107,"s:258:8:258:Infinity":108,"f:261:9:261:24":28,"s:262:7:270:Infinity":109,"s:272:8:272:Infinity":110}}}
,"/Users/jonathangadeaharder/Documents/projects/games/Chess/web/src/lib/board.svelte.ts": {"path":"/Users/jonathangadeaharder/Documents/projects/games/Chess/web/src/lib/board.svelte.ts","statementMap":{"0":{"start":{"line":26,"column":13},"end":{"line":31,"column":null}},"1":{"start":{"line":37,"column":13},"end":{"line":42,"column":null}},"2":{"start":{"line":49,"column":7},"end":{"line":49,"column":null}},"3":{"start":{"line":50,"column":18},"end":{"line":50,"column":null}},"4":{"start":{"line":51,"column":15},"end":{"line":51,"column":null}},"5":{"start":{"line":53,"column":1},"end":{"line":65,"column":null}},"6":{"start":{"line":54,"column":18},"end":{"line":54,"column":null}},"7":{"start":{"line":55,"column":13},"end":{"line":64,"column":null}},"8":{"start":{"line":56,"column":7},"end":{"line":63,"column":null}},"9":{"start":{"line":57,"column":17},"end":{"line":57,"column":null}},"10":{"start":{"line":58,"column":20},"end":{"line":58,"column":null}},"11":{"start":{"line":59,"column":4},"end":{"line":59,"column":null}},"12":{"start":{"line":60,"column":4},"end":{"line":60,"column":null}},"13":{"start":{"line":62,"column":4},"end":{"line":62,"column":null}},"14":{"start":{"line":67,"column":8},"end":{"line":67,"column":null}},"15":{"start":{"line":79,"column":14},"end":{"line":79,"column":null}},"16":{"start":{"line":80,"column":14},"end":{"line":80,"column":null}},"17":{"start":{"line":82,"column":5},"end":{"line":90,"column":null}},"18":{"start":{"line":83,"column":19},"end":{"line":83,"column":null}},"19":{"start":{"line":84,"column":18},"end":{"line":84,"column":null}},"20":{"start":{"line":85,"column":12},"end":{"line":85,"column":null}},"21":{"start":{"line":87,"column":19},"end":{"line":87,"column":null}},"22":{"start":{"line":88,"column":18},"end":{"line":88,"column":null}},"23":{"start":{"line":89,"column":12},"end":{"line":89,"column":null}},"24":{"start":{"line":101,"column":14},"end":{"line":101,"column":null}},"25":{"start":{"line":102,"column":14},"end":{"line":102,"column":null}},"26":{"start":{"line":104,"column":5},"end":{"line":114,"column":null}},"27":{"start":{"line":106,"column":3},"end":{"line":107,"column":null}},"28":{"start":{"line":111,"column":3},"end":{"line":112,"column":null}},"29":{"start":{"line":121,"column":7},"end":{"line":133,"column":null}},"30":{"start":{"line":135,"column":8},"end":{"line":135,"column":null}},"31":{"start":{"line":147,"column":10},"end":{"line":147,"column":null}},"32":{"start":{"line":158,"column":10},"end":{"line":158,"column":null}},"33":{"start":{"line":165,"column":8},"end":{"line":165,"column":null}},"34":{"start":{"line":172,"column":8},"end":{"line":172,"column":null}},"35":{"start":{"line":179,"column":8},"end":{"line":179,"column":null}},"36":{"start":{"line":186,"column":8},"end":{"line":186,"column":null}},"37":{"start":{"line":193,"column":8},"end":{"line":193,"column":null}},"38":{"start":{"line":200,"column":8},"end":{"line":200,"column":null}},"39":{"start":{"line":207,"column":8},"end":{"line":207,"column":null}},"40":{"start":{"line":207,"column":28},"end":{"line":207,"column":null}},"41":{"start":{"line":217,"column":8},"end":{"line":217,"column":null}},"42":{"start":{"line":217,"column":32},"end":{"line":217,"column":null}},"43":{"start":{"line":224,"column":8},"end":{"line":224,"column":null}},"44":{"start":{"line":231,"column":9},"end":{"line":231,"column":null}}},"fnMap":{"0":{"name":"fenToPieces","decl":{"start":{"line":48,"column":16},"end":{"line":48,"column":28}},"loc":{"start":{"line":48,"column":65},"end":{"line":68,"column":null}},"line":48},"1":{"name":"(anonymous_1)","decl":{"start":{"line":53,"column":7},"end":{"line":53,"column":16}},"loc":{"start":{"line":53,"column":36},"end":{"line":65,"column":2}},"line":53},"2":{"name":"getSquareFromCoords","decl":{"start":{"line":73,"column":16},"end":{"line":73,"column":null}},"loc":{"start":{"line":78,"column":10},"end":{"line":91,"column":null}},"line":78},"3":{"name":"getCoordsFromSquare","decl":{"start":{"line":96,"column":16},"end":{"line":96,"column":null}},"loc":{"start":{"line":100,"column":28},"end":{"line":115,"column":null}},"line":100},"4":{"name":"getPieceSymbol","decl":{"start":{"line":120,"column":16},"end":{"line":120,"column":31}},"loc":{"start":{"line":120,"column":54},"end":{"line":136,"column":null}},"line":120},"5":{"name":"createArrow","decl":{"start":{"line":141,"column":16},"end":{"line":141,"column":null}},"loc":{"start":{"line":146,"column":9},"end":{"line":148,"column":null}},"line":146},"6":{"name":"createHighlight","decl":{"start":{"line":153,"column":16},"end":{"line":153,"column":null}},"loc":{"start":{"line":157,"column":13},"end":{"line":159,"column":null}},"line":157},"7":{"name":"createBestMoveArrow","decl":{"start":{"line":164,"column":16},"end":{"line":164,"column":36}},"loc":{"start":{"line":164,"column":69},"end":{"line":166,"column":null}},"line":164},"8":{"name":"createAlternativeArrow","decl":{"start":{"line":171,"column":16},"end":{"line":171,"column":39}},"loc":{"start":{"line":171,"column":72},"end":{"line":173,"column":null}},"line":171},"9":{"name":"createBlunderArrow","decl":{"start":{"line":178,"column":16},"end":{"line":178,"column":35}},"loc":{"start":{"line":178,"column":68},"end":{"line":180,"column":null}},"line":178},"10":{"name":"createThreatArrow","decl":{"start":{"line":185,"column":16},"end":{"line":185,"column":34}},"loc":{"start":{"line":185,"column":67},"end":{"line":187,"column":null}},"line":185},"11":{"name":"createTargetHighlight","decl":{"start":{"line":192,"column":16},"end":{"line":192,"column":38}},"loc":{"start":{"line":192,"column":65},"end":{"line":194,"column":null}},"line":192},"12":{"name":"createDangerHighlight","decl":{"start":{"line":199,"column":16},"end":{"line":199,"column":38}},"loc":{"start":{"line":199,"column":65},"end":{"line":201,"column":null}},"line":199},"13":{"name":"createArrows","decl":{"start":{"line":206,"column":16},"end":{"line":206,"column":29}},"loc":{"start":{"line":206,"column":98},"end":{"line":208,"column":null}},"line":206},"14":{"name":"(anonymous_14)","decl":{"start":{"line":207,"column":14},"end":{"line":207,"column":19}},"loc":{"start":{"line":207,"column":28},"end":{"line":207,"column":null}},"line":207},"15":{"name":"createHighlights","decl":{"start":{"line":213,"column":16},"end":{"line":213,"column":null}},"loc":{"start":{"line":216,"column":15},"end":{"line":218,"column":null}},"line":216},"16":{"name":"(anonymous_16)","decl":{"start":{"line":217,"column":16},"end":{"line":217,"column":21}},"loc":{"start":{"line":217,"column":32},"end":{"line":217,"column":null}},"line":217},"17":{"name":"highlightLegalMoves","decl":{"start":{"line":223,"column":16},"end":{"line":223,"column":36}},"loc":{"start":{"line":223,"column":71},"end":{"line":225,"column":null}},"line":223},"18":{"name":"showBestMove","decl":{"start":{"line":230,"column":16},"end":{"line":230,"column":29}},"loc":{"start":{"line":230,"column":64},"end":{"line":232,"column":null}},"line":230},"19":{"name":"showThreat","decl":{"start":{"line":237,"column":16},"end":{"line":237,"column":27}},"loc":{"start":{"line":237,"column":99},"end":{"line":242,"column":null}},"line":237},"20":{"name":"compareMoves","decl":{"start":{"line":247,"column":16},"end":{"line":247,"column":null}},"loc":{"start":{"line":250,"column":11},"end":{"line":255,"column":null}},"line":250}},"branchMap":{"0":{"loc":{"start":{"line":56,"column":7},"end":{"line":63,"column":null}},"type":"if","locations":[{"start":{"line":56,"column":7},"end":{"line":63,"column":null}},{"start":{"line":61,"column":10},"end":{"line":63,"column":null}}],"line":56},"1":{"loc":{"start":{"line":82,"column":5},"end":{"line":90,"column":null}},"type":"if","locations":[{"start":{"line":82,"column":5},"end":{"line":90,"column":null}},{"start":{"line":86,"column":8},"end":{"line":90,"column":null}}],"line":82},"2":{"loc":{"start":{"line":104,"column":5},"end":{"line":114,"column":null}},"type":"if","locations":[{"start":{"line":104,"column":5},"end":{"line":114,"column":null}},{"start":{"line":109,"column":8},"end":{"line":114,"column":null}}],"line":104},"3":{"loc":{"start":{"line":135,"column":8},"end":{"line":135,"column":null}},"type":"binary-expr","locations":[{"start":{"line":135,"column":8},"end":{"line":135,"column":26}},{"start":{"line":135,"column":26},"end":{"line":135,"column":null}}],"line":135},"4":{"loc":{"start":{"line":144,"column":1},"end":{"line":144,"column":null}},"type":"default-arg","locations":[{"start":{"line":144,"column":17},"end":{"line":144,"column":null}}],"line":144},"5":{"loc":{"start":{"line":145,"column":1},"end":{"line":145,"column":null}},"type":"default-arg","locations":[{"start":{"line":145,"column":19},"end":{"line":145,"column":null}}],"line":145},"6":{"loc":{"start":{"line":155,"column":1},"end":{"line":155,"column":null}},"type":"default-arg","locations":[{"start":{"line":155,"column":17},"end":{"line":155,"column":null}}],"line":155},"7":{"loc":{"start":{"line":156,"column":1},"end":{"line":156,"column":null}},"type":"default-arg","locations":[{"start":{"line":156,"column":19},"end":{"line":156,"column":null}}],"line":156},"8":{"loc":{"start":{"line":215,"column":1},"end":{"line":215,"column":null}},"type":"default-arg","locations":[{"start":{"line":215,"column":17},"end":{"line":215,"column":null}}],"line":215}},"s":{"0":5,"1":5,"2":96,"3":96,"4":96,"5":96,"6":768,"7":768,"8":3335,"9":2836,"10":2836,"11":2836,"12":2836,"13":499,"14":96,"15":11,"16":11,"17":11,"18":2,"19":2,"20":2,"21":9,"22":9,"23":9,"24":21,"25":21,"26":21,"27":2,"28":19,"29":14,"30":14,"31":12,"32":12,"33":3,"34":1,"35":2,"36":2,"37":1,"38":2,"39":2,"40":2,"41":4,"42":7,"43":1,"44":1},"f":{"0":96,"1":768,"2":11,"3":21,"4":14,"5":12,"6":12,"7":3,"8":1,"9":2,"10":2,"11":1,"12":2,"13":2,"14":2,"15":4,"16":7,"17":1,"18":1,"19":1,"20":1},"b":{"0":[2836,499],"1":[2,9],"2":[2,19],"3":[14,2],"4":[12],"5":[12],"6":[12],"7":[12],"8":[4]},"meta":{"lastBranch":9,"lastFunction":21,"lastStatement":45,"seen":{"s:26:13:31:Infinity":0,"s:37:13:42:Infinity":1,"f:48:16:48:28":0,"s:49:7:49:Infinity":2,"s:50:18:50:Infinity":3,"s:51:15:51:Infinity":4,"s:53:1:65:Infinity":5,"f:53:7:53:16":1,"s:54:18:54:Infinity":6,"s:55:13:64:Infinity":7,"b:56:7:63:Infinity:61:10:63:Infinity":0,"s:56:7:63:Infinity":8,"s:57:17:57:Infinity":9,"s:58:20:58:Infinity":10,"s:59:4:59:Infinity":11,"s:60:4:60:Infinity":12,"s:62:4:62:Infinity":13,"s:67:8:67:Infinity":14,"f:73:16:73:Infinity":2,"s:79:14:79:Infinity":15,"s:80:14:80:Infinity":16,"b:82:5:90:Infinity:86:8:90:Infinity":1,"s:82:5:90:Infinity":17,"s:83:19:83:Infinity":18,"s:84:18:84:Infinity":19,"s:85:12:85:Infinity":20,"s:87:19:87:Infinity":21,"s:88:18:88:Infinity":22,"s:89:12:89:Infinity":23,"f:96:16:96:Infinity":3,"s:101:14:101:Infinity":24,"s:102:14:102:Infinity":25,"b:104:5:114:Infinity:109:8:114:Infinity":2,"s:104:5:114:Infinity":26,"s:106:3:107:Infinity":27,"s:111:3:112:Infinity":28,"f:120:16:120:31":4,"s:121:7:133:Infinity":29,"s:135:8:135:Infinity":30,"b:135:8:135:26:135:26:135:Infinity":3,"f:141:16:141:Infinity":5,"b:144:17:144:Infinity":4,"b:145:19:145:Infinity":5,"s:147:10:147:Infinity":31,"f:153:16:153:Infinity":6,"b:155:17:155:Infinity":6,"b:156:19:156:Infinity":7,"s:158:10:158:Infinity":32,"f:164:16:164:36":7,"s:165:8:165:Infinity":33,"f:171:16:171:39":8,"s:172:8:172:Infinity":34,"f:178:16:178:35":9,"s:179:8:179:Infinity":35,"f:185:16:185:34":10,"s:186:8:186:Infinity":36,"f:192:16:192:38":11,"s:193:8:193:Infinity":37,"f:199:16:199:38":12,"s:200:8:200:Infinity":38,"f:206:16:206:29":13,"s:207:8:207:Infinity":39,"f:207:14:207:19":14,"s:207:28:207:Infinity":40,"f:213:16:213:Infinity":15,"b:215:17:215:Infinity":8,"s:217:8:217:Infinity":41,"f:217:16:217:21":16,"s:217:32:217:Infinity":42,"f:223:16:223:36":17,"s:224:8:224:Infinity":43,"f:230:16:230:29":18,"s:231:9:231:Infinity":44,"f:237:16:237:27":19,"f:247:16:247:Infinity":20}}}
,"/Users/jonathangadeaharder/Documents/projects/games/Chess/web/src/lib/brand.ts": {"path":"/Users/jonathangadeaharder/Documents/projects/games/Chess/web/src/lib/brand.ts","statementMap":{"0":{"start":{"line":1,"column":21},"end":{"line":33,"column":null}}},"fnMap":{},"branchMap":{},"s":{"0":22},"f":{},"b":{},"meta":{"lastBranch":0,"lastFunction":0,"lastStatement":1,"seen":{"s:1:21:33:Infinity":0}}}
,"/Users/jonathangadeaharder/Documents/projects/games/Chess/web/src/lib/game.svelte.ts": {"path":"/Users/jonathangadeaharder/Documents/projects/games/Chess/web/src/lib/game.svelte.ts","statementMap":{"0":{"start":{"line":36,"column":20},"end":{"line":36,"column":null}},"1":{"start":{"line":39,"column":5},"end":{"line":39,"column":null}},"2":{"start":{"line":40,"column":5},"end":{"line":40,"column":null}},"3":{"start":{"line":41,"column":5},"end":{"line":41,"column":null}},"4":{"start":{"line":42,"column":5},"end":{"line":42,"column":null}},"5":{"start":{"line":43,"column":5},"end":{"line":43,"column":null}},"6":{"start":{"line":44,"column":5},"end":{"line":44,"column":null}},"7":{"start":{"line":46,"column":7},"end":{"line":49,"column":null}},"8":{"start":{"line":47,"column":2},"end":{"line":47,"column":null}},"9":{"start":{"line":48,"column":9},"end":{"line":48,"column":null}},"10":{"start":{"line":51,"column":7},"end":{"line":54,"column":null}},"11":{"start":{"line":52,"column":2},"end":{"line":52,"column":null}},"12":{"start":{"line":53,"column":9},"end":{"line":53,"column":null}},"13":{"start":{"line":56,"column":7},"end":{"line":59,"column":null}},"14":{"start":{"line":57,"column":2},"end":{"line":57,"column":null}},"15":{"start":{"line":58,"column":9},"end":{"line":58,"column":null}},"16":{"start":{"line":61,"column":7},"end":{"line":71,"column":null}},"17":{"start":{"line":62,"column":2},"end":{"line":62,"column":null}},"18":{"start":{"line":63,"column":9},"end":{"line":69,"column":null}},"19":{"start":{"line":63,"column":47},"end":{"line":69,"column":null}},"20":{"start":{"line":73,"column":7},"end":{"line":76,"column":null}},"21":{"start":{"line":74,"column":2},"end":{"line":74,"column":null}},"22":{"start":{"line":75,"column":9},"end":{"line":75,"column":null}},"23":{"start":{"line":78,"column":7},"end":{"line":81,"column":null}},"24":{"start":{"line":79,"column":2},"end":{"line":79,"column":null}},"25":{"start":{"line":80,"column":9},"end":{"line":80,"column":null}},"26":{"start":{"line":83,"column":7},"end":{"line":86,"column":null}},"27":{"start":{"line":84,"column":2},"end":{"line":84,"column":null}},"28":{"start":{"line":85,"column":9},"end":{"line":85,"column":null}},"29":{"start":{"line":88,"column":7},"end":{"line":91,"column":null}},"30":{"start":{"line":89,"column":2},"end":{"line":89,"column":null}},"31":{"start":{"line":90,"column":9},"end":{"line":90,"column":null}},"32":{"start":{"line":93,"column":7},"end":{"line":100,"column":null}},"33":{"start":{"line":94,"column":2},"end":{"line":94,"column":null}},"34":{"start":{"line":95,"column":7},"end":{"line":95,"column":null}},"35":{"start":{"line":95,"column":13},"end":{"line":95,"column":null}},"36":{"start":{"line":96,"column":6},"end":{"line":98,"column":null}},"37":{"start":{"line":97,"column":10},"end":{"line":97,"column":null}},"38":{"start":{"line":99,"column":9},"end":{"line":99,"column":null}},"39":{"start":{"line":103,"column":6},"end":{"line":113,"column":null}},"40":{"start":{"line":104,"column":16},"end":{"line":104,"column":null}},"41":{"start":{"line":105,"column":8},"end":{"line":105,"column":null}},"42":{"start":{"line":106,"column":3},"end":{"line":106,"column":null}},"43":{"start":{"line":107,"column":3},"end":{"line":107,"column":null}},"44":{"start":{"line":108,"column":3},"end":{"line":108,"column":null}},"45":{"start":{"line":109,"column":3},"end":{"line":109,"column":null}},"46":{"start":{"line":110,"column":10},"end":{"line":110,"column":null}},"47":{"start":{"line":112,"column":10},"end":{"line":112,"column":null}},"48":{"start":{"line":117,"column":6},"end":{"line":137,"column":null}},"49":{"start":{"line":118,"column":17},"end":{"line":118,"column":null}},"50":{"start":{"line":119,"column":7},"end":{"line":122,"column":null}},"51":{"start":{"line":120,"column":4},"end":{"line":120,"column":null}},"52":{"start":{"line":121,"column":4},"end":{"line":121,"column":null}},"53":{"start":{"line":121,"column":75},"end":{"line":121,"column":79}},"54":{"start":{"line":123,"column":2},"end":{"line":137,"column":null}},"55":{"start":{"line":124,"column":3},"end":{"line":124,"column":null}},"56":{"start":{"line":125,"column":3},"end":{"line":125,"column":null}},"57":{"start":{"line":126,"column":2},"end":{"line":137,"column":null}},"58":{"start":{"line":127,"column":3},"end":{"line":127,"column":null}},"59":{"start":{"line":129,"column":17},"end":{"line":129,"column":null}},"60":{"start":{"line":130,"column":7},"end":{"line":136,"column":null}},"61":{"start":{"line":131,"column":4},"end":{"line":131,"column":null}},"62":{"start":{"line":132,"column":4},"end":{"line":132,"column":null}},"63":{"start":{"line":132,"column":75},"end":{"line":132,"column":79}},"64":{"start":{"line":134,"column":4},"end":{"line":134,"column":null}},"65":{"start":{"line":135,"column":4},"end":{"line":135,"column":null}},"66":{"start":{"line":141,"column":2},"end":{"line":141,"column":null}},"67":{"start":{"line":142,"column":2},"end":{"line":142,"column":null}},"68":{"start":{"line":143,"column":2},"end":{"line":143,"column":null}},"69":{"start":{"line":144,"column":2},"end":{"line":144,"column":null}},"70":{"start":{"line":145,"column":2},"end":{"line":145,"column":null}},"71":{"start":{"line":149,"column":2},"end":{"line":149,"column":null}},"72":{"start":{"line":150,"column":2},"end":{"line":150,"column":null}},"73":{"start":{"line":151,"column":2},"end":{"line":151,"column":null}},"74":{"start":{"line":152,"column":2},"end":{"line":152,"column":null}},"75":{"start":{"line":153,"column":2},"end":{"line":153,"column":null}},"76":{"start":{"line":157,"column":17},"end":{"line":157,"column":null}},"77":{"start":{"line":158,"column":6},"end":{"line":161,"column":null}},"78":{"start":{"line":159,"column":3},"end":{"line":159,"column":null}},"79":{"start":{"line":160,"column":3},"end":{"line":160,"column":null}},"80":{"start":{"line":165,"column":6},"end":{"line":167,"column":null}},"81":{"start":{"line":166,"column":10},"end":{"line":166,"column":null}},"82":{"start":{"line":168,"column":9},"end":{"line":168,"column":null}},"83":{"start":{"line":172,"column":2},"end":{"line":172,"column":null}},"84":{"start":{"line":176,"column":8},"end":{"line":176,"column":null}},"85":{"start":{"line":177,"column":8},"end":{"line":177,"column":null}},"86":{"start":{"line":178,"column":8},"end":{"line":178,"column":null}},"87":{"start":{"line":179,"column":13},"end":{"line":187,"column":null}},"88":{"start":{"line":180,"column":14},"end":{"line":186,"column":null}},"89":{"start":{"line":181,"column":10},"end":{"line":181,"column":null}},"90":{"start":{"line":182,"column":18},"end":{"line":182,"column":null}},"91":{"start":{"line":183,"column":8},"end":{"line":185,"column":null}},"92":{"start":{"line":184,"column":5},"end":{"line":184,"column":null}},"93":{"start":{"line":188,"column":9},"end":{"line":188,"column":null}},"94":{"start":{"line":193,"column":10},"end":{"line":193,"column":null}},"95":{"start":{"line":196,"column":10},"end":{"line":196,"column":null}},"96":{"start":{"line":199,"column":10},"end":{"line":199,"column":null}},"97":{"start":{"line":202,"column":10},"end":{"line":202,"column":null}},"98":{"start":{"line":205,"column":10},"end":{"line":205,"column":null}},"99":{"start":{"line":208,"column":3},"end":{"line":208,"column":null}},"100":{"start":{"line":211,"column":10},"end":{"line":211,"column":null}},"101":{"start":{"line":214,"column":3},"end":{"line":214,"column":null}},"102":{"start":{"line":217,"column":10},"end":{"line":217,"column":null}},"103":{"start":{"line":220,"column":3},"end":{"line":220,"column":null}},"104":{"start":{"line":223,"column":10},"end":{"line":223,"column":null}},"105":{"start":{"line":226,"column":3},"end":{"line":226,"column":null}},"106":{"start":{"line":229,"column":10},"end":{"line":229,"column":null}},"107":{"start":{"line":232,"column":10},"end":{"line":232,"column":null}},"108":{"start":{"line":235,"column":10},"end":{"line":235,"column":null}},"109":{"start":{"line":238,"column":10},"end":{"line":238,"column":null}},"110":{"start":{"line":241,"column":10},"end":{"line":241,"column":null}}},"fnMap":{"0":{"name":"createGame","decl":{"start":{"line":38,"column":16},"end":{"line":38,"column":27}},"loc":{"start":{"line":38,"column":61},"end":{"line":252,"column":null}},"line":38},"1":{"name":"(anonymous_1)","decl":{"start":{"line":46,"column":31},"end":{"line":46,"column":null}},"loc":{"start":{"line":46,"column":31},"end":{"line":49,"column":2}},"line":46},"2":{"name":"(anonymous_2)","decl":{"start":{"line":51,"column":32},"end":{"line":51,"column":null}},"loc":{"start":{"line":51,"column":32},"end":{"line":54,"column":2}},"line":51},"3":{"name":"(anonymous_3)","decl":{"start":{"line":56,"column":38},"end":{"line":56,"column":null}},"loc":{"start":{"line":56,"column":38},"end":{"line":59,"column":2}},"line":56},"4":{"name":"(anonymous_4)","decl":{"start":{"line":61,"column":46},"end":{"line":61,"column":null}},"loc":{"start":{"line":61,"column":46},"end":{"line":71,"column":2}},"line":61},"5":{"name":"(anonymous_5)","decl":{"start":{"line":63,"column":42},"end":{"line":63,"column":47}},"loc":{"start":{"line":63,"column":47},"end":{"line":69,"column":null}},"line":63},"6":{"name":"(anonymous_6)","decl":{"start":{"line":73,"column":38},"end":{"line":73,"column":null}},"loc":{"start":{"line":73,"column":38},"end":{"line":76,"column":2}},"line":73},"7":{"name":"(anonymous_7)","decl":{"start":{"line":78,"column":35},"end":{"line":78,"column":null}},"loc":{"start":{"line":78,"column":35},"end":{"line":81,"column":2}},"line":78},"8":{"name":"(anonymous_8)","decl":{"start":{"line":83,"column":39},"end":{"line":83,"column":null}},"loc":{"start":{"line":83,"column":39},"end":{"line":86,"column":2}},"line":83},"9":{"name":"(anonymous_9)","decl":{"start":{"line":88,"column":39},"end":{"line":88,"column":null}},"loc":{"start":{"line":88,"column":39},"end":{"line":91,"column":2}},"line":88},"10":{"name":"(anonymous_10)","decl":{"start":{"line":93,"column":34},"end":{"line":93,"column":null}},"loc":{"start":{"line":93,"column":34},"end":{"line":100,"column":2}},"line":93},"11":{"name":"makeMove","decl":{"start":{"line":102,"column":10},"end":{"line":102,"column":19}},"loc":{"start":{"line":102,"column":79},"end":{"line":114,"column":null}},"line":102},"12":{"name":"selectSquare","decl":{"start":{"line":116,"column":10},"end":{"line":116,"column":23}},"loc":{"start":{"line":116,"column":45},"end":{"line":138,"column":null}},"line":116},"13":{"name":"(anonymous_13)","decl":{"start":{"line":121,"column":64},"end":{"line":121,"column":69}},"loc":{"start":{"line":121,"column":75},"end":{"line":121,"column":79}},"line":121},"14":{"name":"(anonymous_14)","decl":{"start":{"line":132,"column":64},"end":{"line":132,"column":69}},"loc":{"start":{"line":132,"column":75},"end":{"line":132,"column":79}},"line":132},"15":{"name":"resetGame","decl":{"start":{"line":140,"column":10},"end":{"line":140,"column":28}},"loc":{"start":{"line":140,"column":28},"end":{"line":146,"column":null}},"line":140},"16":{"name":"loadPosition","decl":{"start":{"line":148,"column":10},"end":{"line":148,"column":23}},"loc":{"start":{"line":148,"column":45},"end":{"line":154,"column":null}},"line":148},"17":{"name":"undoMove","decl":{"start":{"line":156,"column":10},"end":{"line":156,"column":27}},"loc":{"start":{"line":156,"column":27},"end":{"line":162,"column":null}},"line":156},"18":{"name":"getLegalMoves","decl":{"start":{"line":164,"column":10},"end":{"line":164,"column":24}},"loc":{"start":{"line":164,"column":51},"end":{"line":169,"column":null}},"line":164},"19":{"name":"setGameMode","decl":{"start":{"line":171,"column":10},"end":{"line":171,"column":22}},"loc":{"start":{"line":171,"column":44},"end":{"line":173,"column":null}},"line":171},"20":{"name":"getPieces","decl":{"start":{"line":175,"column":10},"end":{"line":175,"column":46}},"loc":{"start":{"line":175,"column":46},"end":{"line":189,"column":null}},"line":175},"21":{"name":"(anonymous_21)","decl":{"start":{"line":192,"column":6},"end":{"line":192,"column":12}},"loc":{"start":{"line":192,"column":12},"end":{"line":194,"column":null}},"line":192},"22":{"name":"(anonymous_22)","decl":{"start":{"line":195,"column":6},"end":{"line":195,"column":13}},"loc":{"start":{"line":195,"column":13},"end":{"line":197,"column":null}},"line":195},"23":{"name":"(anonymous_23)","decl":{"start":{"line":198,"column":6},"end":{"line":198,"column":19}},"loc":{"start":{"line":198,"column":19},"end":{"line":200,"column":null}},"line":198},"24":{"name":"(anonymous_24)","decl":{"start":{"line":201,"column":6},"end":{"line":201,"column":14}},"loc":{"start":{"line":201,"column":14},"end":{"line":203,"column":null}},"line":201},"25":{"name":"(anonymous_25)","decl":{"start":{"line":204,"column":6},"end":{"line":204,"column":23}},"loc":{"start":{"line":204,"column":23},"end":{"line":206,"column":null}},"line":204},"26":{"name":"(anonymous_26)","decl":{"start":{"line":207,"column":6},"end":{"line":207,"column":21}},"loc":{"start":{"line":207,"column":43},"end":{"line":209,"column":null}},"line":207},"27":{"name":"(anonymous_27)","decl":{"start":{"line":210,"column":6},"end":{"line":210,"column":27}},"loc":{"start":{"line":210,"column":27},"end":{"line":212,"column":null}},"line":210},"28":{"name":"(anonymous_28)","decl":{"start":{"line":213,"column":6},"end":{"line":213,"column":25}},"loc":{"start":{"line":213,"column":42},"end":{"line":215,"column":null}},"line":213},"29":{"name":"(anonymous_29)","decl":{"start":{"line":216,"column":6},"end":{"line":216,"column":19}},"loc":{"start":{"line":216,"column":19},"end":{"line":218,"column":null}},"line":216},"30":{"name":"(anonymous_30)","decl":{"start":{"line":219,"column":6},"end":{"line":219,"column":17}},"loc":{"start":{"line":219,"column":34},"end":{"line":221,"column":null}},"line":219},"31":{"name":"(anonymous_31)","decl":{"start":{"line":222,"column":6},"end":{"line":222,"column":17}},"loc":{"start":{"line":222,"column":17},"end":{"line":224,"column":null}},"line":222},"32":{"name":"(anonymous_32)","decl":{"start":{"line":225,"column":6},"end":{"line":225,"column":15}},"loc":{"start":{"line":225,"column":32},"end":{"line":227,"column":null}},"line":225},"33":{"name":"(anonymous_33)","decl":{"start":{"line":228,"column":6},"end":{"line":228,"column":19}},"loc":{"start":{"line":228,"column":19},"end":{"line":230,"column":null}},"line":228},"34":{"name":"(anonymous_34)","decl":{"start":{"line":231,"column":6},"end":{"line":231,"column":16}},"loc":{"start":{"line":231,"column":16},"end":{"line":233,"column":null}},"line":231},"35":{"name":"(anonymous_35)","decl":{"start":{"line":234,"column":6},"end":{"line":234,"column":20}},"loc":{"start":{"line":234,"column":20},"end":{"line":236,"column":null}},"line":234},"36":{"name":"(anonymous_36)","decl":{"start":{"line":237,"column":6},"end":{"line":237,"column":20}},"loc":{"start":{"line":237,"column":20},"end":{"line":239,"column":null}},"line":237},"37":{"name":"(anonymous_37)","decl":{"start":{"line":240,"column":6},"end":{"line":240,"column":15}},"loc":{"start":{"line":240,"column":15},"end":{"line":242,"column":null}},"line":240}},"branchMap":{"0":{"loc":{"start":{"line":38,"column":27},"end":{"line":38,"column":61}},"type":"default-arg","locations":[{"start":{"line":38,"column":48},"end":{"line":38,"column":61}}],"line":38},"1":{"loc":{"start":{"line":95,"column":7},"end":{"line":95,"column":null}},"type":"if","locations":[{"start":{"line":95,"column":7},"end":{"line":95,"column":null}},{"start":{},"end":{}}],"line":95},"2":{"loc":{"start":{"line":96,"column":6},"end":{"line":98,"column":null}},"type":"if","locations":[{"start":{"line":96,"column":6},"end":{"line":98,"column":null}},{"start":{},"end":{}}],"line":96},"3":{"loc":{"start":{"line":97,"column":10},"end":{"line":97,"column":null}},"type":"cond-expr","locations":[{"start":{"line":97,"column":33},"end":{"line":97,"column":41}},{"start":{"line":97,"column":41},"end":{"line":97,"column":null}}],"line":97},"4":{"loc":{"start":{"line":105,"column":8},"end":{"line":105,"column":null}},"type":"if","locations":[{"start":{"line":105,"column":8},"end":{"line":105,"column":null}},{"start":{},"end":{}}],"line":105},"5":{"loc":{"start":{"line":117,"column":6},"end":{"line":137,"column":null}},"type":"if","locations":[{"start":{"line":117,"column":6},"end":{"line":137,"column":null}},{"start":{"line":123,"column":2},"end":{"line":137,"column":null}}],"line":117},"6":{"loc":{"start":{"line":119,"column":7},"end":{"line":122,"column":null}},"type":"if","locations":[{"start":{"line":119,"column":7},"end":{"line":122,"column":null}},{"start":{},"end":{}}],"line":119},"7":{"loc":{"start":{"line":119,"column":7},"end":{"line":119,"column":46}},"type":"binary-expr","locations":[{"start":{"line":119,"column":7},"end":{"line":119,"column":16}},{"start":{"line":119,"column":7},"end":{"line":119,"column":46}}],"line":119},"8":{"loc":{"start":{"line":123,"column":2},"end":{"line":137,"column":null}},"type":"if","locations":[{"start":{"line":123,"column":2},"end":{"line":137,"column":null}},{"start":{"line":126,"column":2},"end":{"line":137,"column":null}}],"line":123},"9":{"loc":{"start":{"line":126,"column":2},"end":{"line":137,"column":null}},"type":"if","locations":[{"start":{"line":126,"column":2},"end":{"line":137,"column":null}},{"start":{"line":128,"column":9},"end":{"line":137,"column":null}}],"line":126},"10":{"loc":{"start":{"line":130,"column":7},"end":{"line":136,"column":null}},"type":"if","locations":[{"start":{"line":130,"column":7},"end":{"line":136,"column":null}},{"start":{"line":133,"column":10},"end":{"line":136,"column":null}}],"line":130},"11":{"loc":{"start":{"line":130,"column":7},"end":{"line":130,"column":46}},"type":"binary-expr","locations":[{"start":{"line":130,"column":7},"end":{"line":130,"column":16}},{"start":{"line":130,"column":7},"end":{"line":130,"column":46}}],"line":130},"12":{"loc":{"start":{"line":158,"column":6},"end":{"line":161,"column":null}},"type":"if","locations":[{"start":{"line":158,"column":6},"end":{"line":161,"column":null}},{"start":{},"end":{}}],"line":158},"13":{"loc":{"start":{"line":165,"column":6},"end":{"line":167,"column":null}},"type":"if","locations":[{"start":{"line":165,"column":6},"end":{"line":167,"column":null}},{"start":{},"end":{}}],"line":165},"14":{"loc":{"start":{"line":183,"column":8},"end":{"line":185,"column":null}},"type":"if","locations":[{"start":{"line":183,"column":8},"end":{"line":185,"column":null}},{"start":{},"end":{}}],"line":183},"15":{"loc":{"start":{"line":184,"column":14},"end":{"line":184,"column":null}},"type":"cond-expr","locations":[{"start":{"line":184,"column":40},"end":{"line":184,"column":67}},{"start":{"line":184,"column":67},"end":{"line":184,"column":null}}],"line":184}},"s":{"0":4,"1":110,"2":110,"3":110,"4":110,"5":110,"6":110,"7":110,"8":72,"9":72,"10":110,"11":41,"12":41,"13":110,"14":3,"15":3,"16":110,"17":72,"18":72,"19":5,"20":110,"21":30,"22":30,"23":110,"24":65,"25":65,"26":110,"27":2,"28":2,"29":110,"30":2,"31":2,"32":110,"33":4,"34":4,"35":2,"36":2,"37":1,"38":1,"39":20,"40":20,"41":0,"42":18,"43":18,"44":18,"45":18,"46":18,"47":2,"48":20,"49":16,"50":16,"51":14,"52":14,"53":32,"54":4,"55":1,"56":1,"57":3,"58":2,"59":1,"60":1,"61":1,"62":1,"63":2,"64":0,"65":0,"66":2,"67":2,"68":2,"69":2,"70":2,"71":3,"72":3,"73":3,"74":3,"75":3,"76":4,"77":4,"78":3,"79":3,"80":4,"81":3,"82":1,"83":5,"84":3,"85":3,"86":3,"87":3,"88":24,"89":192,"90":192,"91":192,"92":96,"93":3,"94":74,"95":84,"96":3,"97":168,"98":74,"99":0,"100":73,"101":0,"102":3,"103":0,"104":6,"105":0,"106":143,"107":63,"108":2,"109":2,"110":4},"f":{"0":110,"1":72,"2":41,"3":3,"4":72,"5":5,"6":30,"7":65,"8":2,"9":2,"10":4,"11":20,"12":20,"13":32,"14":2,"15":2,"16":3,"17":4,"18":4,"19":5,"20":3,"21":74,"22":84,"23":3,"24":168,"25":74,"26":0,"27":73,"28":0,"29":3,"30":0,"31":6,"32":0,"33":143,"34":63,"35":2,"36":2,"37":4},"b":{"0":[110],"1":[2,2],"2":[1,1],"3":[1,0],"4":[0,20],"5":[16,4],"6":[14,2],"7":[16,15],"8":[1,3],"9":[2,1],"10":[1,0],"11":[1,1],"12":[3,1],"13":[3,1],"14":[96,96],"15":[48,48]},"meta":{"lastBranch":16,"lastFunction":38,"lastStatement":111,"seen":{"s:36:20:36:Infinity":0,"f:38:16:38:27":0,"b:38:48:38:61":0,"s:39:5:39:Infinity":1,"s:40:5:40:Infinity":2,"s:41:5:41:Infinity":3,"s:42:5:42:Infinity":4,"s:43:5:43:Infinity":5,"s:44:5:44:Infinity":6,"s:46:7:49:Infinity":7,"f:46:31:46:Infinity":1,"s:47:2:47:Infinity":8,"s:48:9:48:Infinity":9,"s:51:7:54:Infinity":10,"f:51:32:51:Infinity":2,"s:52:2:52:Infinity":11,"s:53:9:53:Infinity":12,"s:56:7:59:Infinity":13,"f:56:38:56:Infinity":3,"s:57:2:57:Infinity":14,"s:58:9:58:Infinity":15,"s:61:7:71:Infinity":16,"f:61:46:61:Infinity":4,"s:62:2:62:Infinity":17,"s:63:9:69:Infinity":18,"f:63:42:63:47":5,"s:63:47:69:Infinity":19,"s:73:7:76:Infinity":20,"f:73:38:73:Infinity":6,"s:74:2:74:Infinity":21,"s:75:9:75:Infinity":22,"s:78:7:81:Infinity":23,"f:78:35:78:Infinity":7,"s:79:2:79:Infinity":24,"s:80:9:80:Infinity":25,"s:83:7:86:Infinity":26,"f:83:39:83:Infinity":8,"s:84:2:84:Infinity":27,"s:85:9:85:Infinity":28,"s:88:7:91:Infinity":29,"f:88:39:88:Infinity":9,"s:89:2:89:Infinity":30,"s:90:9:90:Infinity":31,"s:93:7:100:Infinity":32,"f:93:34:93:Infinity":10,"s:94:2:94:Infinity":33,"b:95:7:95:Infinity:undefined:undefined:undefined:undefined":1,"s:95:7:95:Infinity":34,"s:95:13:95:Infinity":35,"b:96:6:98:Infinity:undefined:undefined:undefined:undefined":2,"s:96:6:98:Infinity":36,"s:97:10:97:Infinity":37,"b:97:33:97:41:97:41:97:Infinity":3,"s:99:9:99:Infinity":38,"f:102:10:102:19":11,"s:103:6:113:Infinity":39,"s:104:16:104:Infinity":40,"b:105:8:105:Infinity:undefined:undefined:undefined:undefined":4,"s:105:8:105:Infinity":41,"s:106:3:106:Infinity":42,"s:107:3:107:Infinity":43,"s:108:3:108:Infinity":44,"s:109:3:109:Infinity":45,"s:110:10:110:Infinity":46,"s:112:10:112:Infinity":47,"f:116:10:116:23":12,"b:117:6:137:Infinity:123:2:137:Infinity":5,"s:117:6:137:Infinity":48,"s:118:17:118:Infinity":49,"b:119:7:122:Infinity:undefined:undefined:undefined:undefined":6,"s:119:7:122:Infinity":50,"b:119:7:119:16:119:7:119:46":7,"s:120:4:120:Infinity":51,"s:121:4:121:Infinity":52,"f:121:64:121:69":13,"s:121:75:121:79":53,"b:123:2:137:Infinity:126:2:137:Infinity":8,"s:123:2:137:Infinity":54,"s:124:3:124:Infinity":55,"s:125:3:125:Infinity":56,"b:126:2:137:Infinity:128:9:137:Infinity":9,"s:126:2:137:Infinity":57,"s:127:3:127:Infinity":58,"s:129:17:129:Infinity":59,"b:130:7:136:Infinity:133:10:136:Infinity":10,"s:130:7:136:Infinity":60,"b:130:7:130:16:130:7:130:46":11,"s:131:4:131:Infinity":61,"s:132:4:132:Infinity":62,"f:132:64:132:69":14,"s:132:75:132:79":63,"s:134:4:134:Infinity":64,"s:135:4:135:Infinity":65,"f:140:10:140:28":15,"s:141:2:141:Infinity":66,"s:142:2:142:Infinity":67,"s:143:2:143:Infinity":68,"s:144:2:144:Infinity":69,"s:145:2:145:Infinity":70,"f:148:10:148:23":16,"s:149:2:149:Infinity":71,"s:150:2:150:Infinity":72,"s:151:2:151:Infinity":73,"s:152:2:152:Infinity":74,"s:153:2:153:Infinity":75,"f:156:10:156:27":17,"s:157:17:157:Infinity":76,"b:158:6:161:Infinity:undefined:undefined:undefined:undefined":12,"s:158:6:161:Infinity":77,"s:159:3:159:Infinity":78,"s:160:3:160:Infinity":79,"f:164:10:164:24":18,"b:165:6:167:Infinity:undefined:undefined:undefined:undefined":13,"s:165:6:167:Infinity":80,"s:166:10:166:Infinity":81,"s:168:9:168:Infinity":82,"f:171:10:171:22":19,"s:172:2:172:Infinity":83,"f:175:10:175:46":20,"s:176:8:176:Infinity":84,"s:177:8:177:Infinity":85,"s:178:8:178:Infinity":86,"s:179:13:187:Infinity":87,"s:180:14:186:Infinity":88,"s:181:10:181:Infinity":89,"s:182:18:182:Infinity":90,"b:183:8:185:Infinity:undefined:undefined:undefined:undefined":14,"s:183:8:185:Infinity":91,"s:184:5:184:Infinity":92,"b:184:40:184:67:184:67:184:Infinity":15,"s:188:9:188:Infinity":93,"f:192:6:192:12":21,"s:193:10:193:Infinity":94,"f:195:6:195:13":22,"s:196:10:196:Infinity":95,"f:198:6:198:19":23,"s:199:10:199:Infinity":96,"f:201:6:201:14":24,"s:202:10:202:Infinity":97,"f:204:6:204:23":25,"s:205:10:205:Infinity":98,"f:207:6:207:21":26,"s:208:3:208:Infinity":99,"f:210:6:210:27":27,"s:211:10:211:Infinity":100,"f:213:6:213:25":28,"s:214:3:214:Infinity":101,"f:216:6:216:19":29,"s:217:10:217:Infinity":102,"f:219:6:219:17":30,"s:220:3:220:Infinity":103,"f:222:6:222:17":31,"s:223:10:223:Infinity":104,"f:225:6:225:15":32,"s:226:3:226:Infinity":105,"f:228:6:228:19":33,"s:229:10:229:Infinity":106,"f:231:6:231:16":34,"s:232:10:232:Infinity":107,"f:234:6:234:20":35,"s:235:10:235:Infinity":108,"f:237:6:237:20":36,"s:238:10:238:Infinity":109,"f:240:6:240:15":37,"s:241:10:241:Infinity":110}}}
,"/Users/jonathangadeaharder/Documents/projects/games/Chess/web/src/lib/positions.ts": {"path":"/Users/jonathangadeaharder/Documents/projects/games/Chess/web/src/lib/positions.ts","statementMap":{"0":{"start":{"line":6,"column":47},"end":{"line":36,"column":null}},"1":{"start":{"line":39,"column":48},"end":{"line":72,"column":null}}},"fnMap":{},"branchMap":{},"s":{"0":1,"1":1},"f":{},"b":{},"meta":{"lastBranch":0,"lastFunction":0,"lastStatement":2,"seen":{"s:6:47:36:Infinity":0,"s:39:48:72:Infinity":1}}}
,"/Users/jonathangadeaharder/Documents/projects/games/Chess/web/src/lib/stockfish.svelte.ts": {"path":"/Users/jonathangadeaharder/Documents/projects/games/Chess/web/src/lib/stockfish.svelte.ts","statementMap":{"0":{"start":{"line":81,"column":15},"end":{"line":81,"column":null}},"1":{"start":{"line":82,"column":18},"end":{"line":82,"column":null}},"2":{"start":{"line":83,"column":19},"end":{"line":83,"column":null}},"3":{"start":{"line":84,"column":7},"end":{"line":85,"column":null}},"4":{"start":{"line":86,"column":10},"end":{"line":86,"column":null}},"5":{"start":{"line":90,"column":6},"end":{"line":90,"column":null}},"6":{"start":{"line":90,"column":29},"end":{"line":90,"column":null}},"7":{"start":{"line":92,"column":20},"end":{"line":92,"column":null}},"8":{"start":{"line":93,"column":17},"end":{"line":93,"column":null}},"9":{"start":{"line":94,"column":19},"end":{"line":94,"column":null}},"10":{"start":{"line":95,"column":17},"end":{"line":95,"column":null}},"11":{"start":{"line":97,"column":6},"end":{"line":97,"column":null}},"12":{"start":{"line":99,"column":15},"end":{"line":99,"column":null}},"13":{"start":{"line":100,"column":15},"end":{"line":100,"column":null}},"14":{"start":{"line":101,"column":14},"end":{"line":101,"column":null}},"15":{"start":{"line":102,"column":12},"end":{"line":102,"column":null}},"16":{"start":{"line":104,"column":10},"end":{"line":104,"column":null}},"17":{"start":{"line":110,"column":5},"end":{"line":110,"column":null}},"18":{"start":{"line":110,"column":12},"end":{"line":110,"column":null}},"19":{"start":{"line":111,"column":5},"end":{"line":111,"column":null}},"20":{"start":{"line":111,"column":12},"end":{"line":111,"column":null}},"21":{"start":{"line":112,"column":5},"end":{"line":112,"column":null}},"22":{"start":{"line":112,"column":12},"end":{"line":112,"column":null}},"23":{"start":{"line":113,"column":5},"end":{"line":113,"column":null}},"24":{"start":{"line":113,"column":12},"end":{"line":113,"column":null}},"25":{"start":{"line":114,"column":5},"end":{"line":114,"column":null}},"26":{"start":{"line":114,"column":12},"end":{"line":114,"column":null}},"27":{"start":{"line":115,"column":5},"end":{"line":115,"column":null}},"28":{"start":{"line":115,"column":12},"end":{"line":115,"column":null}},"29":{"start":{"line":116,"column":8},"end":{"line":116,"column":null}},"30":{"start":{"line":120,"column":5},"end":{"line":120,"column":null}},"31":{"start":{"line":120,"column":19},"end":{"line":120,"column":null}},"32":{"start":{"line":121,"column":17},"end":{"line":121,"column":null}},"33":{"start":{"line":122,"column":18},"end":{"line":122,"column":null}},"34":{"start":{"line":123,"column":8},"end":{"line":123,"column":null}},"35":{"start":{"line":127,"column":7},"end":{"line":133,"column":null}},"36":{"start":{"line":135,"column":8},"end":{"line":135,"column":null}},"37":{"start":{"line":139,"column":8},"end":{"line":139,"column":null}},"38":{"start":{"line":143,"column":7},"end":{"line":151,"column":null}},"39":{"start":{"line":153,"column":8},"end":{"line":153,"column":null}},"40":{"start":{"line":157,"column":5},"end":{"line":157,"column":null}},"41":{"start":{"line":158,"column":5},"end":{"line":158,"column":null}},"42":{"start":{"line":159,"column":5},"end":{"line":159,"column":null}},"43":{"start":{"line":160,"column":5},"end":{"line":160,"column":null}},"44":{"start":{"line":161,"column":5},"end":{"line":161,"column":null}},"45":{"start":{"line":162,"column":5},"end":{"line":162,"column":null}},"46":{"start":{"line":164,"column":29},"end":{"line":164,"column":null}},"47":{"start":{"line":165,"column":41},"end":{"line":165,"column":null}},"48":{"start":{"line":166,"column":67},"end":{"line":166,"column":null}},"49":{"start":{"line":167,"column":64},"end":{"line":167,"column":null}},"50":{"start":{"line":168,"column":20},"end":{"line":168,"column":null}},"51":{"start":{"line":171,"column":5},"end":{"line":171,"column":null}},"52":{"start":{"line":174,"column":2},"end":{"line":174,"column":null}},"53":{"start":{"line":176,"column":2},"end":{"line":237,"column":null}},"54":{"start":{"line":177,"column":15},"end":{"line":177,"column":null}},"55":{"start":{"line":179,"column":11},"end":{"line":234,"column":null}},"56":{"start":{"line":181,"column":5},"end":{"line":181,"column":null}},"57":{"start":{"line":182,"column":9},"end":{"line":185,"column":null}},"58":{"start":{"line":183,"column":6},"end":{"line":183,"column":null}},"59":{"start":{"line":184,"column":6},"end":{"line":184,"column":null}},"60":{"start":{"line":189,"column":5},"end":{"line":189,"column":null}},"61":{"start":{"line":190,"column":20},"end":{"line":190,"column":null}},"62":{"start":{"line":191,"column":11},"end":{"line":198,"column":null}},"63":{"start":{"line":200,"column":5},"end":{"line":200,"column":null}},"64":{"start":{"line":201,"column":5},"end":{"line":201,"column":null}},"65":{"start":{"line":202,"column":5},"end":{"line":202,"column":null}},"66":{"start":{"line":203,"column":5},"end":{"line":203,"column":null}},"67":{"start":{"line":205,"column":9},"end":{"line":208,"column":null}},"68":{"start":{"line":206,"column":6},"end":{"line":206,"column":null}},"69":{"start":{"line":207,"column":6},"end":{"line":207,"column":null}},"70":{"start":{"line":209,"column":9},"end":{"line":218,"column":null}},"71":{"start":{"line":210,"column":6},"end":{"line":215,"column":null}},"72":{"start":{"line":217,"column":6},"end":{"line":217,"column":null}},"73":{"start":{"line":223,"column":20},"end":{"line":223,"column":null}},"74":{"start":{"line":224,"column":9},"end":{"line":229,"column":null}},"75":{"start":{"line":225,"column":6},"end":{"line":225,"column":null}},"76":{"start":{"line":226,"column":10},"end":{"line":226,"column":null}},"77":{"start":{"line":226,"column":38},"end":{"line":226,"column":null}},"78":{"start":{"line":227,"column":10},"end":{"line":227,"column":null}},"79":{"start":{"line":227,"column":37},"end":{"line":227,"column":null}},"80":{"start":{"line":228,"column":10},"end":{"line":228,"column":null}},"81":{"start":{"line":228,"column":32},"end":{"line":228,"column":null}},"82":{"start":{"line":234,"column":5},"end":{"line":234,"column":null}},"83":{"start":{"line":239,"column":2},"end":{"line":241,"column":null}},"84":{"start":{"line":240,"column":3},"end":{"line":240,"column":null}},"85":{"start":{"line":245,"column":7},"end":{"line":245,"column":null}},"86":{"start":{"line":246,"column":2},"end":{"line":246,"column":null}},"87":{"start":{"line":250,"column":6},"end":{"line":250,"column":null}},"88":{"start":{"line":251,"column":13},"end":{"line":253,"column":null}},"89":{"start":{"line":252,"column":3},"end":{"line":252,"column":null}},"90":{"start":{"line":257,"column":9},"end":{"line":269,"column":null}},"91":{"start":{"line":258,"column":3},"end":{"line":258,"column":null}},"92":{"start":{"line":259,"column":3},"end":{"line":259,"column":null}},"93":{"start":{"line":260,"column":3},"end":{"line":260,"column":null}},"94":{"start":{"line":261,"column":3},"end":{"line":261,"column":null}},"95":{"start":{"line":262,"column":3},"end":{"line":262,"column":null}},"96":{"start":{"line":264,"column":14},"end":{"line":268,"column":null}},"97":{"start":{"line":265,"column":4},"end":{"line":265,"column":null}},"98":{"start":{"line":266,"column":4},"end":{"line":266,"column":null}},"99":{"start":{"line":267,"column":4},"end":{"line":267,"column":null}},"100":{"start":{"line":276,"column":9},"end":{"line":291,"column":null}},"101":{"start":{"line":277,"column":20},"end":{"line":277,"column":null}},"102":{"start":{"line":278,"column":3},"end":{"line":278,"column":null}},"103":{"start":{"line":279,"column":3},"end":{"line":279,"column":null}},"104":{"start":{"line":280,"column":3},"end":{"line":280,"column":null}},"105":{"start":{"line":281,"column":3},"end":{"line":281,"column":null}},"106":{"start":{"line":282,"column":3},"end":{"line":282,"column":null}},"107":{"start":{"line":284,"column":3},"end":{"line":284,"column":null}},"108":{"start":{"line":285,"column":3},"end":{"line":285,"column":null}},"109":{"start":{"line":286,"column":3},"end":{"line":286,"column":null}},"110":{"start":{"line":288,"column":14},"end":{"line":290,"column":null}},"111":{"start":{"line":289,"column":4},"end":{"line":289,"column":null}},"112":{"start":{"line":299,"column":9},"end":{"line":362,"column":null}},"113":{"start":{"line":300,"column":11},"end":{"line":300,"column":null}},"114":{"start":{"line":301,"column":9},"end":{"line":301,"column":null}},"115":{"start":{"line":302,"column":9},"end":{"line":302,"column":null}},"116":{"start":{"line":303,"column":22},"end":{"line":303,"column":null}},"117":{"start":{"line":305,"column":9},"end":{"line":307,"column":null}},"118":{"start":{"line":310,"column":14},"end":{"line":346,"column":null}},"119":{"start":{"line":311,"column":10},"end":{"line":311,"column":null}},"120":{"start":{"line":312,"column":4},"end":{"line":312,"column":null}},"121":{"start":{"line":313,"column":21},"end":{"line":313,"column":null}},"122":{"start":{"line":315,"column":10},"end":{"line":315,"column":null}},"123":{"start":{"line":316,"column":10},"end":{"line":321,"column":null}},"124":{"start":{"line":322,"column":27},"end":{"line":322,"column":null}},"125":{"start":{"line":323,"column":17},"end":{"line":323,"column":null}},"126":{"start":{"line":324,"column":27},"end":{"line":324,"column":null}},"127":{"start":{"line":325,"column":20},"end":{"line":325,"column":null}},"128":{"start":{"line":327,"column":19},"end":{"line":327,"column":null}},"129":{"start":{"line":328,"column":4},"end":{"line":328,"column":null}},"130":{"start":{"line":329,"column":4},"end":{"line":329,"column":null}},"131":{"start":{"line":330,"column":8},"end":{"line":332,"column":null}},"132":{"start":{"line":330,"column":38},"end":{"line":330,"column":null}},"133":{"start":{"line":330,"column":45},"end":{"line":332,"column":null}},"134":{"start":{"line":331,"column":43},"end":{"line":331,"column":null}},"135":{"start":{"line":331,"column":50},"end":{"line":332,"column":null}},"136":{"start":{"line":332,"column":46},"end":{"line":332,"column":null}},"137":{"start":{"line":334,"column":4},"end":{"line":342,"column":null}},"138":{"start":{"line":345,"column":4},"end":{"line":345,"column":null}},"139":{"start":{"line":366,"column":6},"end":{"line":369,"column":null}},"140":{"start":{"line":367,"column":3},"end":{"line":367,"column":null}},"141":{"start":{"line":368,"column":3},"end":{"line":368,"column":null}},"142":{"start":{"line":373,"column":6},"end":{"line":378,"column":null}},"143":{"start":{"line":374,"column":3},"end":{"line":374,"column":null}},"144":{"start":{"line":375,"column":3},"end":{"line":375,"column":null}},"145":{"start":{"line":376,"column":3},"end":{"line":376,"column":null}},"146":{"start":{"line":377,"column":3},"end":{"line":377,"column":null}},"147":{"start":{"line":382,"column":2},"end":{"line":382,"column":null}},"148":{"start":{"line":386,"column":21},"end":{"line":386,"column":null}},"149":{"start":{"line":387,"column":2},"end":{"line":387,"column":null}},"150":{"start":{"line":388,"column":2},"end":{"line":388,"column":null}},"151":{"start":{"line":391,"column":1},"end":{"line":391,"column":null}},"152":{"start":{"line":395,"column":10},"end":{"line":395,"column":null}},"153":{"start":{"line":398,"column":10},"end":{"line":398,"column":null}},"154":{"start":{"line":401,"column":10},"end":{"line":401,"column":null}},"155":{"start":{"line":404,"column":10},"end":{"line":404,"column":null}},"156":{"start":{"line":407,"column":10},"end":{"line":407,"column":null}},"157":{"start":{"line":410,"column":10},"end":{"line":410,"column":null}}},"fnMap":{"0":{"name":"parseBestMove","decl":{"start":{"line":80,"column":16},"end":{"line":80,"column":30}},"loc":{"start":{"line":80,"column":60},"end":{"line":87,"column":null}},"line":80},"1":{"name":"parseInfoLine","decl":{"start":{"line":89,"column":16},"end":{"line":89,"column":30}},"loc":{"start":{"line":89,"column":63},"end":{"line":105,"column":null}},"line":89},"2":{"name":"classifyMove","decl":{"start":{"line":107,"column":16},"end":{"line":107,"column":null}},"loc":{"start":{"line":109,"column":82},"end":{"line":117,"column":null}},"line":109},"3":{"name":"calculateAccuracy","decl":{"start":{"line":119,"column":16},"end":{"line":119,"column":34}},"loc":{"start":{"line":119,"column":80},"end":{"line":124,"column":null}},"line":119},"4":{"name":"getDifficultySettings","decl":{"start":{"line":126,"column":16},"end":{"line":126,"column":38}},"loc":{"start":{"line":126,"column":91},"end":{"line":136,"column":null}},"line":126},"5":{"name":"uciToSquare","decl":{"start":{"line":138,"column":9},"end":{"line":138,"column":21}},"loc":{"start":{"line":138,"column":42},"end":{"line":140,"column":null}},"line":138},"6":{"name":"getMoveComment","decl":{"start":{"line":142,"column":9},"end":{"line":142,"column":24}},"loc":{"start":{"line":142,"column":94},"end":{"line":154,"column":null}},"line":142},"7":{"name":"createStockfish","decl":{"start":{"line":156,"column":16},"end":{"line":156,"column":34}},"loc":{"start":{"line":156,"column":34},"end":{"line":420,"column":null}},"line":156},"8":{"name":"initWorker","decl":{"start":{"line":173,"column":10},"end":{"line":173,"column":23}},"loc":{"start":{"line":173,"column":23},"end":{"line":242,"column":null}},"line":173},"9":{"name":"(anonymous_9)","decl":{"start":{"line":176,"column":9},"end":{"line":176,"column":22}},"loc":{"start":{"line":176,"column":57},"end":{"line":237,"column":null}},"line":176},"10":{"name":"(anonymous_10)","decl":{"start":{"line":239,"column":9},"end":{"line":239,"column":20}},"loc":{"start":{"line":239,"column":26},"end":{"line":241,"column":null}},"line":239},"11":{"name":"sendCommand","decl":{"start":{"line":244,"column":10},"end":{"line":244,"column":22}},"loc":{"start":{"line":244,"column":35},"end":{"line":247,"column":null}},"line":244},"12":{"name":"waitForReady","decl":{"start":{"line":249,"column":10},"end":{"line":249,"column":40}},"loc":{"start":{"line":249,"column":40},"end":{"line":254,"column":null}},"line":249},"13":{"name":"(anonymous_13)","decl":{"start":{"line":251,"column":13},"end":{"line":251,"column":22}},"loc":{"start":{"line":251,"column":34},"end":{"line":253,"column":3}},"line":251},"14":{"name":"analyze","decl":{"start":{"line":256,"column":10},"end":{"line":256,"column":18}},"loc":{"start":{"line":256,"column":76},"end":{"line":270,"column":null}},"line":256},"15":{"name":"(anonymous_15)","decl":{"start":{"line":257,"column":24},"end":{"line":257,"column":35}},"loc":{"start":{"line":257,"column":35},"end":{"line":269,"column":3}},"line":257},"16":{"name":"(anonymous_16)","decl":{"start":{"line":264,"column":14},"end":{"line":264,"column":41}},"loc":{"start":{"line":264,"column":53},"end":{"line":268,"column":4}},"line":264},"17":{"name":"getBestMove","decl":{"start":{"line":272,"column":10},"end":{"line":272,"column":null}},"loc":{"start":{"line":275,"column":27},"end":{"line":292,"column":null}},"line":275},"18":{"name":"(anonymous_18)","decl":{"start":{"line":276,"column":24},"end":{"line":276,"column":35}},"loc":{"start":{"line":276,"column":35},"end":{"line":291,"column":3}},"line":276},"19":{"name":"(anonymous_19)","decl":{"start":{"line":288,"column":14},"end":{"line":288,"column":38}},"loc":{"start":{"line":288,"column":50},"end":{"line":290,"column":4}},"line":288},"20":{"name":"analyzeGame","decl":{"start":{"line":294,"column":10},"end":{"line":294,"column":null}},"loc":{"start":{"line":298,"column":26},"end":{"line":363,"column":null}},"line":298},"21":{"name":"(anonymous_21)","decl":{"start":{"line":299,"column":24},"end":{"line":299,"column":41}},"loc":{"start":{"line":299,"column":41},"end":{"line":362,"column":3}},"line":299},"22":{"name":"stop","decl":{"start":{"line":365,"column":10},"end":{"line":365,"column":17}},"loc":{"start":{"line":365,"column":17},"end":{"line":370,"column":null}},"line":365},"23":{"name":"quit","decl":{"start":{"line":372,"column":10},"end":{"line":372,"column":17}},"loc":{"start":{"line":372,"column":17},"end":{"line":379,"column":null}},"line":372},"24":{"name":"setSkillLevel","decl":{"start":{"line":381,"column":10},"end":{"line":381,"column":24}},"loc":{"start":{"line":381,"column":39},"end":{"line":383,"column":null}},"line":381},"25":{"name":"setELO","decl":{"start":{"line":385,"column":10},"end":{"line":385,"column":17}},"l
[...]
{"line":53,"column":null}},"26":{"start":{"line":50,"column":3},"end":{"line":50,"column":null}},"27":{"start":{"line":52,"column":3},"end":{"line":52,"column":null}},"28":{"start":{"line":55,"column":2},"end":{"line":55,"column":null}},"29":{"start":{"line":64,"column":4},"end":{"line":64,"column":47}},"30":{"start":{"line":60,"column":1},"end":{"line":61,"column":null}},"31":{"start":{"line":61,"column":2},"end":{"line":61,"column":null}},"32":{"start":{"line":65,"column":5},"end":{"line":64,"column":47}},"33":{"start":{"line":66,"column":6},"end":{"line":65,"column":null}},"34":{"start":{"line":66,"column":3},"end":{"line":66,"column":null}},"35":{"start":{"line":67,"column":27},"end":{"line":67,"column":null}},"36":{"start":{"line":67,"column":27},"end":{"line":67,"column":66}},"37":{"start":{"line":67,"column":4},"end":{"line":67,"column":27}},"38":{"start":{"line":68,"column":4},"end":{"line":68,"column":null}},"39":{"start":{"line":69,"column":5},"end":{"line":69,"column":41}},"40":{"start":{"line":69,"column":4},"end":{"line":69,"column":41}},"41":{"start":{"line":75,"column":7},"end":{"line":75,"column":null}},"42":{"start":{"line":76,"column":6},"end":{"line":75,"column":null}},"43":{"start":{"line":76,"column":5},"end":{"line":76,"column":26}},"44":{"start":{"line":79,"column":5},"end":{"line":79,"column":null}},"45":{"start":{"line":79,"column":42},"end":{"line":79,"column":65}},"46":{"start":{"line":75,"column":4},"end":{"line":75,"column":null}},"47":{"start":{"line":76,"column":5},"end":{"line":76,"column":null}},"48":{"start":{"line":84,"column":8},"end":{"line":84,"column":37}},"49":{"start":{"line":84,"column":4},"end":{"line":84,"column":37}},"50":{"start":{"line":86,"column":9},"end":{"line":86,"column":null}},"51":{"start":{"line":87,"column":12},"end":{"line":86,"column":null}},"52":{"start":{"line":88,"column":7},"end":{"line":87,"column":50}},"53":{"start":{"line":88,"column":7},"end":{"line":88,"column":null}},"54":{"start":{"line":86,"column":6},"end":{"line":86,"column":null}},"55":{"start":{"line":87,"column":7},"end":{"line":87,"column":null}},"56":{"start":{"line":88,"column":7},"end":{"line":94,"column":null}},"57":{"start":{"line":91,"column":19},"end":{"line":91,"column":null}},"58":{"start":{"line":85,"column":9},"end":{"line":85,"column":null}},"59":{"start":{"line":85,"column":26},"end":{"line":85,"column":null}},"60":{"start":{"line":99,"column":8},"end":{"line":99,"column":null}},"61":{"start":{"line":100,"column":11},"end":{"line":99,"column":null}},"62":{"start":{"line":101,"column":6},"end":{"line":100,"column":43}},"63":{"start":{"line":101,"column":6},"end":{"line":101,"column":null}},"64":{"start":{"line":99,"column":5},"end":{"line":99,"column":null}},"65":{"start":{"line":111,"column":8},"end":{"line":99,"column":null}},"66":{"start":{"line":112,"column":11},"end":{"line":111,"column":null}},"67":{"start":{"line":113,"column":6},"end":{"line":112,"column":46}},"68":{"start":{"line":113,"column":6},"end":{"line":113,"column":null}},"69":{"start":{"line":111,"column":5},"end":{"line":111,"column":null}},"70":{"start":{"line":125,"column":7},"end":{"line":125,"column":41}},"71":{"start":{"line":125,"column":6},"end":{"line":125,"column":41}},"72":{"start":{"line":125,"column":6},"end":{"line":125,"column":60}},"73":{"start":{"line":125,"column":60},"end":{"line":125,"column":null}},"74":{"start":{"line":124,"column":9},"end":{"line":124,"column":null}},"75":{"start":{"line":124,"column":14},"end":{"line":124,"column":null}},"76":{"start":{"line":128,"column":5},"end":{"line":128,"column":null}},"77":{"start":{"line":128,"column":49},"end":{"line":128,"column":null}},"78":{"start":{"line":130,"column":5},"end":{"line":130,"column":null}},"79":{"start":{"line":141,"column":8},"end":{"line":130,"column":null}},"80":{"start":{"line":141,"column":5},"end":{"line":141,"column":null}},"81":{"start":{"line":143,"column":8},"end":{"line":143,"column":28}},"82":{"start":{"line":145,"column":14},"end":{"line":143,"column":28}},"83":{"start":{"line":143,"column":7},"end":{"line":143,"column":28}},"84":{"start":{"line":143,"column":7},"end":{"line":143,"column":null}},"85":{"start":{"line":145,"column":8},"end":{"line":145,"column":null}},"86":{"start":{"line":145,"column":8},"end":{"line":145,"column":112}},"87":{"start":{"line":145,"column":65},"end":{"line":145,"column":82}},"88":{"start":{"line":145,"column":82},"end":{"line":145,"column":96}},"89":{"start":{"line":150,"column":8},"end":{"line":150,"column":28}},"90":{"start":{"line":152,"column":14},"end":{"line":150,"column":28}},"91":{"start":{"line":150,"column":7},"end":{"line":150,"column":28}},"92":{"start":{"line":150,"column":7},"end":{"line":150,"column":null}},"93":{"start":{"line":152,"column":8},"end":{"line":152,"column":null}},"94":{"start":{"line":152,"column":8},"end":{"line":152,"column":111}},"95":{"start":{"line":152,"column":65},"end":{"line":152,"column":81}},"96":{"start":{"line":152,"column":81},"end":{"line":152,"column":95}},"97":{"start":{"line":142,"column":10},"end":{"line":142,"column":null}},"98":{"start":{"line":142,"column":26},"end":{"line":142,"column":null}},"99":{"start":{"line":100,"column":6},"end":{"line":100,"column":null}},"100":{"start":{"line":101,"column":6},"end":{"line":107,"column":null}},"101":{"start":{"line":112,"column":6},"end":{"line":112,"column":null}},"102":{"start":{"line":113,"column":6},"end":{"line":120,"column":null}},"103":{"start":{"line":130,"column":5},"end":{"line":134,"column":null}},"104":{"start":{"line":130,"column":5},"end":{"line":136,"column":null}},"105":{"start":{"line":84,"column":4},"end":{"line":84,"column":null}},"106":{"start":{"line":104,"column":18},"end":{"line":104,"column":null}},"107":{"start":{"line":116,"column":18},"end":{"line":116,"column":null}},"108":{"start":{"line":130,"column":5},"end":{"line":133,"column":null}},"109":{"start":{"line":74,"column":7},"end":{"line":74,"column":null}},"110":{"start":{"line":74,"column":20},"end":{"line":74,"column":null}},"111":{"start":{"line":65,"column":2},"end":{"line":65,"column":null}},"112":{"start":{"line":64,"column":1},"end":{"line":64,"column":47}},"113":{"start":{"line":64,"column":1},"end":{"line":64,"column":null}},"114":{"start":{"line":69,"column":4},"end":{"line":69,"column":null}},"115":{"start":{"line":70,"column":5},"end":{"line":70,"column":null}}},"fnMap":{"0":{"name":"_page","decl":{"start":{"line":1,"column":0},"end":{"line":1,"column":null}},"loc":{"start":{"line":1,"column":0},"end":{"line":58,"column":null}},"line":1},"1":{"name":"handleSubmit","decl":{"start":{"line":17,"column":15},"end":{"line":17,"column":27}},"loc":{"start":{"line":17,"column":38},"end":{"line":41,"column":null}},"line":17},"2":{"name":"handleMagicLink","decl":{"start":{"line":43,"column":15},"end":{"line":43,"column":30}},"loc":{"start":{"line":43,"column":33},"end":{"line":57,"column":null}},"line":43},"3":{"name":"(anonymous_3)","decl":{"start":{"line":60,"column":12},"end":{"line":60,"column":null}},"loc":{"start":{"line":60,"column":12},"end":{"line":61,"column":null}},"line":60},"4":{"name":"(anonymous_4)","decl":{"start":{"line":67,"column":27},"end":{"line":67,"column":40}},"loc":{"start":{"line":67,"column":27},"end":{"line":67,"column":66}},"line":67},"5":{"name":"(anonymous_5)","decl":{"start":{"line":67,"column":4},"end":{"line":67,"column":10}},"loc":{"start":{"line":67,"column":4},"end":{"line":67,"column":27}},"line":67},"6":{"name":"(anonymous_6)","decl":{"start":{"line":68,"column":4},"end":{"line":68,"column":12}},"loc":{"start":{"line":68,"column":4},"end":{"line":68,"column":null}},"line":68},"7":{"name":"(anonymous_7)","decl":{"start":{"line":79,"column":5},"end":{"line":79,"column":11}},"loc":{"start":{"line":79,"column":5},"end":{"line":79,"column":null}},"line":79},"8":{"name":"(anonymous_8)","decl":{"start":{"line":79,"column":40},"end":{"line":79,"column":42}},"loc":{"start":{"line":79,"column":40},"end":{"line":79,"column":66}},"line":79},"9":{"name":"(anonymous_9)","decl":{"start":{"line":76,"column":5},"end":{"line":76,"column":6}},"loc":{"start":{"line":76,"column":5},"end":{"line":76,"column":null}},"line":76},"10":{"name":"get","decl":{"start":{"line":91,"column":7},"end":{"line":91,"column":17}},"loc":{"start":{"line":91,"column":17},"end":{"line":91,"column":null}},"line":91},"11":{"name":"(anonymous_11)","decl":{"start":{"line":128,"column":5},"end":{"line":128,"column":11}},"loc":{"start":{"line":128,"column":5},"end":{"line":128,"column":null}},"line":128},"12":{"name":"(anonymous_12)","decl":{"start":{"line":128,"column":44},"end":{"line":128,"column":45}},"loc":{"start":{"line":128,"column":44},"end":{"line":128,"column":46}},"line":128},"13":{"name":"(anonymous_13)","decl":{"start":{"line":128,"column":49},"end":{"line":128,"column":56}},"loc":{"start":{"line":128,"column":49},"end":{"line":128,"column":null}},"line":128},"14":{"name":"click","decl":{"start":{"line":145,"column":14},"end":{"line":145,"column":63}},"loc":{"start":{"line":145,"column":63},"end":{"line":145,"column":97}},"line":145},"15":{"name":"click_1","decl":{"start":{"line":152,"column":14},"end":{"line":152,"column":63}},"loc":{"start":{"line":152,"column":63},"end":{"line":152,"column":96}},"line":152},"16":{"name":"get","decl":{"start":{"line":104,"column":6},"end":{"line":104,"column":16}},"loc":{"start":{"line":104,"column":16},"end":{"line":104,"column":null}},"line":104},"17":{"name":"get","decl":{"start":{"line":116,"column":6},"end":{"line":116,"column":16}},"loc":{"start":{"line":116,"column":16},"end":{"line":116,"column":null}},"line":116}},"branchMap":{"0":{"loc":{"start":{"line":23,"column":6},"end":{"line":37,"column":null}},"type":"if","locations":[{"start":{"line":23,"column":6},"end":{"line":37,"column":null}},{"start":{"line":30,"column":9},"end":{"line":37,"column":null}}],"line":23},"1":{"loc":{"start":{"line":25,"column":7},"end":{"line":29,"column":null}},"type":"if","locations":[{"start":{"line":25,"column":7},"end":{"line":29,"column":null}},{"start":{"line":27,"column":10},"end":{"line":29,"column":null}}],"line":25},"2":{"loc":{"start":{"line":32,"column":7},"end":{"line":36,"column":null}},"type":"if","locations":[{"start":{"line":32,"column":7},"end":{"line":36,"column":null}},{"start":{"line":34,"column":10},"end":{"line":36,"column":null}}],"line":32},"3":{"loc":{"start":{"line":49,"column":6},"end":{"line":53,"column":null}},"type":"if","locations":[{"start":{"line":49,"column":6},"end":{"line":53,"column":null}},{"start":{"line":51,"column":9},"end":{"line":53,"column":null}}],"line":49},"4":{"loc":{"start":{"line":61,"column":9},"end":{"line":61,"column":null}},"type":"binary-expr","locations":[{"start":{"line":61,"column":9},"end":{"line":61,"column":19}},{"start":{"line":61,"column":19},"end":{"line":61,"column":null}}],"line":61},"5":{"loc":{"start":{"line":67,"column":27},"end":{"line":67,"column":66}},"type":"cond-expr","locations":[{"start":{"line":67,"column":43},"end":{"line":67,"column":56}},{"start":{"line":67,"column":59},"end":{"line":67,"column":66}}],"line":67},"6":{"loc":{"start":{"line":85,"column":9},"end":{"line":85,"column":null}},"type":"if","locations":[{"start":{"line":85,"column":9},"end":{"line":85,"column":null}},{"start":{},"end":{}}],"line":85},"7":{"loc":{"start":{"line":124,"column":9},"end":{"line":124,"column":null}},"type":"if","locations":[{"start":{"line":124,"column":9},"end":{"line":124,"column":null}},{"start":{},"end":{}}],"line":124},"8":{"loc":{"start":{"line":128,"column":49},"end":{"line":128,"column":114}},"type":"cond-expr","locations":[{"start":{"line":128,"column":59},"end":{"line":128,"column":75}},{"start":{"line":128,"column":75},"end":{"line":128,"column":114}}],"line":128},"9":{"loc":{"start":{"line":128,"column":75},"end":{"line":128,"column":114}},"type":"cond-expr","locations":[{"start":{"line":128,"column":94},"end":{"line":128,"column":102}},{"start":{"line":128,"column":105},"end":{"line":128,"column":114}}],"line":128},"10":{"loc":{"start":{"line":142,"column":10},"end":{"line":142,"column":null}},"type":"if","locations":[{"start":{"line":142,"column":10},"end":{"line":142,"column":null}},{"start":{"line":142,"column":26},"end":{"line":142,"column":null}}],"line":142},"11":{"loc":{"start":{"line":130,"column":5},"end":{"line":134,"column":null}},"type":"binary-expr","locations":[{"start":{"line":130,"column":5},"end":{"line":134,"column":25}},{"start":{"line":134,"column":21},"end":{"line":134,"column":null}}],"line":130},"12":{"loc":{"start":{"line":74,"column":7},"end":{"line":74,"column":null}},"type":"if","locations":[{"start":{"line":74,"column":7},"end":{"line":74,"column":null}},{"start":{"line":74,"column":20},"end":{"line":74,"column":null}}],"line":74}},"s":{"0":11,"1":11,"2":11,"3":11,"4":11,"5":11,"6":11,"7":0,"8":0,"9":0,"10":0,"11":0,"12":0,"13":0,"14":0,"15":0,"16":0,"17":0,"18":0,"19":0,"20":0,"21":0,"22":0,"23":0,"24":0,"25":0,"26":0,"27":0,"28":0,"29":11,"30":11,"31":11,"32":11,"33":11,"34":11,"35":11,"36":11,"37":11,"38":11,"39":11,"40":11,"41":0,"42":0,"43":0,"44":0,"45":0,"46":0,"47":0,"48":11,"49":11,"50":3,"51":3,"52":3,"53":3,"54":3,"55":3,"56":3,"57":0,"58":15,"59":3,"60":11,"61":11,"62":11,"63":11,"64":11,"65":11,"66":11,"67":11,"68":11,"69":11,"70":0,"71":0,"72":0,"73":0,"74":11,"75":0,"76":11,"77":15,"78":11,"79":11,"80":11,"81":12,"82":12,"83":12,"84":12,"85":12,"86":12,"87":3,"88":3,"89":3,"90":3,"91":3,"92":3,"93":3,"94":3,"95":1,"96":1,"97":15,"98":3,"99":11,"100":11,"101":11,"102":11,"103":11,"104":11,"105":11,"106":0,"107":0,"108":11,"109":11,"110":11,"111":11,"112":11,"113":11,"114":11,"115":11},"f":{"0":11,"1":0,"2":0,"3":11,"4":11,"5":11,"6":11,"7":0,"8":0,"9":0,"10":6,"11":11,"12":0,"13":15,"14":3,"15":1,"16":22,"17":22},"b":{"0":[0,0],"1":[0,0],"2":[0,0],"3":[0,0],"4":[11,0],"5":[0,11],"6":[3,12],"7":[0,11],"8":[0,15],"9":[12,3],"10":[12,3],"11":[11,0],"12":[0,11]},"meta":{"lastBranch":0,"lastFunction":0,"lastStatement":0,"seen":{}}}
,"/Users/jonathangadeaharder/Documents/projects/games/Chess/web/src/routes/learn/+page.svelte": {"path":"/Users/jonathangadeaharder/Documents/projects/games/Chess/web/src/routes/learn/+page.svelte","statementMap":{"0":{"start":{"line":6,"column":1},"end":{"line":6,"column":null}},"1":{"start":{"line":10,"column":1},"end":{"line":11,"column":null}},"2":{"start":{"line":11,"column":2},"end":{"line":11,"column":null}},"3":{"start":{"line":14,"column":1},"end":{"line":14,"column":null}}},"fnMap":{"0":{"name":"_page","decl":{"start":{"line":1,"column":0},"end":{"line":1,"column":null}},"loc":{"start":{"line":1,"column":0},"end":{"line":8,"column":null}},"line":1},"1":{"name":"onOpenLesson","decl":{"start":{"line":5,"column":9},"end":{"line":5,"column":21}},"loc":{"start":{"line":5,"column":40},"end":{"line":7,"column":null}},"line":5},"2":{"name":"(anonymous_2)","decl":{"start":{"line":10,"column":12},"end":{"line":10,"column":null}},"loc":{"start":{"line":10,"column":12},"end":{"line":11,"column":null}},"line":10},"3":{"name":"(anonymous_3)","decl":{"start":{"line":14,"column":1},"end":{"line":14,"column":12}},"loc":{"start":{"line":14,"column":1},"end":{"line":14,"column":null}},"line":14}},"branchMap":{"0":{"loc":{"start":{"line":11,"column":9},"end":{"line":11,"column":null}},"type":"binary-expr","locations":[{"start":{"line":11,"column":9},"end":{"line":11,"column":19}},{"start":{"line":11,"column":19},"end":{"line":11,"column":null}}],"line":11}},"s":{"0":0,"1":4,"2":4,"3":4},"f":{"0":4,"1":0,"2":4,"3":4},"b":{"0":[4,0]},"meta":{"lastBranch":1,"lastFunction":4,"lastStatement":4,"seen":{"f:1:0:1:Infinity":0,"f:5:9:5:21":1,"s:6:1:6:Infinity":0,"s:10:1:11:Infinity":1,"f:10:12:10:Infinity":2,"s:11:2:11:Infinity":2,"b:11:9:11:19:11:19:11:Infinity":0,"s:14:1:14:Infinity":3,"f:14:1:14:12":3}}}
,"/Users/jonathangadeaharder/Documents/projects/games/Chess/web/src/routes/train/+page.svelte": {"path":"/Users/jonathangadeaharder/Documents/projects/games/Chess/web/src/routes/train/+page.svelte","statementMap":{"0":{"start":{"line":7,"column":1},"end":{"line":7,"column":null}},"1":{"start":{"line":11,"column":1},"end":{"line":11,"column":null}},"2":{"start":{"line":15,"column":1},"end":{"line":16,"column":null}},"3":{"start":{"line":16,"column":2},"end":{"line":16,"column":null}},"4":{"start":{"line":19,"column":1},"end":{"line":19,"column":null}}},"fnMap":{"0":{"name":"_page","decl":{"start":{"line":1,"column":0},"end":{"line":1,"column":null}},"loc":{"start":{"line":1,"column":0},"end":{"line":13,"column":null}},"line":1},"1":{"name":"onOpenPuzzle","decl":{"start":{"line":6,"column":9},"end":{"line":6,"column":21}},"loc":{"start":{"line":6,"column":40},"end":{"line":8,"column":null}},"line":6},"2":{"name":"onOpenScan","decl":{"start":{"line":10,"column":9},"end":{"line":10,"column":19}},"loc":{"start":{"line":10,"column":22},"end":{"line":12,"column":null}},"line":10},"3":{"name":"(anonymous_3)","decl":{"start":{"line":15,"column":12},"end":{"line":15,"column":null}},"loc":{"start":{"line":15,"column":12},"end":{"line":16,"column":null}},"line":15},"4":{"name":"(anonymous_4)","decl":{"start":{"line":19,"column":1},"end":{"line":19,"column":12}},"loc":{"start":{"line":19,"column":1},"end":{"line":19,"column":null}},"line":19}},"branchMap":{"0":{"loc":{"start":{"line":16,"column":9},"end":{"line":16,"column":null}},"type":"binary-expr","locations":[{"start":{"line":16,"column":9},"end":{"line":16,"column":19}},{"start":{"line":16,"column":19},"end":{"line":16,"column":null}}],"line":16}},"s":{"0":0,"1":0,"2":4,"3":4,"4":4},"f":{"0":4,"1":0,"2":0,"3":4,"4":4},"b":{"0":[4,0]},"meta":{"lastBranch":1,"lastFunction":5,"lastStatement":5,"seen":{"f:1:0:1:Infinity":0,"f:6:9:6:21":1,"s:7:1:7:Infinity":0,"f:10:9:10:19":2,"s:11:1:11:Infinity":1,"s:15:1:16:Infinity":2,"f:15:12:15:Infinity":3,"s:16:2:16:Infinity":3,"b:16:9:16:19:16:19:16:Infinity":0,"s:19:1:19:Infinity":4,"f:19:1:19:12":4}}}
,"/Users/jonathangadeaharder/Documents/projects/games/Chess/web/src/routes/you/+page.svelte": {"path":"/Users/jonathangadeaharder/Documents/projects/games/Chess/web/src/routes/you/+page.svelte","statementMap":{"0":{"start":{"line":6,"column":11},"end":{"line":6,"column":null}},"1":{"start":{"line":7,"column":14},"end":{"line":7,"column":null}},"2":{"start":{"line":10,"column":1},"end":{"line":10,"column":null}},"3":{"start":{"line":14,"column":1},"end":{"line":15,"column":null}},"4":{"start":{"line":15,"column":2},"end":{"line":15,"column":null}},"5":{"start":{"line":18,"column":1},"end":{"line":18,"column":null}}},"fnMap":{"0":{"name":"_page","decl":{"start":{"line":1,"column":0},"end":{"line":1,"column":null}},"loc":{"start":{"line":1,"column":0},"end":{"line":12,"column":null}},"line":1},"1":{"name":"onSettings","decl":{"start":{"line":9,"column":9},"end":{"line":9,"column":19}},"loc":{"start":{"line":9,"column":22},"end":{"line":11,"column":null}},"line":9},"2":{"name":"(anonymous_2)","decl":{"start":{"line":14,"column":12},"end":{"line":14,"column":null}},"loc":{"start":{"line":14,"column":12},"end":{"line":15,"column":null}},"line":14},"3":{"name":"(anonymous_3)","decl":{"start":{"line":18,"column":1},"end":{"line":18,"column":10}},"loc":{"start":{"line":18,"column":1},"end":{"line":18,"column":null}},"line":18}},"branchMap":{"0":{"loc":{"start":{"line":15,"column":9},"end":{"line":15,"column":null}},"type":"binary-expr","locations":[{"start":{"line":15,"column":9},"end":{"line":15,"column":19}},{"start":{"line":15,"column":19},"end":{"line":15,"column":null}}],"line":15}},"s":{"0":4,"1":4,"2":0,"3":4,"4":4,"5":4},"f":{"0":4,"1":0,"2":4,"3":4},"b":{"0":[4,0]},"meta":{"lastBranch":1,"lastFunction":4,"lastStatement":6,"seen":{"f:1:0:1:Infinity":0,"s:6:11:6:Infinity":0,"s:7:14:7:Infinity":1,"f:9:9:9:19":1,"s:10:1:10:Infinity":2,"s:14:1:15:Infinity":3,"f:14:12:14:Infinity":2,"s:15:2:15:Infinity":4,"b:15:9:15:19:15:19:15:Infinity":0,"s:18:1:18:Infinity":5,"f:18:1:18:10":3}}}
}
